#
# A fatal error has been detected by the Java Runtime Environment:
#
#  EXCEPTION_ACCESS_VIOLATION (0xc0000005) at pc=0x00007ffc7a998846, pid=11376, tid=10248
#
# JRE version: Java(TM) SE Runtime Environment (11.0.6+8) (build 11.0.6+8-LTS)
# Java VM: Java HotSpot(TM) 64-Bit Server VM (11.0.6+8-LTS, mixed mode, tiered, compressed oops, g1 gc, windows-amd64)
# Problematic frame:
# V  [jvm.dll+0x6c8846]
#
# No core dump will be written. Minidumps are not enabled by default on client versions of Windows
#
# If you would like to submit a bug report, please visit:
#   http://bugreport.java.com/bugreport/crash.jsp
#

---------------  S U M M A R Y ------------

Command Line: -Dcom.sun.management.jmxremote -Dcom.sun.management.jmxremote.port=62693 -Dcom.sun.management.jmxremote.authenticate=false -Dcom.sun.management.jmxremote.ssl=false -Djava.rmi.server.hostname=localhost -Dspring.jmx.enabled=true -Dspring.boot.project.name=cursomc -Dfile.encoding=UTF-8 com.jpv.cursomc.CursomcApplication --spring.output.ansi.enabled=always

Host: Intel(R) Core(TM) i5-3210M CPU @ 2.50GHz, 4 cores, 3G,  Windows 10 , 64 bit Build 19041 (10.0.19041.1566)
Time: Wed Mar 16 17:25:30 2022 Hora oficial do Brasil elapsed time: 4 seconds (0d 0h 0m 4s)

---------------  T H R E A D  ---------------

Current thread (0x0000022950c8d000):  WatcherThread [stack: 0x000000f4b6500000,0x000000f4b6600000] [id=10248]

Stack: [0x000000f4b6500000,0x000000f4b6600000],  sp=0x000000f4b65ff690,  free space=1021k
Native frames: (J=compiled Java code, j=interpreted, Vv=VM code, C=native code)
V  [jvm.dll+0x6c8846]
V  [jvm.dll+0x714d0d]
V  [jvm.dll+0x73ab89]
V  [jvm.dll+0x733905]
V  [jvm.dll+0x635846]
C  [ucrtbase.dll+0x21bb2]
C  [KERNEL32.DLL+0x17034]
C  [ntdll.dll+0x52651]


siginfo: EXCEPTION_ACCESS_VIOLATION (0xc0000005), reading address 0x0000000c0000000b


Register to memory mapping:

RIP=0x00007ffc7a998846 jvm.dll
RAX=0x0000000c0000000b is an unknown value
RBX=0x0 is NULL
RCX=0x000002294f7893a0 points into unknown readable memory: 48 5b ba 7a fc 7f 00 00
RDX=0x000000000000003a is an unknown value
RSP=0x000000f4b65ff690 points into unknown readable memory: 00 d0 c8 50 29 02 00 00
RBP=0x0000000000000002 is an unknown value
RSI=0x000002295084dc90 points into unknown readable memory: 0b 00 00 00 0c 00 00 00
RDI=0x0000000000000001 is an unknown value
R8 =0x0 is NULL
R9 =0x000002293b5f0b80 is at begin+0 in a stub
StubRoutines::atomic_cmpxchg_long [0x000002293b5f0b80, 0x000002293b5f0b89[ (9 bytes)
R10=0x0000000000000001 is an unknown value
R11=0x000002a733c81141 is an unknown value
R12=0x0 is NULL
R13=0x0000022950c8d000 points into unknown readable memory: a8 a3 ba 7a fc 7f 00 00
R14=0x000000000000003a is an unknown value
R15=0x00000229506bdf80 points into unknown readable memory: 00 00 00 00 00 00 00 00


Registers:
RAX=0x0000000c0000000b, RBX=0x0000000000000000, RCX=0x000002294f7893a0, RDX=0x000000000000003a
RSP=0x000000f4b65ff690, RBP=0x0000000000000002, RSI=0x000002295084dc90, RDI=0x0000000000000001
R8 =0x0000000000000000, R9 =0x000002293b5f0b80, R10=0x0000000000000001, R11=0x000002a733c81141
R12=0x0000000000000000, R13=0x0000022950c8d000, R14=0x000000000000003a, R15=0x00000229506bdf80
RIP=0x00007ffc7a998846, EFLAGS=0x0000000000010246

Top of Stack: (sp=0x000000f4b65ff690)
0x000000f4b65ff690:   0000022950c8d000 0000022950c8d000
0x000000f4b65ff6a0:   00017dffe2c77e80 00007ffc7a8d93a9
0x000000f4b65ff6b0:   00007ffc7ad457d8 00007ffc7a9e4d0d
0x000000f4b65ff6c0:   00000229332a3710 00000229332a3710
0x000000f4b65ff6d0:   00000229332a3710 431bde82d7b634db
0x000000f4b65ff6e0:   00000229506bdf80 00017dffe2c77e80
0x000000f4b65ff6f0:   00000229332a3710 00007ffc7aa0ab89
0x000000f4b65ff700:   0000000000000001 000000000000003a
0x000000f4b65ff710:   0000000000000032 0000000000000002
0x000000f4b65ff720:   0000000000000000 0000000000000000
0x000000f4b65ff730:   0000000000000000 00007ffcd9422630
0x000000f4b65ff740:   000000000000027f 0000000000000000
0x000000f4b65ff750:   0000000000000000 0000ffff00001f80
0x000000f4b65ff760:   0000022950c8d000 0000000000000000
0x000000f4b65ff770:   0000000000100000 000000f4b65ffa40
0x000000f4b65ff780:   000000f4b6500000 00007ffc7aa03905 

Instructions: (pc=0x00007ffc7a998846)
0x00007ffc7a998826:   cc cc cc cc cc cc cc cc cc cc 48 89 5c 24 10 56
0x00007ffc7a998836:   48 83 ec 20 48 8b 35 47 7e 3a 00 33 db 48 8b 06
0x00007ffc7a998846:   39 18 7e 27 48 89 7c 24 30 8b fb 48 8b 40 18 48
0x00007ffc7a998856:   8b 0c 07 48 8b 01 ff 50 08 48 8b 06 48 8d 7f 08 


Stack slot to memory mapping:
stack at sp + 0 slots: 0x0000022950c8d000 points into unknown readable memory: a8 a3 ba 7a fc 7f 00 00
stack at sp + 1 slots: 0x0000022950c8d000 points into unknown readable memory: a8 a3 ba 7a fc 7f 00 00
stack at sp + 2 slots: 0x00017dffe2c77e80 is an unknown value
stack at sp + 3 slots: 0x00007ffc7a8d93a9 jvm.dll
stack at sp + 4 slots: 0x00007ffc7ad457d8 jvm.dll
stack at sp + 5 slots: 0x00007ffc7a9e4d0d jvm.dll
stack at sp + 6 slots: 0x00000229332a3710 points into unknown readable memory: 01 00 00 00 00 00 00 00
stack at sp + 7 slots: 0x00000229332a3710 points into unknown readable memory: 01 00 00 00 00 00 00 00


---------------  P R O C E S S  ---------------

Threads class SMR info:
_java_thread_list=0x0000022950e65750, length=13, elements={
0x00000229332a5000, 0x000002294ed6e800, 0x000002294ed78000, 0x000002294f742800,
0x000002294f743800, 0x000002294ed8d000, 0x000002294edcb800, 0x000002294edce800,
0x0000022933329000, 0x000002294fa1c800, 0x0000022950e82000, 0x0000022950e70000,
0x0000022950a39800
}

Java Threads: ( => current thread )
  0x00000229332a5000 JavaThread "main" [_thread_in_native, id=2784, stack(0x000000f4b4f00000,0x000000f4b5000000)]
  0x000002294ed6e800 JavaThread "Reference Handler" daemon [_thread_blocked, id=9996, stack(0x000000f4b5700000,0x000000f4b5800000)]
  0x000002294ed78000 JavaThread "Finalizer" daemon [_thread_blocked, id=15288, stack(0x000000f4b5800000,0x000000f4b5900000)]
  0x000002294f742800 JavaThread "Signal Dispatcher" daemon [_thread_blocked, id=9872, stack(0x000000f4b5900000,0x000000f4b5a00000)]
  0x000002294f743800 JavaThread "Attach Listener" daemon [_thread_blocked, id=12856, stack(0x000000f4b5a00000,0x000000f4b5b00000)]
  0x000002294ed8d000 JavaThread "C2 CompilerThread0" daemon [_thread_blocked, id=16140, stack(0x000000f4b5b00000,0x000000f4b5c00000)]
  0x000002294edcb800 JavaThread "C1 CompilerThread0" daemon [_thread_blocked, id=17352, stack(0x000000f4b5c00000,0x000000f4b5d00000)]
  0x000002294edce800 JavaThread "Sweeper thread" daemon [_thread_blocked, id=10592, stack(0x000000f4b5d00000,0x000000f4b5e00000)]
  0x0000022933329000 JavaThread "Common-Cleaner" daemon [_thread_blocked, id=2428, stack(0x000000f4b5e00000,0x000000f4b5f00000)]
  0x000002294fa1c800 JavaThread "Service Thread" daemon [_thread_blocked, id=8316, stack(0x000000f4b5f00000,0x000000f4b6000000)]
  0x0000022950e82000 JavaThread "RMI TCP Accept-0" daemon [_thread_in_native, id=18604, stack(0x000000f4b6200000,0x000000f4b6300000)]
  0x0000022950e70000 JavaThread "RMI TCP Accept-62693" daemon [_thread_in_native, id=12276, stack(0x000000f4b6300000,0x000000f4b6400000)]
  0x0000022950a39800 JavaThread "RMI TCP Accept-0" daemon [_thread_in_native, id=6804, stack(0x000000f4b6400000,0x000000f4b6500000)]

Other Threads:
  0x000002294ed46800 VMThread "VM Thread" [stack: 0x000000f4b5600000,0x000000f4b5700000] [id=11164]
=>0x0000022950c8d000 WatcherThread [stack: 0x000000f4b6500000,0x000000f4b6600000] [id=10248]
  0x00000229332bd000 GCTaskThread "GC Thread#0" [stack: 0x000000f4b5100000,0x000000f4b5200000] [id=8036]
  0x000002295014d000 GCTaskThread "GC Thread#1" [stack: 0x000000f4b6100000,0x000000f4b6200000] [id=10496]
  0x00000229332d5800 ConcurrentGCThread "G1 Main Marker" [stack: 0x000000f4b5200000,0x000000f4b5300000] [id=18768]
  0x00000229332d7800 ConcurrentGCThread "G1 Conc#0" [stack: 0x000000f4b5300000,0x000000f4b5400000] [id=19392]
  0x000002293331d000 ConcurrentGCThread "G1 Refine#0" [stack: 0x000000f4b5400000,0x000000f4b5500000] [id=17356]
  0x000002293331e800 ConcurrentGCThread "G1 Young RemSet Sampling" [stack: 0x000000f4b5500000,0x000000f4b5600000] [id=13796]

Threads with active compile tasks:

VM state:not at safepoint (normal execution)

VM Mutex/Monitor currently owned by a thread:  ([mutex/lock_event])
[0x00000229332a3710] PeriodicTask_lock - owner thread: 0x0000022950c8d000

Heap address: 0x00000000c4a00000, size: 950 MB, Compressed Oops mode: 32-bit
Narrow klass base: 0x0000000000000000, Narrow klass shift: 3
Compressed class space size: 1073741824 Address: 0x0000000100000000

Heap:
 garbage-first heap   total 61440K, used 26371K [0x00000000c4a00000, 0x0000000100000000)
  region size 1024K, 4 young (4096K), 2 survivors (2048K)
 Metaspace       used 13003K, capacity 13392K, committed 13440K, reserved 1060864K
  class space    used 1293K, capacity 1404K, committed 1408K, reserved 1048576K
Heap Regions: E=young(eden), S=young(survivor), O=old, HS=humongous(starts), HC=humongous(continues), CS=collection set, F=free, A=archive, TAMS=top-at-mark-start (previous, next)
|   0|0x00000000c4a00000, 0x00000000c4b00000, 0x00000000c4b00000|100%|HS|  |TAMS 0x00000000c4a00000, 0x00000000c4a00000| Complete 
|   1|0x00000000c4b00000, 0x00000000c4c00000, 0x00000000c4c00000|100%| O|  |TAMS 0x00000000c4b00000, 0x00000000c4b00000| Untracked 
|   2|0x00000000c4c00000, 0x00000000c4d00000, 0x00000000c4d00000|100%| O|  |TAMS 0x00000000c4c00000, 0x00000000c4c00000| Untracked 
|   3|0x00000000c4d00000, 0x00000000c4e00000, 0x00000000c4e00000|100%| O|  |TAMS 0x00000000c4d00000, 0x00000000c4d00000| Untracked 
|   4|0x00000000c4e00000, 0x00000000c4f00000, 0x00000000c4f00000|100%| O|  |TAMS 0x00000000c4e00000, 0x00000000c4e00000| Untracked 
|   5|0x00000000c4f00000, 0x00000000c5000000, 0x00000000c5000000|100%| O|  |TAMS 0x00000000c4f00000, 0x00000000c4f00000| Untracked 
|   6|0x00000000c5000000, 0x00000000c5100000, 0x00000000c5100000|100%| O|  |TAMS 0x00000000c5000000, 0x00000000c5000000| Untracked 
|   7|0x00000000c5100000, 0x00000000c5200000, 0x00000000c5200000|100%| O|  |TAMS 0x00000000c5100000, 0x00000000c5100000| Untracked 
|   8|0x00000000c5200000, 0x00000000c5300000, 0x00000000c5300000|100%| O|  |TAMS 0x00000000c5200000, 0x00000000c5200000| Untracked 
|   9|0x00000000c5300000, 0x00000000c5400000, 0x00000000c5400000|100%| O|  |TAMS 0x00000000c5300000, 0x00000000c5300000| Untracked 
|  10|0x00000000c5400000, 0x00000000c5500000, 0x00000000c5500000|100%| O|  |TAMS 0x00000000c5400000, 0x00000000c5400000| Untracked 
|  11|0x00000000c5500000, 0x00000000c5600000, 0x00000000c5600000|100%| O|  |TAMS 0x00000000c5500000, 0x00000000c5500000| Untracked 
|  12|0x00000000c5600000, 0x00000000c5700000, 0x00000000c5700000|100%| O|  |TAMS 0x00000000c5600000, 0x00000000c5600000| Untracked 
|  13|0x00000000c5700000, 0x00000000c5800000, 0x00000000c5800000|100%| O|  |TAMS 0x00000000c5700000, 0x00000000c5700000| Untracked 
|  14|0x00000000c5800000, 0x00000000c5900000, 0x00000000c5900000|100%| O|  |TAMS 0x00000000c5800000, 0x00000000c5800000| Untracked 
|  15|0x00000000c5900000, 0x00000000c5a00000, 0x00000000c5a00000|100%| O|  |TAMS 0x00000000c5900000, 0x00000000c5900000| Untracked 
|  16|0x00000000c5a00000, 0x00000000c5b00000, 0x00000000c5b00000|100%| O|  |TAMS 0x00000000c5a00000, 0x00000000c5a00000| Untracked 
|  17|0x00000000c5b00000, 0x00000000c5c00000, 0x00000000c5c00000|100%| O|  |TAMS 0x00000000c5b00000, 0x00000000c5b00000| Untracked 
|  18|0x00000000c5c00000, 0x00000000c5d00000, 0x00000000c5d00000|100%| O|  |TAMS 0x00000000c5c00000, 0x00000000c5c00000| Untracked 
|  19|0x00000000c5d00000, 0x00000000c5e00000, 0x00000000c5e00000|100%| O|  |TAMS 0x00000000c5d00000, 0x00000000c5d00000| Untracked 
|  20|0x00000000c5e00000, 0x00000000c5f00000, 0x00000000c5f00000|100%| O|  |TAMS 0x00000000c5e00000, 0x00000000c5e00000| Untracked 
|  21|0x00000000c5f00000, 0x00000000c6000000, 0x00000000c6000000|100%| O|  |TAMS 0x00000000c5f00000, 0x00000000c5f00000| Untracked 
|  22|0x00000000c6000000, 0x00000000c60c0e00, 0x00000000c6100000| 75%| O|  |TAMS 0x00000000c6000000, 0x00000000c6000000| Untracked 
|  23|0x00000000c6100000, 0x00000000c6100000, 0x00000000c6200000|  0%| F|  |TAMS 0x00000000c6100000, 0x00000000c6100000| Untracked 
|  24|0x00000000c6200000, 0x00000000c6200000, 0x00000000c6300000|  0%| F|  |TAMS 0x00000000c6200000, 0x00000000c6200000| Untracked 
|  25|0x00000000c6300000, 0x00000000c6300000, 0x00000000c6400000|  0%| F|  |TAMS 0x00000000c6300000, 0x00000000c6300000| Untracked 
|  26|0x00000000c6400000, 0x00000000c6400000, 0x00000000c6500000|  0%| F|  |TAMS 0x00000000c6400000, 0x00000000c6400000| Untracked 
|  27|0x00000000c6500000, 0x00000000c6500000, 0x00000000c6600000|  0%| F|  |TAMS 0x00000000c6500000, 0x00000000c6500000| Untracked 
|  28|0x00000000c6600000, 0x00000000c6600000, 0x00000000c6700000|  0%| F|  |TAMS 0x00000000c6600000, 0x00000000c6600000| Untracked 
|  29|0x00000000c6700000, 0x00000000c6700000, 0x00000000c6800000|  0%| F|  |TAMS 0x00000000c6700000, 0x00000000c6700000| Untracked 
|  30|0x00000000c6800000, 0x00000000c6800000, 0x00000000c6900000|  0%| F|  |TAMS 0x00000000c6800000, 0x00000000c6800000| Untracked 
|  31|0x00000000c6900000, 0x00000000c6900000, 0x00000000c6a00000|  0%| F|  |TAMS 0x00000000c6900000, 0x00000000c6900000| Untracked 
|  32|0x00000000c6a00000, 0x00000000c6a00000, 0x00000000c6b00000|  0%| F|  |TAMS 0x00000000c6a00000, 0x00000000c6a00000| Untracked 
|  33|0x00000000c6b00000, 0x00000000c6b00000, 0x00000000c6c00000|  0%| F|  |TAMS 0x00000000c6b00000, 0x00000000c6b00000| Untracked 
|  34|0x00000000c6c00000, 0x00000000c6c00000, 0x00000000c6d00000|  0%| F|  |TAMS 0x00000000c6c00000, 0x00000000c6c00000| Untracked 
|  35|0x00000000c6d00000, 0x00000000c6d00000, 0x00000000c6e00000|  0%| F|  |TAMS 0x00000000c6d00000, 0x00000000c6d00000| Untracked 
|  36|0x00000000c6e00000, 0x00000000c6e00000, 0x00000000c6f00000|  0%| F|  |TAMS 0x00000000c6e00000, 0x00000000c6e00000| Untracked 
|  37|0x00000000c6f00000, 0x00000000c6f00000, 0x00000000c7000000|  0%| F|  |TAMS 0x00000000c6f00000, 0x00000000c6f00000| Untracked 
|  38|0x00000000c7000000, 0x00000000c7000000, 0x00000000c7100000|  0%| F|  |TAMS 0x00000000c7000000, 0x00000000c7000000| Untracked 
|  39|0x00000000c7100000, 0x00000000c7100000, 0x00000000c7200000|  0%| F|  |TAMS 0x00000000c7100000, 0x00000000c7100000| Untracked 
|  40|0x00000000c7200000, 0x00000000c7200000, 0x00000000c7300000|  0%| F|  |TAMS 0x00000000c7200000, 0x00000000c7200000| Untracked 
|  41|0x00000000c7300000, 0x00000000c7300000, 0x00000000c7400000|  0%| F|  |TAMS 0x00000000c7300000, 0x00000000c7300000| Untracked 
|  42|0x00000000c7400000, 0x00000000c7400000, 0x00000000c7500000|  0%| F|  |TAMS 0x00000000c7400000, 0x00000000c7400000| Untracked 
|  43|0x00000000c7500000, 0x00000000c7500000, 0x00000000c7600000|  0%| F|  |TAMS 0x00000000c7500000, 0x00000000c7500000| Untracked 
|  44|0x00000000c7600000, 0x00000000c7600000, 0x00000000c7700000|  0%| F|  |TAMS 0x00000000c7600000, 0x00000000c7600000| Untracked 
|  45|0x00000000c7700000, 0x00000000c7700000, 0x00000000c7800000|  0%| F|  |TAMS 0x00000000c7700000, 0x00000000c7700000| Untracked 
|  46|0x00000000c7800000, 0x00000000c7900000, 0x00000000c7900000|100%| S|CS|TAMS 0x00000000c7800000, 0x00000000c7800000| Complete 
|  47|0x00000000c7900000, 0x00000000c7a00000, 0x00000000c7a00000|100%| S|CS|TAMS 0x00000000c7900000, 0x00000000c7900000| Complete 
|  48|0x00000000c7a00000, 0x00000000c7a00000, 0x00000000c7b00000|  0%| F|  |TAMS 0x00000000c7a00000, 0x00000000c7a00000| Untracked 
|  49|0x00000000c7b00000, 0x00000000c7b00000, 0x00000000c7c00000|  0%| F|  |TAMS 0x00000000c7b00000, 0x00000000c7b00000| Untracked 
|  50|0x00000000c7c00000, 0x00000000c7c00000, 0x00000000c7d00000|  0%| F|  |TAMS 0x00000000c7c00000, 0x00000000c7c00000| Untracked 
|  51|0x00000000c7d00000, 0x00000000c7d00000, 0x00000000c7e00000|  0%| F|  |TAMS 0x00000000c7d00000, 0x00000000c7d00000| Untracked 
|  52|0x00000000c7e00000, 0x00000000c7e00000, 0x00000000c7f00000|  0%| F|  |TAMS 0x00000000c7e00000, 0x00000000c7e00000| Untracked 
|  53|0x00000000c7f00000, 0x00000000c7f00000, 0x00000000c8000000|  0%| F|  |TAMS 0x00000000c7f00000, 0x00000000c7f00000| Untracked 
|  54|0x00000000c8000000, 0x00000000c8000000, 0x00000000c8100000|  0%| F|  |TAMS 0x00000000c8000000, 0x00000000c8000000| Untracked 
|  55|0x00000000c8100000, 0x00000000c8100000, 0x00000000c8200000|  0%| F|  |TAMS 0x00000000c8100000, 0x00000000c8100000| Untracked 
|  56|0x00000000c8200000, 0x00000000c8200000, 0x00000000c8300000|  0%| F|  |TAMS 0x00000000c8200000, 0x00000000c8200000| Untracked 
|  57|0x00000000c8300000, 0x00000000c8300000, 0x00000000c8400000|  0%| F|  |TAMS 0x00000000c8300000, 0x00000000c8300000| Untracked 
|  58|0x00000000c8400000, 0x00000000c84b6688, 0x00000000c8500000| 71%| E|  |TAMS 0x00000000c8400000, 0x00000000c8400000| Complete 
|  59|0x00000000c8500000, 0x00000000c8600000, 0x00000000c8600000|100%| E|CS|TAMS 0x00000000c8500000, 0x00000000c8500000| Complete 

Card table byte_map: [0x000002294a5f0000,0x000002294a7d0000] _byte_map_base: 0x0000022949fcb000

Marking Bits (Prev, Next): (CMBitMap*) 0x00000229332d0f08, (CMBitMap*) 0x00000229332d0f40
 Prev Bits: [0x000002294a9b0000, 0x000002294b888000)
 Next Bits: [0x000002294b890000, 0x000002294c768000)

Polling page: 0x0000022931090000

Metaspace:

Usage:
  Non-class:     11.71 MB capacity,    11.44 MB ( 98%) used,   247.57 KB (  2%) free+waste,    30.56 KB ( <1%) overhead. 
      Class:      1.37 MB capacity,     1.26 MB ( 92%) used,    95.97 KB (  7%) free+waste,    14.81 KB (  1%) overhead. 
       Both:     13.08 MB capacity,    12.70 MB ( 97%) used,   343.54 KB (  3%) free+waste,    45.38 KB ( <1%) overhead. 

Virtual space:
  Non-class space:       12.00 MB reserved,      11.75 MB ( 98%) committed 
      Class space:        1.00 GB reserved,       1.38 MB ( <1%) committed 
             Both:        1.01 GB reserved,      13.13 MB (  1%) committed 

Chunk freelists:
   Non-Class:  5.50 KB
       Class:  512 bytes
        Both:  6.00 KB

CodeHeap 'non-profiled nmethods': size=120064Kb used=420Kb max_used=420Kb free=119643Kb
 bounds [0x00000229430b0000, 0x0000022943320000, 0x000002294a5f0000]
CodeHeap 'profiled nmethods': size=120000Kb used=2209Kb max_used=2209Kb free=117791Kb
 bounds [0x000002293bb80000, 0x000002293bdf0000, 0x00000229430b0000]
CodeHeap 'non-nmethods': size=5696Kb used=1102Kb max_used=1119Kb free=4593Kb
 bounds [0x000002293b5f0000, 0x000002293b860000, 0x000002293bb80000]
 total_blobs=1873 nmethods=1205 adapters=325
 compilation: enabled
              stopped_count=0, restarted_count=0
 full_count=0

Compilation events (10 events):
Event: 4.081 Thread 0x000002294edcb800 1203       3       java.lang.String::<init> (55 bytes)
Event: 4.082 Thread 0x000002294edcb800 nmethod 1203 0x000002293bda7c90 code [0x000002293bda7e80, 0x000002293bda8250]
Event: 4.082 Thread 0x000002294edcb800 1204       1       jdk.internal.loader.URLClassPath$Loader::getBaseURL (5 bytes)
Event: 4.082 Thread 0x000002294edcb800 nmethod 1204 0x0000022943116b90 code [0x0000022943116d40, 0x0000022943116e58]
Event: 4.085 Thread 0x000002294ed8d000 nmethod 1188 0x0000022943116f10 code [0x00000229431170e0, 0x0000022943117b78]
Event: 4.085 Thread 0x000002294ed8d000 1198 %     4       java.lang.StringLatin1::indexOf @ 30 (121 bytes)
Event: 4.091 Thread 0x000002294edcb800 1205       1       java.security.CodeSource::getLocationNoFragString (5 bytes)
Event: 4.091 Thread 0x000002294edcb800 nmethod 1205 0x0000022943118210 code [0x00000229431183c0, 0x00000229431184d8]
Event: 4.092 Thread 0x000002294ed8d000 nmethod 1198% 0x0000022943118590 code [0x0000022943118740, 0x0000022943118ab8]
Event: 4.092 Thread 0x000002294ed8d000 1161       4       java.lang.invoke.LambdaForm$Name::useCount (42 bytes)

GC Heap History (6 events):
Event: 1.882 GC heap before
{Heap before GC invocations=0 (full 0):
 garbage-first heap   total 61440K, used 14336K [0x00000000c4a00000, 0x0000000100000000)
  region size 1024K, 14 young (14336K), 0 survivors (0K)
 Metaspace       used 6416K, capacity 6494K, committed 6784K, reserved 1056768K
  class space    used 543K, capacity 567K, committed 640K, reserved 1048576K
}
Event: 1.898 GC heap after
{Heap after GC invocations=1 (full 0):
 garbage-first heap   total 61440K, used 11885K [0x00000000c4a00000, 0x0000000100000000)
  region size 1024K, 2 young (2048K), 2 survivors (2048K)
 Metaspace       used 6416K, capacity 6494K, committed 6784K, reserved 1056768K
  class space    used 543K, capacity 567K, committed 640K, reserved 1048576K
}
Event: 2.069 GC heap before
{Heap before GC invocations=1 (full 0):
 garbage-first heap   total 61440K, used 19053K [0x00000000c4a00000, 0x0000000100000000)
  region size 1024K, 10 young (10240K), 2 survivors (2048K)
 Metaspace       used 6459K, capacity 6494K, committed 6784K, reserved 1056768K
  class space    used 543K, capacity 567K, committed 640K, reserved 1048576K
}
Event: 2.076 GC heap after
{Heap after GC invocations=2 (full 0):
 garbage-first heap   total 61440K, used 19452K [0x00000000c4a00000, 0x0000000100000000)
  region size 1024K, 2 young (2048K), 2 survivors (2048K)
 Metaspace       used 6459K, capacity 6494K, committed 6784K, reserved 1056768K
  class space    used 543K, capacity 567K, committed 640K, reserved 1048576K
}
Event: 4.003 GC heap before
{Heap before GC invocations=2 (full 0):
 garbage-first heap   total 61440K, used 29692K [0x00000000c4a00000, 0x0000000100000000)
  region size 1024K, 12 young (12288K), 2 survivors (2048K)
 Metaspace       used 12507K, capacity 12805K, committed 12928K, reserved 1060864K
  class space    used 1244K, capacity 1354K, committed 1408K, reserved 1048576K
}
Event: 4.010 GC heap after
{Heap after GC invocations=3 (full 0):
 garbage-first heap   total 61440K, used 25347K [0x00000000c4a00000, 0x0000000100000000)
  region size 1024K, 2 young (2048K), 2 survivors (2048K)
 Metaspace       used 12507K, capacity 12805K, committed 12928K, reserved 1060864K
  class space    used 1244K, capacity 1354K, committed 1408K, reserved 1048576K
}

Deoptimization events (10 events):
Event: 2.565 Thread 0x00000229332a5000 Uncommon trap: reason=class_check action=maybe_recompile pc=0x00000229430d1fa4 method=java.util.HashMap.getNode(ILjava/lang/Object;)Ljava/util/HashMap$Node; @ 59 c2
Event: 2.568 Thread 0x00000229332a5000 Uncommon trap: reason=class_check action=maybe_recompile pc=0x00000229430d1fa4 method=java.util.HashMap.getNode(ILjava/lang/Object;)Ljava/util/HashMap$Node; @ 59 c2
Event: 2.569 Thread 0x00000229332a5000 Uncommon trap: reason=class_check action=maybe_recompile pc=0x00000229430d1fa4 method=java.util.HashMap.getNode(ILjava/lang/Object;)Ljava/util/HashMap$Node; @ 59 c2
Event: 2.647 Thread 0x00000229332a5000 Uncommon trap: reason=unstable_if action=reinterpret pc=0x00000229430feeb8 method=java.lang.String.startsWith(Ljava/lang/String;I)Z @ 14 c2
Event: 2.883 Thread 0x00000229332a5000 Uncommon trap: reason=class_check action=maybe_recompile pc=0x00000229431054d8 method=java.util.HashMap.getNode(ILjava/lang/Object;)Ljava/util/HashMap$Node; @ 126 c2
Event: 2.883 Thread 0x00000229332a5000 Uncommon trap: reason=class_check action=maybe_recompile pc=0x00000229431054d8 method=java.util.HashMap.getNode(ILjava/lang/Object;)Ljava/util/HashMap$Node; @ 126 c2
Event: 3.844 Thread 0x00000229332a5000 Uncommon trap: reason=unstable_if action=reinterpret pc=0x00000229430df944 method=java.io.WinNTFileSystem.normalize(Ljava/lang/String;II)Ljava/lang/String; @ 8 c2
Event: 3.985 Thread 0x00000229332a5000 Uncommon trap: reason=unstable_if action=reinterpret pc=0x00000229430b1c10 method=java.lang.String.isLatin1()Z @ 10 c2
Event: 4.028 Thread 0x00000229332a5000 Uncommon trap: reason=unstable_if action=reinterpret pc=0x0000022943108b94 method=java.util.HashMap.getNode(ILjava/lang/Object;)Ljava/util/HashMap$Node; @ 62 c2
Event: 4.028 Thread 0x00000229332a5000 Uncommon trap: reason=bimorphic_or_optimized_type_check action=maybe_recompile pc=0x0000022943103b8c method=java.util.HashMap.putVal(ILjava/lang/Object;Ljava/lang/Object;ZZ)Ljava/lang/Object; @ 91 c2

Classes redefined (0 events):
No events

Internal exceptions (10 events):
Event: 2.830 Thread 0x00000229332a5000 Exception <a 'java/lang/NoSuchMethodError'{0x00000000c7b298d0}: java.lang.invoke.DirectMethodHandle$Holder.invokeSpecialIFC(Ljava/lang/Object;Ljava/lang/Object;Ljava/lang/Object;)I> (0x00000000c7b298d0) thrown at [t:/workspace/open/src/hotspot/share/inter
Event: 2.892 Thread 0x00000229332a5000 Exception <a 'java/lang/NoSuchMethodError'{0x00000000c7b95620}: java.lang.invoke.DirectMethodHandle$Holder.invokeStatic(Ljava/lang/Object;IIII)Ljava/lang/Object;> (0x00000000c7b95620) thrown at [t:/workspace/open/src/hotspot/share/interpreter/linkResolver
Event: 2.892 Thread 0x00000229332a5000 Exception <a 'java/lang/NoSuchMethodError'{0x00000000c7b98738}: java.lang.invoke.DirectMethodHandle$Holder.invokeStaticInit(Ljava/lang/Object;IIII)Ljava/lang/Object;> (0x00000000c7b98738) thrown at [t:/workspace/open/src/hotspot/share/interpreter/linkReso
Event: 3.862 Thread 0x00000229332a5000 Exception <a 'java/lang/NoSuchMethodError'{0x00000000c7bdff30}: java.lang.invoke.DirectMethodHandle$Holder.invokeStatic(Ljava/lang/Object;Ljava/lang/Object;IIII)Ljava/lang/Object;> (0x00000000c7bdff30) thrown at [t:/workspace/open/src/hotspot/share/interp
Event: 3.862 Thread 0x00000229332a5000 Exception <a 'java/lang/NoSuchMethodError'{0x00000000c7be3278}: java.lang.invoke.DirectMethodHandle$Holder.invokeStaticInit(Ljava/lang/Object;Ljava/lang/Object;IIII)Ljava/lang/Object;> (0x00000000c7be3278) thrown at [t:/workspace/open/src/hotspot/share/in
Event: 3.891 Thread 0x00000229332a5000 Exception <a 'java/lang/ClassNotFoundException'{0x00000000c7a00c68}: javax/management/remote/rmi/RMIServerImpl_Skel> (0x00000000c7a00c68) thrown at [t:/workspace/open/src/hotspot/share/classfile/systemDictionary.cpp, line 231]
Event: 3.988 Thread 0x00000229332a5000 Exception <a 'java/lang/ClassNotFoundException'{0x00000000c7abc830}: jdk/internal/agent/resources/spi/agentProvider> (0x00000000c7abc830) thrown at [t:/workspace/open/src/hotspot/share/classfile/systemDictionary.cpp, line 231]
Event: 4.014 Thread 0x00000229332a5000 Exception <a 'java/lang/NoSuchMethodError'{0x00000000c8512960}: java.lang.invoke.DirectMethodHandle$Holder.invokeStatic(Ljava/lang/Object;Ljava/lang/Object;Ljava/lang/Object;Ljava/lang/Object;Ljava/lang/Object;Ljava/lang/Object;Ljava/lang/Object;Ljava/lan
Event: 4.017 Thread 0x00000229332a5000 Exception <a 'java/lang/NoSuchMethodError'{0x00000000c851f180}: java.lang.invoke.DirectMethodHandle$Holder.invokeStatic(Ljava/lang/Object;Ljava/lang/Object;Ljava/lang/Object;Ljava/lang/Object;Ljava/lang/Object;Ljava/lang/Object;Ljava/lang/Object;Ljava/lan
Event: 4.021 Thread 0x00000229332a5000 Exception <a 'java/lang/NoSuchMethodError'{0x00000000c8538fa0}: java.lang.invoke.DelegatingMethodHandle$Holder.reinvoke_L(Ljava/lang/Object;ILjava/lang/Object;)Ljava/lang/Object;> (0x00000000c8538fa0) thrown at [t:/workspace/open/src/hotspot/share/interpr

Events (10 events):
Event: 4.084 loading class org/apache/commons/logging/LogAdapter$Slf4jAdapter
Event: 4.084 loading class org/apache/commons/logging/LogAdapter$Slf4jAdapter done
Event: 4.084 loading class org/apache/commons/logging/Log
Event: 4.084 loading class org/apache/commons/logging/Log done
Event: 4.085 loading class org/slf4j/LoggerFactory
Event: 4.085 loading class org/slf4j/LoggerFactory done
Event: 4.089 loading class org/slf4j/ILoggerFactory
Event: 4.089 loading class org/slf4j/ILoggerFactory done
Event: 4.090 loading class org/slf4j/event/LoggingEvent
Event: 4.090 loading class org/slf4j/event/LoggingEvent done


Dynamic libraries:
0x00007ff6801e0000 - 0x00007ff680227000 	C:\Program Files\Java\jdk-11.0.6\bin\javaw.exe
0x00007ffcd93d0000 - 0x00007ffcd95c5000 	C:\WINDOWS\SYSTEM32\ntdll.dll
0x00007ffcce660000 - 0x00007ffcce675000 	C:\Program Files\AVAST Software\Avast\aswhook.dll
0x00007ffcd9200000 - 0x00007ffcd92be000 	C:\WINDOWS\System32\KERNEL32.DLL
0x00007ffcd6cf0000 - 0x00007ffcd6fb8000 	C:\WINDOWS\System32\KERNELBASE.dll
0x00007ffcd4300000 - 0x00007ffcd4390000 	C:\WINDOWS\SYSTEM32\apphelp.dll
0x00007ffc7d750000 - 0x00007ffc7dbe4000 	C:\WINDOWS\SYSTEM32\AcLayers.DLL
0x00007ffcd8930000 - 0x00007ffcd89ce000 	C:\WINDOWS\System32\msvcrt.dll
0x00007ffcd8700000 - 0x00007ffcd88a0000 	C:\WINDOWS\System32\USER32.dll
0x00007ffcd7370000 - 0x00007ffcd7392000 	C:\WINDOWS\System32\win32u.dll
0x00007ffcd8410000 - 0x00007ffcd843b000 	C:\WINDOWS\System32\GDI32.dll
0x00007ffcd6b40000 - 0x00007ffcd6c4b000 	C:\WINDOWS\System32\gdi32full.dll
0x00007ffcd7120000 - 0x00007ffcd71bd000 	C:\WINDOWS\System32\msvcp_win.dll
0x00007ffcd7270000 - 0x00007ffcd7370000 	C:\WINDOWS\System32\ucrtbase.dll
0x00007ffcd7580000 - 0x00007ffcd75d5000 	C:\WINDOWS\System32\SHLWAPI.dll
0x00007ffcd8120000 - 0x00007ffcd81ce000 	C:\WINDOWS\System32\ADVAPI32.dll
0x00007ffcd8370000 - 0x00007ffcd840c000 	C:\WINDOWS\System32\sechost.dll
0x00007ffcd8520000 - 0x00007ffcd8645000 	C:\WINDOWS\System32\RPCRT4.dll
0x0000022931000000 - 0x0000022931003000 	C:\WINDOWS\SYSTEM32\sfc.dll
0x00007ffcabe50000 - 0x00007ffcabee4000 	C:\WINDOWS\SYSTEM32\WINSPOOL.DRV
0x00007ffcc11a0000 - 0x00007ffcc11b2000 	C:\WINDOWS\SYSTEM32\sfc_os.DLL
0x00007ffcd7430000 - 0x00007ffcd7460000 	C:\WINDOWS\System32\IMM32.DLL
0x00007ffcc77f0000 - 0x00007ffcc7a8a000 	C:\WINDOWS\WinSxS\amd64_microsoft.windows.common-controls_6595b64144ccf1df_6.0.19041.1110_none_60b5254171f9507e\COMCTL32.dll
0x00007ffccef90000 - 0x00007ffccef9a000 	C:\WINDOWS\SYSTEM32\VERSION.dll
0x00007ffcd0db0000 - 0x00007ffcd0dc6000 	C:\Program Files\Java\jdk-11.0.6\bin\vcruntime140.dll
0x00007ffc96530000 - 0x00007ffc965da000 	C:\Program Files\Java\jdk-11.0.6\bin\msvcp140.dll
0x00007ffc7a2d0000 - 0x00007ffc7adf9000 	C:\Program Files\Java\jdk-11.0.6\bin\server\jvm.dll
0x00007ffcd8110000 - 0x00007ffcd8118000 	C:\WINDOWS\System32\PSAPI.DLL
0x00007ffcc4200000 - 0x00007ffcc4209000 	C:\WINDOWS\SYSTEM32\WSOCK32.dll
0x00007ffcd92c0000 - 0x00007ffcd932b000 	C:\WINDOWS\System32\WS2_32.dll
0x00007ffcb76c0000 - 0x00007ffcb76e7000 	C:\WINDOWS\SYSTEM32\WINMM.dll
0x00007ffcd49c0000 - 0x00007ffcd49d2000 	C:\WINDOWS\SYSTEM32\kernel.appcore.dll
0x00007ffccb170000 - 0x00007ffccb181000 	C:\Program Files\Java\jdk-11.0.6\bin\verify.dll
0x00007ffcc9ca0000 - 0x00007ffcc9e84000 	C:\WINDOWS\SYSTEM32\DBGHELP.DLL
0x00007ffccba90000 - 0x00007ffccbabc000 	C:\WINDOWS\SYSTEM32\dbgcore.DLL
0x00007ffcd73a0000 - 0x00007ffcd7422000 	C:\WINDOWS\System32\bcryptPrimitives.dll
0x00007ffcc8480000 - 0x00007ffcc84a9000 	C:\Program Files\Java\jdk-11.0.6\bin\java.dll
0x00007ffccb0d0000 - 0x00007ffccb0e6000 	C:\Program Files\Java\jdk-11.0.6\bin\zip.dll
0x00007ffcd2600000 - 0x00007ffcd260a000 	C:\Program Files\Java\jdk-11.0.6\bin\jimage.dll
0x00007ffcd8ab0000 - 0x00007ffcd91f4000 	C:\WINDOWS\System32\SHELL32.dll
0x00007ffcd4bc0000 - 0x00007ffcd5354000 	C:\WINDOWS\SYSTEM32\windows.storage.dll
0x00007ffcd78a0000 - 0x00007ffcd7bf4000 	C:\WINDOWS\System32\combase.dll
0x00007ffcd63a0000 - 0x00007ffcd63cc000 	C:\WINDOWS\SYSTEM32\Wldp.dll
0x00007ffcd7790000 - 0x00007ffcd783d000 	C:\WINDOWS\System32\SHCORE.dll
0x00007ffcd6a30000 - 0x00007ffcd6a4f000 	C:\WINDOWS\SYSTEM32\profapi.dll
0x00007ffcc8000000 - 0x00007ffcc8019000 	C:\Program Files\Java\jdk-11.0.6\bin\net.dll
0x00007ffcd00f0000 - 0x00007ffcd01f9000 	C:\WINDOWS\SYSTEM32\WINHTTP.dll
0x00007ffcd6180000 - 0x00007ffcd61ea000 	C:\WINDOWS\system32\mswsock.dll
0x00007ffcc7490000 - 0x00007ffcc74a3000 	C:\Program Files\Java\jdk-11.0.6\bin\nio.dll
0x00007ffcd1480000 - 0x00007ffcd1489000 	C:\Program Files\Java\jdk-11.0.6\bin\management.dll
0x00007ffcd0e40000 - 0x00007ffcd0e4c000 	C:\Program Files\Java\jdk-11.0.6\bin\management_ext.dll
0x00007ffcbdcc0000 - 0x00007ffcbdcd7000 	C:\WINDOWS\system32\napinsp.dll
0x00007ffcbdca0000 - 0x00007ffcbdcbb000 	C:\WINDOWS\system32\pnrpnsp.dll
0x00007ffcbdc80000 - 0x00007ffcbdc95000 	C:\WINDOWS\system32\wshbth.dll
0x00007ffcd24b0000 - 0x00007ffcd24cd000 	C:\WINDOWS\system32\NLAapi.dll
0x00007ffcd5e90000 - 0x00007ffcd5ecb000 	C:\WINDOWS\SYSTEM32\IPHLPAPI.DLL
0x00007ffcd5ed0000 - 0x00007ffcd5f9a000 	C:\WINDOWS\SYSTEM32\DNSAPI.dll
0x00007ffcd8510000 - 0x00007ffcd8518000 	C:\WINDOWS\System32\NSI.dll
0x00007ffcbdc60000 - 0x00007ffcbdc72000 	C:\WINDOWS\System32\winrnr.dll
0x0000000052930000 - 0x0000000052956000 	C:\Program Files\Bonjour\mdnsNSP.dll
0x00007ffcc7c00000 - 0x00007ffcc7c0a000 	C:\Windows\System32\rasadhlp.dll
0x00007ffccfc90000 - 0x00007ffccfd0f000 	C:\WINDOWS\System32\fwpuclnt.dll
0x00007ffcd6cc0000 - 0x00007ffcd6ce7000 	C:\WINDOWS\System32\bcrypt.dll
0x00007ffcd63e0000 - 0x00007ffcd63f8000 	C:\WINDOWS\SYSTEM32\CRYPTSP.dll
0x00007ffcd5b20000 - 0x00007ffcd5b54000 	C:\WINDOWS\system32\rsaenh.dll
0x00007ffcd69b0000 - 0x00007ffcd69de000 	C:\WINDOWS\SYSTEM32\USERENV.dll
0x00007ffcd6310000 - 0x00007ffcd631c000 	C:\WINDOWS\SYSTEM32\CRYPTBASE.dll
0x00007ffccbae0000 - 0x00007ffccbaf7000 	C:\WINDOWS\SYSTEM32\dhcpcsvc6.DLL
0x00007ffccbac0000 - 0x00007ffccbadd000 	C:\WINDOWS\SYSTEM32\dhcpcsvc.DLL

dbghelp: loaded successfully - version: 4.0.5 - missing functions: none
symbol engine: initialized successfully - sym options: 0x614 - pdb path: .;C:\Program Files\Java\jdk-11.0.6\bin;C:\WINDOWS\SYSTEM32;C:\Program Files\AVAST Software\Avast;C:\WINDOWS\WinSxS\amd64_microsoft.windows.common-controls_6595b64144ccf1df_6.0.19041.1110_none_60b5254171f9507e;C:\Program Files\Java\jdk-11.0.6\bin\server;C:\Program Files\Bonjour

VM Arguments:
jvm_args: -Dcom.sun.management.jmxremote -Dcom.sun.management.jmxremote.port=62693 -Dcom.sun.management.jmxremote.authenticate=false -Dcom.sun.management.jmxremote.ssl=false -Djava.rmi.server.hostname=localhost -Dspring.jmx.enabled=true -Dspring.boot.project.name=cursomc -Dfile.encoding=UTF-8 
java_command: com.jpv.cursomc.CursomcApplication --spring.output.ansi.enabled=always
java_class_path (initial): C:\Users\Jeff\Documents\Curso onLine\SpringBoot, Hibernate, Rest Ionic\cursomc\target\classes;C:\Users\Jeff\.m2\repository\org\springframework\boot\spring-boot-starter-web\2.5.6\spring-boot-starter-web-2.5.6.jar;C:\Users\Jeff\.m2\repository\org\springframework\boot\spring-boot-starter\2.5.6\spring-boot-starter-2.5.6.jar;C:\Users\Jeff\.m2\repository\org\springframework\boot\spring-boot-starter-logging\2.5.6\spring-boot-starter-logging-2.5.6.jar;C:\Users\Jeff\.m2\repository\ch\qos\logback\logback-classic\1.2.6\logback-classic-1.2.6.jar;C:\Users\Jeff\.m2\repository\ch\qos\logback\logback-core\1.2.6\logback-core-1.2.6.jar;C:\Users\Jeff\.m2\repository\org\apache\logging\log4j\log4j-to-slf4j\2.14.1\log4j-to-slf4j-2.14.1.jar;C:\Users\Jeff\.m2\repository\org\apache\logging\log4j\log4j-api\2.14.1\log4j-api-2.14.1.jar;C:\Users\Jeff\.m2\repository\org\slf4j\jul-to-slf4j\1.7.32\jul-to-slf4j-1.7.32.jar;C:\Users\Jeff\.m2\repository\jakarta\annotation\jakarta.annotation-api\1.3.5\jakarta.annotation-api-1.3.5.jar;C:\Users\Jeff\.m2\repository\org\yaml\snakeyaml\1.28\snakeyaml-1.28.jar;C:\Users\Jeff\.m2\repository\org\springframework\boot\spring-boot-starter-json\2.5.6\spring-boot-starter-json-2.5.6.jar;C:\Users\Jeff\.m2\repository\com\fasterxml\jackson\datatype\jackson-datatype-jdk8\2.12.5\jackson-datatype-jdk8-2.12.5.jar;C:\Users\Jeff\.m2\repository\com\fasterxml\jackson\datatype\jackson-datatype-jsr310\2.12.5\jackson-datatype-jsr310-2.12.5.jar;C:\Users\Jeff\.m2\repository\com\fasterxml\jackson\module\jackson-module-parameter-names\2.12.5\jackson-module-parameter-names-2.12.5.jar;C:\Users\Jeff\.m2\repository\org\springframework\boot\spring-boot-starter-tomcat\2.5.6\spring-boot-starter-tomcat-2.5.6.jar;C:\Users\Jeff\.m2\repository\org\apache\tomcat\embed\tomcat-embed-core\9.0.54\tomcat-embed-core-9.0.54.jar;C:\Users\Jeff\.m2\repository\org\apache\tomcat\embed\tomcat-embed-el\9.0.54\tomcat-embed-el-9.0.54.jar;C:\Users\Jeff\.m2\repository\org\apache\tomcat
Launcher Type: SUN_STANDARD

[Global flags]
     intx CICompilerCount                          = 3                                         {product} {ergonomic}
     uint ConcGCThreads                            = 1                                         {product} {ergonomic}
     uint G1ConcRefinementThreads                  = 4                                         {product} {ergonomic}
   size_t G1HeapRegionSize                         = 1048576                                   {product} {ergonomic}
    uintx GCDrainStackTargetSize                   = 64                                        {product} {ergonomic}
   size_t InitialHeapSize                          = 62914560                                  {product} {ergonomic}
     bool ManagementServer                         = true                                      {product} {command line}
   size_t MarkStackSize                            = 4194304                                   {product} {ergonomic}
   size_t MaxHeapSize                              = 996147200                                 {product} {ergonomic}
   size_t MaxNewSize                               = 597688320                                 {product} {ergonomic}
   size_t MinHeapDeltaBytes                        = 1048576                                   {product} {ergonomic}
    uintx NonNMethodCodeHeapSize                   = 5830732                                {pd product} {ergonomic}
    uintx NonProfiledCodeHeapSize                  = 122913754                              {pd product} {ergonomic}
    uintx ProfiledCodeHeapSize                     = 122913754                              {pd product} {ergonomic}
    uintx ReservedCodeCacheSize                    = 251658240                              {pd product} {ergonomic}
     bool SegmentedCodeCache                       = true                                      {product} {ergonomic}
     bool UseCompressedClassPointers               = true                                 {lp64_product} {ergonomic}
     bool UseCompressedOops                        = true                                 {lp64_product} {ergonomic}
     bool UseG1GC                                  = true                                      {product} {ergonomic}
     bool UseLargePagesIndividualAllocation        = false                                  {pd product} {ergonomic}

Logging:
Log output configuration:
 #0: stdout all=warning uptime,level,tags
 #1: stderr all=off uptime,level,tags

Environment Variables:
JAVA_HOME=C:\Program Files\Java\jdk-11.0.6
PATH=C:/Users/Jeff/eclipse/jee-2020-03/sts-4.13.0.RELEASE//plugins/org.eclipse.justj.openjdk.hotspot.jre.full.win32.x86_64_17.0.1.v20211116-1657/jre/bin/server;C:/Users/Jeff/eclipse/jee-2020-03/sts-4.13.0.RELEASE//plugins/org.eclipse.justj.openjdk.hotspot.jre.full.win32.x86_64_17.0.1.v20211116-1657/jre/bin;C:\Python39\Scripts\;C:\Python39\;C:\Program Files (x86)\Common Files\Intel\Shared Files\cpp\bin\Intel64;C:\Program Files (x86)\Intel\iCLS Client\;C:\Program Files\Intel\iCLS Client\;C:\WINDOWS\system32;C:\WINDOWS;C:\WINDOWS\System32\Wbem;C:\WINDOWS\System32\WindowsPowerShell\v1.0\;C:\Program Files\Intel\Intel(R) Management Engine Components\DAL;C:\Program Files\Intel\Intel(R) Management Engine Components\IPT;C:\Program Files (x86)\Intel\Intel(R) Management Engine Components\DAL;C:\Program Files (x86)\Intel\Intel(R) Management Engine Components\IPT;C:\Program Files (x86)\Common Files\Roxio Shared\DLLShared\;C:\Program Files (x86)\Common Files\Roxio Shared\9.0\DLLShared\;C:\Program Files (x86)\Skype\Phone\;C:\WINDOWS\System32\OpenSSH\;C:\Program Files\Java\jdk-11.0.6\bin;C:\Users\Jeff\Documents\Curso onLine\Selenium webDriver\geckoDriver;C:\Program Files\Git\cmd;C:\Program Files\nodejs\;C:\ProgramData\chocolatey\bin;C:\Program Files\MongoDB\Server\5.0\bin;C:\Program Files\Microsoft SQL Server\Client SDK\ODBC\170\Tools\Binn\;C:\Program Files (x86)\Microsoft SQL Server\150\Tools\Binn\;C:\Program Files\Microsoft SQL Server\150\Tools\Binn\;C:\Program Files\Microsoft SQL Server\150\DTS\Binn\;C:\Program Files\Azure Data Studio\bin;C:\Program Files\MySQL\MySQL Server 8.0\bin;C:\Program Files\MySQL\MySQL Shell 8.0\bin\;C:\Users\Jeff\AppData\Local\Microsoft\WindowsApps;C:\Users\Jeff\Documents\Curso onLine\Selenium webDriver\Maven\apache-maven-3.6.3\bin;C:\Users\Jeff\AppData\Local\Microsoft\WindowsApps;C:\Users\Jeff\AppData\Local\Programs\Microsoft VS Code\bin;C:\Program Files\heroku\bin;C:\Users\Jeff\AppData\Roaming\npm;C:\Users\Jeff\AppData\Local\atom\bin;;C:\Program Files\Az
USERNAME=Jeff
OS=Windows_NT
PROCESSOR_IDENTIFIER=Intel64 Family 6 Model 58 Stepping 9, GenuineIntel



---------------  S Y S T E M  ---------------

OS: Windows 10 , 64 bit Build 19041 (10.0.19041.1566)

CPU:total 4 (initial active 4) (2 cores per cpu, 2 threads per core) family 6 model 58 stepping 9, cmov, cx8, fxsr, mmx, sse, sse2, sse3, ssse3, sse4.1, sse4.2, popcnt, avx, clmul, erms, ht, tsc, tscinvbit, tscinv

Memory: 4k page, system-wide physical 3797M (376M free)
TotalPageFile size 10734M (AvailPageFile size 4117M)
current process WorkingSet (physical memory assigned to process): 101M, peak: 101M
current process commit charge ("private bytes"): 160M, peak: 160M

vm_info: Java HotSpot(TM) 64-Bit Server VM (11.0.6+8-LTS) for windows-amd64 JRE (11.0.6+8-LTS), built on Dec 11 2019 09:17:57 by "mach5one" with MS VC++ 15.5 (VS2017)

END.
