#
# A fatal error has been detected by the Java Runtime Environment:
#
#  EXCEPTION_ACCESS_VIOLATION (0xc0000005) at pc=0x00007ffc7d788859, pid=1264, tid=13164
#
# JRE version: Java(TM) SE Runtime Environment (11.0.6+8) (build 11.0.6+8-LTS)
# Java VM: Java HotSpot(TM) 64-Bit Server VM (11.0.6+8-LTS, mixed mode, tiered, compressed oops, g1 gc, windows-amd64)
# Problematic frame:
# V  [jvm.dll+0x6c8859]
#
# No core dump will be written. Minidumps are not enabled by default on client versions of Windows
#
# If you would like to submit a bug report, please visit:
#   http://bugreport.java.com/bugreport/crash.jsp
#

---------------  S U M M A R Y ------------

Command Line: -Dcom.sun.management.jmxremote -Dcom.sun.management.jmxremote.port=62867 -Dcom.sun.management.jmxremote.authenticate=false -Dcom.sun.management.jmxremote.ssl=false -Djava.rmi.server.hostname=localhost -Dspring.jmx.enabled=true -XX:TieredStopAtLevel=1 -Dspring.boot.project.name=cursomc -Dfile.encoding=UTF-8 com.jpv.cursomc.CursomcApplication --spring.output.ansi.enabled=always

Host: Intel(R) Core(TM) i5-3210M CPU @ 2.50GHz, 4 cores, 3G,  Windows 10 , 64 bit Build 19041 (10.0.19041.1566)
Time: Wed Mar 16 17:11:55 2022 Hora oficial do Brasil elapsed time: 5 seconds (0d 0h 0m 5s)

---------------  T H R E A D  ---------------

Current thread (0x000002419be83000):  WatcherThread [stack: 0x0000008470200000,0x0000008470300000] [id=13164]

Stack: [0x0000008470200000,0x0000008470300000],  sp=0x00000084702ff5f0,  free space=1021k
Native frames: (J=compiled Java code, j=interpreted, Vv=VM code, C=native code)
V  [jvm.dll+0x6c8859]
V  [jvm.dll+0x714d0d]
V  [jvm.dll+0x73ab89]
V  [jvm.dll+0x733905]
V  [jvm.dll+0x635846]
C  [ucrtbase.dll+0x21bb2]
C  [KERNEL32.DLL+0x17034]
C  [ntdll.dll+0x52651]


siginfo: EXCEPTION_ACCESS_VIOLATION (0xc0000005), reading address 0x0000000400000003


Register to memory mapping:

RIP=0x00007ffc7d788859 jvm.dll
RAX=0x00000241fc388b40 points into unknown readable memory: 03 00 00 00 04 00 00 00
RBX=0x0 is NULL
RCX=0x0000000400000003 is an unknown value
RDX=0x000000000000003c is an unknown value
RSP=0x00000084702ff5f0 points into unknown readable memory: 00 30 e8 9b 41 02 00 00
RBP=0x0000000000000002 is an unknown value
RSI=0x00000241fc388990 points into unknown readable memory: f0 13 e4 9b 41 02 00 00
RDI=0x0 is NULL
R8 =0x0 is NULL
R9 =0x00000241882b0b80 is at begin+0 in a stub
StubRoutines::atomic_cmpxchg_long [0x00000241882b0b80, 0x00000241882b0b89[ (9 bytes)
R10=0x0000000000000001 is an unknown value
R11=0x000002a733c81141 is an unknown value
R12=0x0 is NULL
R13=0x000002419be83000 points into unknown readable memory: a8 a3 99 7d fc 7f 00 00
R14=0x000000000000003c is an unknown value
R15=0x000002419ba4fb50 points into unknown readable memory: 00 00 00 00 00 00 00 00


Registers:
RAX=0x00000241fc388b40, RBX=0x0000000000000000, RCX=0x0000000400000003, RDX=0x000000000000003c
RSP=0x00000084702ff5f0, RBP=0x0000000000000002, RSI=0x00000241fc388990, RDI=0x0000000000000000
R8 =0x0000000000000000, R9 =0x00000241882b0b80, R10=0x0000000000000001, R11=0x000002a733c81141
R12=0x0000000000000000, R13=0x000002419be83000, R14=0x000000000000003c, R15=0x000002419ba4fb50
RIP=0x00007ffc7d788859, EFLAGS=0x0000000000010202

Top of Stack: (sp=0x00000084702ff5f0)
0x00000084702ff5f0:   000002419be83000 000002419be83000
0x00000084702ff600:   00017d4224d1cac4 00007ffc7d6c93a9
0x00000084702ff610:   00007ffc7db357d8 00007ffc7d7d4d0d
0x00000084702ff620:   0000000000000001 00000241fe5927c0
0x00000084702ff630:   00000241fe5927c0 431bde82d7b634db
0x00000084702ff640:   000002419ba4fb50 00017d4224d1cac4
0x00000084702ff650:   00000241fe5927c0 00007ffc7d7fab89
0x00000084702ff660:   0000000000000001 000000000000003c
0x00000084702ff670:   0000000000000032 0000000000000002
0x00000084702ff680:   0000000000000000 0000000000000000
0x00000084702ff690:   0000000000000000 0000000000000000
0x00000084702ff6a0:   0000000000000000 0000000000000000
0x00000084702ff6b0:   0000000000000000 0000000000000000
0x00000084702ff6c0:   000002419be83000 0000000000000000
0x00000084702ff6d0:   0000000000100000 00000084702ff8a0
0x00000084702ff6e0:   0000008470200000 00007ffc7d7f3905 

Instructions: (pc=0x00007ffc7d788859)
0x00007ffc7d788839:   20 48 8b 35 47 7e 3a 00 33 db 48 8b 06 39 18 7e
0x00007ffc7d788849:   27 48 89 7c 24 30 8b fb 48 8b 40 18 48 8b 0c 07
0x00007ffc7d788859:   48 8b 01 ff 50 08 48 8b 06 48 8d 7f 08 ff c3 3b
0x00007ffc7d788869:   18 7c e5 48 8b 7c 24 30 48 8b 5c 24 38 48 83 c4 


Stack slot to memory mapping:
stack at sp + 0 slots: 0x000002419be83000 points into unknown readable memory: a8 a3 99 7d fc 7f 00 00
stack at sp + 1 slots: 0x000002419be83000 points into unknown readable memory: a8 a3 99 7d fc 7f 00 00
stack at sp + 2 slots: 0x00017d4224d1cac4 is an unknown value
stack at sp + 3 slots: 0x00007ffc7d6c93a9 jvm.dll
stack at sp + 4 slots: 0x00007ffc7db357d8 jvm.dll
stack at sp + 5 slots: 0x00007ffc7d7d4d0d jvm.dll
stack at sp + 6 slots: 0x0000000000000001 is an unknown value
stack at sp + 7 slots: 0x00000241fe5927c0 points into unknown readable memory: 01 00 00 00 00 00 00 00


---------------  P R O C E S S  ---------------

Threads class SMR info:
_java_thread_list=0x000002419bef5460, length=15, elements={
0x00000241fe594000, 0x00000241fff5d000, 0x00000241fff5e000, 0x000002419aaf2800,
0x000002419aaf3000, 0x00000241fff9e000, 0x00000241fffcf800, 0x00000241fff26000,
0x000002419ace5800, 0x000002419be2d000, 0x000002419be69000, 0x000002419be0d000,
0x000002419beee000, 0x000002419bf6c000, 0x000002419bf35800
}

Java Threads: ( => current thread )
  0x00000241fe594000 JavaThread "main" [_thread_blocked, id=2472, stack(0x000000846ef00000,0x000000846f000000)]
  0x00000241fff5d000 JavaThread "Reference Handler" daemon [_thread_blocked, id=12928, stack(0x000000846f600000,0x000000846f700000)]
  0x00000241fff5e000 JavaThread "Finalizer" daemon [_thread_blocked, id=14864, stack(0x000000846f700000,0x000000846f800000)]
  0x000002419aaf2800 JavaThread "Signal Dispatcher" daemon [_thread_blocked, id=15644, stack(0x000000846f800000,0x000000846f900000)]
  0x000002419aaf3000 JavaThread "Attach Listener" daemon [_thread_blocked, id=18400, stack(0x000000846f900000,0x000000846fa00000)]
  0x00000241fff9e000 JavaThread "C1 CompilerThread0" daemon [_thread_in_vm, id=13916, stack(0x000000846fa00000,0x000000846fb00000)]
  0x00000241fffcf800 JavaThread "Sweeper thread" daemon [_thread_blocked, id=14692, stack(0x000000846fb00000,0x000000846fc00000)]
  0x00000241fff26000 JavaThread "Common-Cleaner" daemon [_thread_blocked, id=17732, stack(0x000000846fc00000,0x000000846fd00000)]
  0x000002419ace5800 JavaThread "Service Thread" daemon [_thread_blocked, id=18080, stack(0x000000846fd00000,0x000000846fe00000)]
  0x000002419be2d000 JavaThread "RMI TCP Accept-0" daemon [_thread_in_native, id=13544, stack(0x000000846ff00000,0x0000008470000000)]
  0x000002419be69000 JavaThread "RMI TCP Accept-62867" daemon [_thread_in_native, id=12140, stack(0x0000008470000000,0x0000008470100000)]
  0x000002419be0d000 JavaThread "RMI TCP Accept-0" daemon [_thread_in_native, id=18764, stack(0x0000008470100000,0x0000008470200000)]
  0x000002419beee000 JavaThread "RMI TCP Connection(1)-127.0.0.1" daemon [_thread_in_native, id=18556, stack(0x0000008470400000,0x0000008470500000)]
  0x000002419bf6c000 JavaThread "RMI Scheduler(0)" daemon [_thread_blocked, id=9832, stack(0x0000008470500000,0x0000008470600000)]
  0x000002419bf35800 JavaThread "RMI TCP Connection(idle)" daemon [_thread_blocked, id=14072, stack(0x0000008470600000,0x0000008470700000)]

Other Threads:
  0x00000241fff5c000 VMThread "VM Thread" [stack: 0x000000846f500000,0x000000846f600000] [id=1532]
=>0x000002419be83000 WatcherThread [stack: 0x0000008470200000,0x0000008470300000] [id=13164]
  0x00000241fe5ac000 GCTaskThread "GC Thread#0" [stack: 0x000000846f000000,0x000000846f100000] [id=17140]
  0x000002419b618800 GCTaskThread "GC Thread#1" [stack: 0x000000846fe00000,0x000000846ff00000] [id=13800]
  0x00000241fe5c6000 ConcurrentGCThread "G1 Main Marker" [stack: 0x000000846f100000,0x000000846f200000] [id=18236]
  0x00000241fe5c7000 ConcurrentGCThread "G1 Conc#0" [stack: 0x000000846f200000,0x000000846f300000] [id=18408]
  0x00000241fe613000 ConcurrentGCThread "G1 Refine#0" [stack: 0x000000846f300000,0x000000846f400000] [id=1980]
  0x00000241fe616000 ConcurrentGCThread "G1 Young RemSet Sampling" [stack: 0x000000846f400000,0x000000846f500000] [id=18812]

Threads with active compile tasks:
C1 CompilerThread01118       1       java.lang.String::<init> (55 bytes)

VM state:synchronizing (normal execution)

VM Mutex/Monitor currently owned by a thread:  ([mutex/lock_event])
[0x00000241fe5928e0] Threads_lock - owner thread: 0x00000241fff5c000
[0x00000241fe5927c0] PeriodicTask_lock - owner thread: 0x000002419be83000

Heap address: 0x00000000c4a00000, size: 950 MB, Compressed Oops mode: 32-bit
Narrow klass base: 0x0000000000000000, Narrow klass shift: 3
Compressed class space size: 1073741824 Address: 0x0000000100000000

Heap:
 garbage-first heap   total 61440K, used 27804K [0x00000000c4a00000, 0x0000000100000000)
  region size 1024K, 5 young (5120K), 2 survivors (2048K)
 Metaspace       used 12603K, capacity 13004K, committed 13056K, reserved 1060864K
  class space    used 1341K, capacity 1489K, committed 1536K, reserved 1048576K
Heap Regions: E=young(eden), S=young(survivor), O=old, HS=humongous(starts), HC=humongous(continues), CS=collection set, F=free, A=archive, TAMS=top-at-mark-start (previous, next)
|   0|0x00000000c4a00000, 0x00000000c4b00000, 0x00000000c4b00000|100%|HS|  |TAMS 0x00000000c4a00000, 0x00000000c4a00000| Complete 
|   1|0x00000000c4b00000, 0x00000000c4c00000, 0x00000000c4c00000|100%| O|  |TAMS 0x00000000c4b00000, 0x00000000c4b00000| Untracked 
|   2|0x00000000c4c00000, 0x00000000c4d00000, 0x00000000c4d00000|100%| O|  |TAMS 0x00000000c4c00000, 0x00000000c4c00000| Untracked 
|   3|0x00000000c4d00000, 0x00000000c4e00000, 0x00000000c4e00000|100%| O|  |TAMS 0x00000000c4d00000, 0x00000000c4d00000| Untracked 
|   4|0x00000000c4e00000, 0x00000000c4f00000, 0x00000000c4f00000|100%| O|  |TAMS 0x00000000c4e00000, 0x00000000c4e00000| Untracked 
|   5|0x00000000c4f00000, 0x00000000c5000000, 0x00000000c5000000|100%| O|  |TAMS 0x00000000c4f00000, 0x00000000c4f00000| Untracked 
|   6|0x00000000c5000000, 0x00000000c5100000, 0x00000000c5100000|100%| O|  |TAMS 0x00000000c5000000, 0x00000000c5000000| Untracked 
|   7|0x00000000c5100000, 0x00000000c5200000, 0x00000000c5200000|100%| O|  |TAMS 0x00000000c5100000, 0x00000000c5100000| Untracked 
|   8|0x00000000c5200000, 0x00000000c5300000, 0x00000000c5300000|100%| O|  |TAMS 0x00000000c5200000, 0x00000000c5200000| Untracked 
|   9|0x00000000c5300000, 0x00000000c5400000, 0x00000000c5400000|100%| O|  |TAMS 0x00000000c5300000, 0x00000000c5300000| Untracked 
|  10|0x00000000c5400000, 0x00000000c5500000, 0x00000000c5500000|100%| O|  |TAMS 0x00000000c5400000, 0x00000000c5400000| Untracked 
|  11|0x00000000c5500000, 0x00000000c5600000, 0x00000000c5600000|100%| O|  |TAMS 0x00000000c5500000, 0x00000000c5500000| Untracked 
|  12|0x00000000c5600000, 0x00000000c5700000, 0x00000000c5700000|100%| O|  |TAMS 0x00000000c5600000, 0x00000000c5600000| Untracked 
|  13|0x00000000c5700000, 0x00000000c5800000, 0x00000000c5800000|100%| O|  |TAMS 0x00000000c5700000, 0x00000000c5700000| Untracked 
|  14|0x00000000c5800000, 0x00000000c5900000, 0x00000000c5900000|100%| O|  |TAMS 0x00000000c5800000, 0x00000000c5800000| Untracked 
|  15|0x00000000c5900000, 0x00000000c5a00000, 0x00000000c5a00000|100%| O|  |TAMS 0x00000000c5900000, 0x00000000c5900000| Untracked 
|  16|0x00000000c5a00000, 0x00000000c5b00000, 0x00000000c5b00000|100%| O|  |TAMS 0x00000000c5a00000, 0x00000000c5a00000| Untracked 
|  17|0x00000000c5b00000, 0x00000000c5c00000, 0x00000000c5c00000|100%| O|  |TAMS 0x00000000c5b00000, 0x00000000c5b00000| Untracked 
|  18|0x00000000c5c00000, 0x00000000c5d00000, 0x00000000c5d00000|100%| O|  |TAMS 0x00000000c5c00000, 0x00000000c5c00000| Untracked 
|  19|0x00000000c5d00000, 0x00000000c5e00000, 0x00000000c5e00000|100%| O|  |TAMS 0x00000000c5d00000, 0x00000000c5d00000| Untracked 
|  20|0x00000000c5e00000, 0x00000000c5f00000, 0x00000000c5f00000|100%| O|  |TAMS 0x00000000c5e00000, 0x00000000c5e00000| Untracked 
|  21|0x00000000c5f00000, 0x00000000c6000000, 0x00000000c6000000|100%| O|  |TAMS 0x00000000c5f00000, 0x00000000c5f00000| Untracked 
|  22|0x00000000c6000000, 0x00000000c6100000, 0x00000000c6100000|100%| O|  |TAMS 0x00000000c6000000, 0x00000000c6000000| Untracked 
|  23|0x00000000c6100000, 0x00000000c6127000, 0x00000000c6200000| 15%| O|  |TAMS 0x00000000c6100000, 0x00000000c6100000| Untracked 
|  24|0x00000000c6200000, 0x00000000c6200000, 0x00000000c6300000|  0%| F|  |TAMS 0x00000000c6200000, 0x00000000c6200000| Untracked 
|  25|0x00000000c6300000, 0x00000000c6300000, 0x00000000c6400000|  0%| F|  |TAMS 0x00000000c6300000, 0x00000000c6300000| Untracked 
|  26|0x00000000c6400000, 0x00000000c6400000, 0x00000000c6500000|  0%| F|  |TAMS 0x00000000c6400000, 0x00000000c6400000| Untracked 
|  27|0x00000000c6500000, 0x00000000c6500000, 0x00000000c6600000|  0%| F|  |TAMS 0x00000000c6500000, 0x00000000c6500000| Untracked 
|  28|0x00000000c6600000, 0x00000000c6600000, 0x00000000c6700000|  0%| F|  |TAMS 0x00000000c6600000, 0x00000000c6600000| Untracked 
|  29|0x00000000c6700000, 0x00000000c6700000, 0x00000000c6800000|  0%| F|  |TAMS 0x00000000c6700000, 0x00000000c6700000| Untracked 
|  30|0x00000000c6800000, 0x00000000c6800000, 0x00000000c6900000|  0%| F|  |TAMS 0x00000000c6800000, 0x00000000c6800000| Untracked 
|  31|0x00000000c6900000, 0x00000000c6900000, 0x00000000c6a00000|  0%| F|  |TAMS 0x00000000c6900000, 0x00000000c6900000| Untracked 
|  32|0x00000000c6a00000, 0x00000000c6a00000, 0x00000000c6b00000|  0%| F|  |TAMS 0x00000000c6a00000, 0x00000000c6a00000| Untracked 
|  33|0x00000000c6b00000, 0x00000000c6b00000, 0x00000000c6c00000|  0%| F|  |TAMS 0x00000000c6b00000, 0x00000000c6b00000| Untracked 
|  34|0x00000000c6c00000, 0x00000000c6c00000, 0x00000000c6d00000|  0%| F|  |TAMS 0x00000000c6c00000, 0x00000000c6c00000| Untracked 
|  35|0x00000000c6d00000, 0x00000000c6d00000, 0x00000000c6e00000|  0%| F|  |TAMS 0x00000000c6d00000, 0x00000000c6d00000| Untracked 
|  36|0x00000000c6e00000, 0x00000000c6e00000, 0x00000000c6f00000|  0%| F|  |TAMS 0x00000000c6e00000, 0x00000000c6e00000| Untracked 
|  37|0x00000000c6f00000, 0x00000000c6f00000, 0x00000000c7000000|  0%| F|  |TAMS 0x00000000c6f00000, 0x00000000c6f00000| Untracked 
|  38|0x00000000c7000000, 0x00000000c7000000, 0x00000000c7100000|  0%| F|  |TAMS 0x00000000c7000000, 0x00000000c7000000| Untracked 
|  39|0x00000000c7100000, 0x00000000c7100000, 0x00000000c7200000|  0%| F|  |TAMS 0x00000000c7100000, 0x00000000c7100000| Untracked 
|  40|0x00000000c7200000, 0x00000000c7200000, 0x00000000c7300000|  0%| F|  |TAMS 0x00000000c7200000, 0x00000000c7200000| Untracked 
|  41|0x00000000c7300000, 0x00000000c7300000, 0x00000000c7400000|  0%| F|  |TAMS 0x00000000c7300000, 0x00000000c7300000| Untracked 
|  42|0x00000000c7400000, 0x00000000c7400000, 0x00000000c7500000|  0%| F|  |TAMS 0x00000000c7400000, 0x00000000c7400000| Untracked 
|  43|0x00000000c7500000, 0x00000000c7500000, 0x00000000c7600000|  0%| F|  |TAMS 0x00000000c7500000, 0x00000000c7500000| Untracked 
|  44|0x00000000c7600000, 0x00000000c7600000, 0x00000000c7700000|  0%| F|  |TAMS 0x00000000c7600000, 0x00000000c7600000| Untracked 
|  45|0x00000000c7700000, 0x00000000c7700000, 0x00000000c7800000|  0%| F|  |TAMS 0x00000000c7700000, 0x00000000c7700000| Untracked 
|  46|0x00000000c7800000, 0x00000000c7900000, 0x00000000c7900000|100%| S|CS|TAMS 0x00000000c7800000, 0x00000000c7800000| Complete 
|  47|0x00000000c7900000, 0x00000000c7a00000, 0x00000000c7a00000|100%| S|CS|TAMS 0x00000000c7900000, 0x00000000c7900000| Complete 
|  48|0x00000000c7a00000, 0x00000000c7a00000, 0x00000000c7b00000|  0%| F|  |TAMS 0x00000000c7a00000, 0x00000000c7a00000| Untracked 
|  49|0x00000000c7b00000, 0x00000000c7b00000, 0x00000000c7c00000|  0%| F|  |TAMS 0x00000000c7b00000, 0x00000000c7b00000| Untracked 
|  50|0x00000000c7c00000, 0x00000000c7c00000, 0x00000000c7d00000|  0%| F|  |TAMS 0x00000000c7c00000, 0x00000000c7c00000| Untracked 
|  51|0x00000000c7d00000, 0x00000000c7d00000, 0x00000000c7e00000|  0%| F|  |TAMS 0x00000000c7d00000, 0x00000000c7d00000| Untracked 
|  52|0x00000000c7e00000, 0x00000000c7e00000, 0x00000000c7f00000|  0%| F|  |TAMS 0x00000000c7e00000, 0x00000000c7e00000| Untracked 
|  53|0x00000000c7f00000, 0x00000000c7f00000, 0x00000000c8000000|  0%| F|  |TAMS 0x00000000c7f00000, 0x00000000c7f00000| Untracked 
|  54|0x00000000c8000000, 0x00000000c8000000, 0x00000000c8100000|  0%| F|  |TAMS 0x00000000c8000000, 0x00000000c8000000| Untracked 
|  55|0x00000000c8100000, 0x00000000c8100000, 0x00000000c8200000|  0%| F|  |TAMS 0x00000000c8100000, 0x00000000c8100000| Untracked 
|  56|0x00000000c8200000, 0x00000000c8200000, 0x00000000c8300000|  0%| F|  |TAMS 0x00000000c8200000, 0x00000000c8200000| Untracked 
|  57|0x00000000c8300000, 0x00000000c831f428, 0x00000000c8400000| 12%| E|  |TAMS 0x00000000c8300000, 0x00000000c8300000| Complete 
|  58|0x00000000c8400000, 0x00000000c8500000, 0x00000000c8500000|100%| E|CS|TAMS 0x00000000c8400000, 0x00000000c8400000| Complete 
|  59|0x00000000c8500000, 0x00000000c8600000, 0x00000000c8600000|100%| E|CS|TAMS 0x00000000c8500000, 0x00000000c8500000| Complete 

Card table byte_map: [0x00000241fe810000,0x00000241fe9f0000] _byte_map_base: 0x00000241fe1eb000

Marking Bits (Prev, Next): (CMBitMap*) 0x00000241fe5c1488, (CMBitMap*) 0x00000241fe5c14c0
 Prev Bits: [0x00000241febd0000, 0x00000241ffaa8000)
 Next Bits: [0x00000241972b0000, 0x0000024198188000)

Polling page: 0x00000241fc700000

Metaspace:

Usage:
  Non-class:     11.25 MB capacity,    11.00 MB ( 98%) used,   219.69 KB (  2%) free+waste,    32.50 KB ( <1%) overhead. 
      Class:      1.45 MB capacity,     1.31 MB ( 90%) used,   131.75 KB (  9%) free+waste,    16.25 KB (  1%) overhead. 
       Both:     12.70 MB capacity,    12.31 MB ( 97%) used,   351.44 KB (  3%) free+waste,    48.75 KB ( <1%) overhead. 

Virtual space:
  Non-class space:       12.00 MB reserved,      11.25 MB ( 94%) committed 
      Class space:        1.00 GB reserved,       1.50 MB ( <1%) committed 
             Both:        1.01 GB reserved,      12.75 MB (  1%) committed 

Chunk freelists:
   Non-Class:  640 bytes
       Class:  1.88 KB
        Both:  2.50 KB

CodeHeap 'non-profiled nmethods': size=238912Kb used=1562Kb max_used=1562Kb free=237349Kb
 bounds [0x0000024188960000, 0x0000024188bd0000, 0x00000241972b0000]
CodeHeap 'non-nmethods': size=6848Kb used=1099Kb max_used=1099Kb free=5748Kb
 bounds [0x00000241882b0000, 0x0000024188520000, 0x0000024188960000]
 total_blobs=1536 nmethods=1117 adapters=330
 compilation: enabled
              stopped_count=0, restarted_count=0
 full_count=0

Compilation events (10 events):
Event: 5.527 Thread 0x00000241fff9e000 1098  s    1       java.util.Properties::put (10 bytes)
Event: 5.528 Thread 0x00000241fff9e000 nmethod 1098 0x0000024188ade690 code [0x0000024188ade840, 0x0000024188adeaf0]
Event: 5.528 Thread 0x00000241fff9e000 1099   !   1       java.util.concurrent.ConcurrentHashMap::computeIfAbsent (576 bytes)
Event: 5.539 Thread 0x00000241fff9e000 nmethod 1099 0x0000024188adf090 code [0x0000024188adf3c0, 0x0000024188ae0990]
Event: 5.592 Thread 0x00000241fff9e000 1101       1       java.util.WeakHashMap::put (162 bytes)
Event: 5.593 Thread 0x00000241fff9e000 nmethod 1101 0x0000024188ae1610 code [0x0000024188ae1820, 0x0000024188ae1f00]
Event: 5.606 Thread 0x00000241fff9e000 1102       1       java.util.WeakHashMap::eq (19 bytes)
Event: 5.607 Thread 0x00000241fff9e000 nmethod 1102 0x0000024188ae2190 code [0x0000024188ae2340, 0x0000024188ae2490]
Event: 5.640 Thread 0x00000241fff9e000 1103       1       java.security.ProtectionDomain::getCodeSource (5 bytes)
Event: 5.640 Thread 0x00000241fff9e000 nmethod 1103 0x0000024188ae2510 code [0x0000024188ae26c0, 0x0000024188ae27d8]

GC Heap History (6 events):
Event: 1.224 GC heap before
{Heap before GC invocations=0 (full 0):
 garbage-first heap   total 61440K, used 14336K [0x00000000c4a00000, 0x0000000100000000)
  region size 1024K, 14 young (14336K), 0 survivors (0K)
 Metaspace       used 6122K, capacity 6174K, committed 6272K, reserved 1056768K
  class space    used 543K, capacity 567K, committed 640K, reserved 1048576K
}
Event: 1.251 GC heap after
{Heap after GC invocations=1 (full 0):
 garbage-first heap   total 61440K, used 12088K [0x00000000c4a00000, 0x0000000100000000)
  region size 1024K, 2 young (2048K), 2 survivors (2048K)
 Metaspace       used 6122K, capacity 6174K, committed 6272K, reserved 1056768K
  class space    used 543K, capacity 567K, committed 640K, reserved 1048576K
}
Event: 1.331 GC heap before
{Heap before GC invocations=1 (full 0):
 garbage-first heap   total 61440K, used 19256K [0x00000000c4a00000, 0x0000000100000000)
  region size 1024K, 10 young (10240K), 2 survivors (2048K)
 Metaspace       used 6122K, capacity 6174K, committed 6272K, reserved 1056768K
  class space    used 543K, capacity 567K, committed 640K, reserved 1048576K
}
Event: 1.340 GC heap after
{Heap after GC invocations=2 (full 0):
 garbage-first heap   total 61440K, used 19988K [0x00000000c4a00000, 0x0000000100000000)
  region size 1024K, 2 young (2048K), 2 survivors (2048K)
 Metaspace       used 6122K, capacity 6174K, committed 6272K, reserved 1056768K
  class space    used 543K, capacity 567K, committed 640K, reserved 1048576K
}
Event: 5.529 GC heap before
{Heap before GC invocations=2 (full 0):
 garbage-first heap   total 61440K, used 30228K [0x00000000c4a00000, 0x0000000100000000)
  region size 1024K, 12 young (12288K), 2 survivors (2048K)
 Metaspace       used 11825K, capacity 12131K, committed 12416K, reserved 1060864K
  class space    used 1255K, capacity 1364K, committed 1408K, reserved 1048576K
}
Event: 5.537 GC heap after
{Heap after GC invocations=3 (full 0):
 garbage-first heap   total 61440K, used 25756K [0x00000000c4a00000, 0x0000000100000000)
  region size 1024K, 2 young (2048K), 2 survivors (2048K)
 Metaspace       used 11825K, capacity 12131K, committed 12416K, reserved 1060864K
  class space    used 1255K, capacity 1364K, committed 1408K, reserved 1048576K
}

Deoptimization events (0 events):
No events

Classes redefined (0 events):
No events

Internal exceptions (10 events):
Event: 2.057 Thread 0x00000241fe594000 Exception <a 'java/lang/NoSuchMethodError'{0x00000000c7b045f0}: java.lang.invoke.DirectMethodHandle$Holder.invokeSpecialIFC(Ljava/lang/Object;Ljava/lang/Object;Ljava/lang/Object;)I> (0x00000000c7b045f0) thrown at [t:/workspace/open/src/hotspot/share/inter
Event: 2.145 Thread 0x00000241fe594000 Exception <a 'java/lang/NoSuchMethodError'{0x00000000c7b6fdf0}: java.lang.invoke.DirectMethodHandle$Holder.invokeStatic(Ljava/lang/Object;IIII)Ljava/lang/Object;> (0x00000000c7b6fdf0) thrown at [t:/workspace/open/src/hotspot/share/interpreter/linkResolver
Event: 2.146 Thread 0x00000241fe594000 Exception <a 'java/lang/NoSuchMethodError'{0x00000000c7b72f08}: java.lang.invoke.DirectMethodHandle$Holder.invokeStaticInit(Ljava/lang/Object;IIII)Ljava/lang/Object;> (0x00000000c7b72f08) thrown at [t:/workspace/open/src/hotspot/share/interpreter/linkReso
Event: 5.291 Thread 0x00000241fe594000 Exception <a 'java/lang/NoSuchMethodError'{0x00000000c7bb8b28}: java.lang.invoke.DirectMethodHandle$Holder.invokeStatic(Ljava/lang/Object;Ljava/lang/Object;IIII)Ljava/lang/Object;> (0x00000000c7bb8b28) thrown at [t:/workspace/open/src/hotspot/share/interp
Event: 5.291 Thread 0x00000241fe594000 Exception <a 'java/lang/NoSuchMethodError'{0x00000000c7bbbe70}: java.lang.invoke.DirectMethodHandle$Holder.invokeStaticInit(Ljava/lang/Object;Ljava/lang/Object;IIII)Ljava/lang/Object;> (0x00000000c7bbbe70) thrown at [t:/workspace/open/src/hotspot/share/in
Event: 5.325 Thread 0x00000241fe594000 Exception <a 'java/lang/ClassNotFoundException'{0x00000000c7bd9618}: javax/management/remote/rmi/RMIServerImpl_Skel> (0x00000000c7bd9618) thrown at [t:/workspace/open/src/hotspot/share/classfile/systemDictionary.cpp, line 231]
Event: 5.501 Thread 0x00000241fe594000 Exception <a 'java/lang/ClassNotFoundException'{0x00000000c7a7f390}: jdk/internal/agent/resources/spi/agentProvider> (0x00000000c7a7f390) thrown at [t:/workspace/open/src/hotspot/share/classfile/systemDictionary.cpp, line 231]
Event: 5.518 Thread 0x00000241fe594000 Exception <a 'java/lang/NoSuchMethodError'{0x00000000c7ad4750}: java.lang.invoke.DirectMethodHandle$Holder.invokeStatic(Ljava/lang/Object;Ljava/lang/Object;Ljava/lang/Object;Ljava/lang/Object;Ljava/lang/Object;Ljava/lang/Object;Ljava/lang/Object;Ljava/lan
Event: 5.520 Thread 0x00000241fe594000 Exception <a 'java/lang/NoSuchMethodError'{0x00000000c7ae0f70}: java.lang.invoke.DirectMethodHandle$Holder.invokeStatic(Ljava/lang/Object;Ljava/lang/Object;Ljava/lang/Object;Ljava/lang/Object;Ljava/lang/Object;Ljava/lang/Object;Ljava/lang/Object;Ljava/lan
Event: 5.524 Thread 0x00000241fe594000 Exception <a 'java/lang/NoSuchMethodError'{0x00000000c7afae30}: java.lang.invoke.DelegatingMethodHandle$Holder.reinvoke_L(Ljava/lang/Object;ILjava/lang/Object;)Ljava/lang/Object;> (0x00000000c7afae30) thrown at [t:/workspace/open/src/hotspot/share/interpr

Events (10 events):
Event: 5.609 loading class org/springframework/core/io/support/ResourcePatternResolver done
Event: 5.610 loading class org/springframework/context/ApplicationEvent
Event: 5.610 loading class org/springframework/context/ApplicationEvent done
Event: 5.635 loading class sun/rmi/transport/tcp/TCPTransport$ConnectionHandler
Event: 5.636 loading class sun/rmi/transport/tcp/TCPTransport$ConnectionHandler done
Event: 5.636 loading class java/util/concurrent/ThreadPoolExecutor$Worker
Event: 5.636 loading class java/util/concurrent/ThreadPoolExecutor$Worker done
Event: 5.637 Thread 0x000002419beee000 Thread added: 0x000002419beee000
Event: 5.640 loading class org/springframework/boot/ExitCodeEvent
Event: 5.640 loading class org/springframework/boot/ExitCodeEvent done


Dynamic libraries:
0x00007ff62a860000 - 0x00007ff62a8a7000 	C:\Program Files\Java\jdk-11.0.6\bin\javaw.exe
0x00007ffcd93d0000 - 0x00007ffcd95c5000 	C:\WINDOWS\SYSTEM32\ntdll.dll
0x00007ffcce660000 - 0x00007ffcce675000 	C:\Program Files\AVAST Software\Avast\aswhook.dll
0x00007ffcd9200000 - 0x00007ffcd92be000 	C:\WINDOWS\System32\KERNEL32.DLL
0x00007ffcd6cf0000 - 0x00007ffcd6fb8000 	C:\WINDOWS\System32\KERNELBASE.dll
0x00007ffcd4300000 - 0x00007ffcd4390000 	C:\WINDOWS\SYSTEM32\apphelp.dll
0x00007ffc8d660000 - 0x00007ffc8daf4000 	C:\WINDOWS\SYSTEM32\AcLayers.DLL
0x00007ffcd8930000 - 0x00007ffcd89ce000 	C:\WINDOWS\System32\msvcrt.dll
0x00007ffcd8700000 - 0x00007ffcd88a0000 	C:\WINDOWS\System32\USER32.dll
0x00007ffcd7370000 - 0x00007ffcd7392000 	C:\WINDOWS\System32\win32u.dll
0x00007ffcd8410000 - 0x00007ffcd843b000 	C:\WINDOWS\System32\GDI32.dll
0x00007ffcd6b40000 - 0x00007ffcd6c4b000 	C:\WINDOWS\System32\gdi32full.dll
0x00007ffcd7120000 - 0x00007ffcd71bd000 	C:\WINDOWS\System32\msvcp_win.dll
0x00007ffcd7270000 - 0x00007ffcd7370000 	C:\WINDOWS\System32\ucrtbase.dll
0x00007ffcd7580000 - 0x00007ffcd75d5000 	C:\WINDOWS\System32\SHLWAPI.dll
0x00007ffcd8120000 - 0x00007ffcd81ce000 	C:\WINDOWS\System32\ADVAPI32.dll
0x00007ffcd8370000 - 0x00007ffcd840c000 	C:\WINDOWS\System32\sechost.dll
0x00007ffcd8520000 - 0x00007ffcd8645000 	C:\WINDOWS\System32\RPCRT4.dll
0x00000241fc310000 - 0x00000241fc313000 	C:\WINDOWS\SYSTEM32\sfc.dll
0x00007ffcabe50000 - 0x00007ffcabee4000 	C:\WINDOWS\SYSTEM32\WINSPOOL.DRV
0x00007ffcc11a0000 - 0x00007ffcc11b2000 	C:\WINDOWS\SYSTEM32\sfc_os.DLL
0x00007ffcd7430000 - 0x00007ffcd7460000 	C:\WINDOWS\System32\IMM32.DLL
0x00007ffcc77f0000 - 0x00007ffcc7a8a000 	C:\WINDOWS\WinSxS\amd64_microsoft.windows.common-controls_6595b64144ccf1df_6.0.19041.1110_none_60b5254171f9507e\COMCTL32.dll
0x00007ffccef90000 - 0x00007ffccef9a000 	C:\WINDOWS\SYSTEM32\VERSION.dll
0x00007ffcc8700000 - 0x00007ffcc8716000 	C:\Program Files\Java\jdk-11.0.6\bin\vcruntime140.dll
0x00007ffc8d5b0000 - 0x00007ffc8d65a000 	C:\Program Files\Java\jdk-11.0.6\bin\msvcp140.dll
0x00007ffc7d0c0000 - 0x00007ffc7dbe9000 	C:\Program Files\Java\jdk-11.0.6\bin\server\jvm.dll
0x00007ffcd8110000 - 0x00007ffcd8118000 	C:\WINDOWS\System32\PSAPI.DLL
0x00007ffcc4200000 - 0x00007ffcc4209000 	C:\WINDOWS\SYSTEM32\WSOCK32.dll
0x00007ffcb76c0000 - 0x00007ffcb76e7000 	C:\WINDOWS\SYSTEM32\WINMM.dll
0x00007ffcd92c0000 - 0x00007ffcd932b000 	C:\WINDOWS\System32\WS2_32.dll
0x00007ffcd49c0000 - 0x00007ffcd49d2000 	C:\WINDOWS\SYSTEM32\kernel.appcore.dll
0x00007ffcbe0d0000 - 0x00007ffcbe0e1000 	C:\Program Files\Java\jdk-11.0.6\bin\verify.dll
0x00007ffcc9ca0000 - 0x00007ffcc9e84000 	C:\WINDOWS\SYSTEM32\DBGHELP.DLL
0x00007ffccba90000 - 0x00007ffccbabc000 	C:\WINDOWS\SYSTEM32\dbgcore.DLL
0x00007ffcd73a0000 - 0x00007ffcd7422000 	C:\WINDOWS\System32\bcryptPrimitives.dll
0x00007ffcacd40000 - 0x00007ffcacd69000 	C:\Program Files\Java\jdk-11.0.6\bin\java.dll
0x00007ffcbe060000 - 0x00007ffcbe076000 	C:\Program Files\Java\jdk-11.0.6\bin\zip.dll
0x00007ffcd0da0000 - 0x00007ffcd0daa000 	C:\Program Files\Java\jdk-11.0.6\bin\jimage.dll
0x00007ffcd8ab0000 - 0x00007ffcd91f4000 	C:\WINDOWS\System32\SHELL32.dll
0x00007ffcd4bc0000 - 0x00007ffcd5354000 	C:\WINDOWS\SYSTEM32\windows.storage.dll
0x00007ffcd78a0000 - 0x00007ffcd7bf4000 	C:\WINDOWS\System32\combase.dll
0x00007ffcd63a0000 - 0x00007ffcd63cc000 	C:\WINDOWS\SYSTEM32\Wldp.dll
0x00007ffcd7790000 - 0x00007ffcd783d000 	C:\WINDOWS\System32\SHCORE.dll
0x00007ffcd6a30000 - 0x00007ffcd6a4f000 	C:\WINDOWS\SYSTEM32\profapi.dll
0x00007ffcad1a0000 - 0x00007ffcad1b9000 	C:\Program Files\Java\jdk-11.0.6\bin\net.dll
0x00007ffcd00f0000 - 0x00007ffcd01f9000 	C:\WINDOWS\SYSTEM32\WINHTTP.dll
0x00007ffcd6180000 - 0x00007ffcd61ea000 	C:\WINDOWS\system32\mswsock.dll
0x00007ffcacd20000 - 0x00007ffcacd33000 	C:\Program Files\Java\jdk-11.0.6\bin\nio.dll
0x00007ffccb0e0000 - 0x00007ffccb0e9000 	C:\Program Files\Java\jdk-11.0.6\bin\management.dll
0x00007ffcc81d0000 - 0x00007ffcc81dc000 	C:\Program Files\Java\jdk-11.0.6\bin\management_ext.dll
0x00007ffcbdcc0000 - 0x00007ffcbdcd7000 	C:\WINDOWS\system32\napinsp.dll
0x00007ffcbdca0000 - 0x00007ffcbdcbb000 	C:\WINDOWS\system32\pnrpnsp.dll
0x00007ffcbdc80000 - 0x00007ffcbdc95000 	C:\WINDOWS\system32\wshbth.dll
0x00007ffcd24b0000 - 0x00007ffcd24cd000 	C:\WINDOWS\system32\NLAapi.dll
0x00007ffcd5e90000 - 0x00007ffcd5ecb000 	C:\WINDOWS\SYSTEM32\IPHLPAPI.DLL
0x00007ffcd5ed0000 - 0x00007ffcd5f9a000 	C:\WINDOWS\SYSTEM32\DNSAPI.dll
0x00007ffcd8510000 - 0x00007ffcd8518000 	C:\WINDOWS\System32\NSI.dll
0x00007ffcbdc60000 - 0x00007ffcbdc72000 	C:\WINDOWS\System32\winrnr.dll
0x0000000052930000 - 0x0000000052956000 	C:\Program Files\Bonjour\mdnsNSP.dll
0x00007ffcc7c00000 - 0x00007ffcc7c0a000 	C:\Windows\System32\rasadhlp.dll
0x00007ffccfc90000 - 0x00007ffccfd0f000 	C:\WINDOWS\System32\fwpuclnt.dll
0x00007ffcd6cc0000 - 0x00007ffcd6ce7000 	C:\WINDOWS\System32\bcrypt.dll
0x00007ffcd63e0000 - 0x00007ffcd63f8000 	C:\WINDOWS\SYSTEM32\CRYPTSP.dll
0x00007ffcd5b20000 - 0x00007ffcd5b54000 	C:\WINDOWS\system32\rsaenh.dll
0x00007ffcd69b0000 - 0x00007ffcd69de000 	C:\WINDOWS\SYSTEM32\USERENV.dll
0x00007ffcd6310000 - 0x00007ffcd631c000 	C:\WINDOWS\SYSTEM32\CRYPTBASE.dll
0x00007ffccbae0000 - 0x00007ffccbaf7000 	C:\WINDOWS\SYSTEM32\dhcpcsvc6.DLL
0x00007ffccbac0000 - 0x00007ffccbadd000 	C:\WINDOWS\SYSTEM32\dhcpcsvc.DLL

dbghelp: loaded successfully - version: 4.0.5 - missing functions: none
symbol engine: initialized successfully - sym options: 0x614 - pdb path: .;C:\Program Files\Java\jdk-11.0.6\bin;C:\WINDOWS\SYSTEM32;C:\Program Files\AVAST Software\Avast;C:\WINDOWS\WinSxS\amd64_microsoft.windows.common-controls_6595b64144ccf1df_6.0.19041.1110_none_60b5254171f9507e;C:\Program Files\Java\jdk-11.0.6\bin\server;C:\Program Files\Bonjour

VM Arguments:
jvm_args: -Dcom.sun.management.jmxremote -Dcom.sun.management.jmxremote.port=62867 -Dcom.sun.management.jmxremote.authenticate=false -Dcom.sun.management.jmxremote.ssl=false -Djava.rmi.server.hostname=localhost -Dspring.jmx.enabled=true -XX:TieredStopAtLevel=1 -Dspring.boot.project.name=cursomc -Dfile.encoding=UTF-8 
java_command: com.jpv.cursomc.CursomcApplication --spring.output.ansi.enabled=always
java_class_path (initial): C:\Users\Jeff\Documents\Curso onLine\SpringBoot, Hibernate, Rest Ionic\cursomc\target\classes;C:\Users\Jeff\.m2\repository\org\springframework\boot\spring-boot-starter-web\2.5.6\spring-boot-starter-web-2.5.6.jar;C:\Users\Jeff\.m2\repository\org\springframework\boot\spring-boot-starter\2.5.6\spring-boot-starter-2.5.6.jar;C:\Users\Jeff\.m2\repository\org\springframework\boot\spring-boot-starter-logging\2.5.6\spring-boot-starter-logging-2.5.6.jar;C:\Users\Jeff\.m2\repository\ch\qos\logback\logback-classic\1.2.6\logback-classic-1.2.6.jar;C:\Users\Jeff\.m2\repository\ch\qos\logback\logback-core\1.2.6\logback-core-1.2.6.jar;C:\Users\Jeff\.m2\repository\org\apache\logging\log4j\log4j-to-slf4j\2.14.1\log4j-to-slf4j-2.14.1.jar;C:\Users\Jeff\.m2\repository\org\apache\logging\log4j\log4j-api\2.14.1\log4j-api-2.14.1.jar;C:\Users\Jeff\.m2\repository\org\slf4j\jul-to-slf4j\1.7.32\jul-to-slf4j-1.7.32.jar;C:\Users\Jeff\.m2\repository\jakarta\annotation\jakarta.annotation-api\1.3.5\jakarta.annotation-api-1.3.5.jar;C:\Users\Jeff\.m2\repository\org\yaml\snakeyaml\1.28\snakeyaml-1.28.jar;C:\Users\Jeff\.m2\repository\org\springframework\boot\spring-boot-starter-json\2.5.6\spring-boot-starter-json-2.5.6.jar;C:\Users\Jeff\.m2\repository\com\fasterxml\jackson\datatype\jackson-datatype-jdk8\2.12.5\jackson-datatype-jdk8-2.12.5.jar;C:\Users\Jeff\.m2\repository\com\fasterxml\jackson\datatype\jackson-datatype-jsr310\2.12.5\jackson-datatype-jsr310-2.12.5.jar;C:\Users\Jeff\.m2\repository\com\fasterxml\jackson\module\jackson-module-parameter-names\2.12.5\jackson-module-parameter-names-2.12.5.jar;C:\Users\Jeff\.m2\repository\org\springframework\boot\spring-boot-starter-tomcat\2.5.6\spring-boot-starter-tomcat-2.5.6.jar;C:\Users\Jeff\.m2\repository\org\apache\tomcat\embed\tomcat-embed-core\9.0.54\tomcat-embed-core-9.0.54.jar;C:\Users\Jeff\.m2\repository\org\apache\tomcat\embed\tomcat-embed-el\9.0.54\tomcat-embed-el-9.0.54.jar;C:\Users\Jeff\.m2\repository\org\apache\tomcat
Launcher Type: SUN_STANDARD

[Global flags]
     intx CICompilerCount                          = 3                                         {product} {ergonomic}
     uint ConcGCThreads                            = 1                                         {product} {ergonomic}
     uint G1ConcRefinementThreads                  = 4                                         {product} {ergonomic}
   size_t G1HeapRegionSize                         = 1048576                                   {product} {ergonomic}
    uintx GCDrainStackTargetSize                   = 64                                        {product} {ergonomic}
   size_t InitialHeapSize                          = 62914560                                  {product} {ergonomic}
     bool ManagementServer                         = true                                      {product} {command line}
   size_t MarkStackSize                            = 4194304                                   {product} {ergonomic}
   size_t MaxHeapSize                              = 996147200                                 {product} {ergonomic}
   size_t MaxNewSize                               = 597688320                                 {product} {ergonomic}
   size_t MinHeapDeltaBytes                        = 1048576                                   {product} {ergonomic}
    uintx NonNMethodCodeHeapSize                   = 6973028                                {pd product} {ergonomic}
    uintx NonProfiledCodeHeapSize                  = 244685212                              {pd product} {ergonomic}
    uintx ProfiledCodeHeapSize                     = 0                                      {pd product} {ergonomic}
    uintx ReservedCodeCacheSize                    = 251658240                              {pd product} {ergonomic}
     bool SegmentedCodeCache                       = true                                      {product} {ergonomic}
     intx TieredStopAtLevel                        = 1                                         {product} {command line}
     bool UseCompressedClassPointers               = true                                 {lp64_product} {ergonomic}
     bool UseCompressedOops                        = true                                 {lp64_product} {ergonomic}
     bool UseG1GC                                  = true                                      {product} {ergonomic}
     bool UseLargePagesIndividualAllocation        = false                                  {pd product} {ergonomic}

Logging:
Log output configuration:
 #0: stdout all=warning uptime,level,tags
 #1: stderr all=off uptime,level,tags

Environment Variables:
JAVA_HOME=C:\Program Files\Java\jdk-11.0.6
PATH=C:/Users/Jeff/eclipse/jee-2020-03/sts-4.13.0.RELEASE//plugins/org.eclipse.justj.openjdk.hotspot.jre.full.win32.x86_64_17.0.1.v20211116-1657/jre/bin/server;C:/Users/Jeff/eclipse/jee-2020-03/sts-4.13.0.RELEASE//plugins/org.eclipse.justj.openjdk.hotspot.jre.full.win32.x86_64_17.0.1.v20211116-1657/jre/bin;C:\Python39\Scripts\;C:\Python39\;C:\Program Files (x86)\Common Files\Intel\Shared Files\cpp\bin\Intel64;C:\Program Files (x86)\Intel\iCLS Client\;C:\Program Files\Intel\iCLS Client\;C:\WINDOWS\system32;C:\WINDOWS;C:\WINDOWS\System32\Wbem;C:\WINDOWS\System32\WindowsPowerShell\v1.0\;C:\Program Files\Intel\Intel(R) Management Engine Components\DAL;C:\Program Files\Intel\Intel(R) Management Engine Components\IPT;C:\Program Files (x86)\Intel\Intel(R) Management Engine Components\DAL;C:\Program Files (x86)\Intel\Intel(R) Management Engine Components\IPT;C:\Program Files (x86)\Common Files\Roxio Shared\DLLShared\;C:\Program Files (x86)\Common Files\Roxio Shared\9.0\DLLShared\;C:\Program Files (x86)\Skype\Phone\;C:\WINDOWS\System32\OpenSSH\;C:\Program Files\Java\jdk-11.0.6\bin;C:\Users\Jeff\Documents\Curso onLine\Selenium webDriver\geckoDriver;C:\Program Files\Git\cmd;C:\Program Files\nodejs\;C:\ProgramData\chocolatey\bin;C:\Program Files\MongoDB\Server\5.0\bin;C:\Program Files\Microsoft SQL Server\Client SDK\ODBC\170\Tools\Binn\;C:\Program Files (x86)\Microsoft SQL Server\150\Tools\Binn\;C:\Program Files\Microsoft SQL Server\150\Tools\Binn\;C:\Program Files\Microsoft SQL Server\150\DTS\Binn\;C:\Program Files\Azure Data Studio\bin;C:\Program Files\MySQL\MySQL Server 8.0\bin;C:\Program Files\MySQL\MySQL Shell 8.0\bin\;C:\Users\Jeff\AppData\Local\Microsoft\WindowsApps;C:\Users\Jeff\Documents\Curso onLine\Selenium webDriver\Maven\apache-maven-3.6.3\bin;C:\Users\Jeff\AppData\Local\Microsoft\WindowsApps;C:\Users\Jeff\AppData\Local\Programs\Microsoft VS Code\bin;C:\Program Files\heroku\bin;C:\Users\Jeff\AppData\Roaming\npm;C:\Users\Jeff\AppData\Local\atom\bin;;C:\Program Files\Az
USERNAME=Jeff
OS=Windows_NT
PROCESSOR_IDENTIFIER=Intel64 Family 6 Model 58 Stepping 9, GenuineIntel



---------------  S Y S T E M  ---------------

OS: Windows 10 , 64 bit Build 19041 (10.0.19041.1566)

CPU:total 4 (initial active 4) (2 cores per cpu, 2 threads per core) family 6 model 58 stepping 9, cmov, cx8, fxsr, mmx, sse, sse2, sse3, ssse3, sse4.1, sse4.2, popcnt, avx, clmul, erms, ht, tsc, tscinvbit, tscinv

Memory: 4k page, system-wide physical 3797M (366M free)
TotalPageFile size 10734M (AvailPageFile size 4054M)
current process WorkingSet (physical memory assigned to process): 86M, peak: 86M
current process commit charge ("private bytes"): 153M, peak: 153M

vm_info: Java HotSpot(TM) 64-Bit Server VM (11.0.6+8-LTS) for windows-amd64 JRE (11.0.6+8-LTS), built on Dec 11 2019 09:17:57 by "mach5one" with MS VC++ 15.5 (VS2017)

END.
