#
# A fatal error has been detected by the Java Runtime Environment:
#
#  EXCEPTION_ACCESS_VIOLATION (0xc0000005) at pc=0x00007ffc6e406266, pid=14400, tid=2308
#
# JRE version: Java(TM) SE Runtime Environment (11.0.6+8) (build 11.0.6+8-LTS)
# Java VM: Java HotSpot(TM) 64-Bit Server VM (11.0.6+8-LTS, mixed mode, tiered, compressed oops, g1 gc, windows-amd64)
# Problematic frame:
# V  [jvm.dll+0x626266]
#
# No core dump will be written. Minidumps are not enabled by default on client versions of Windows
#
# If you would like to submit a bug report, please visit:
#   http://bugreport.java.com/bugreport/crash.jsp
#

---------------  S U M M A R Y ------------

Command Line: -Dcom.sun.management.jmxremote -Dcom.sun.management.jmxremote.port=56255 -Dcom.sun.management.jmxremote.authenticate=false -Dcom.sun.management.jmxremote.ssl=false -Djava.rmi.server.hostname=localhost -Dspring.jmx.enabled=true -Dspring.application.admin.enabled=true -XX:TieredStopAtLevel=1 -Dspring.boot.project.name=cursomc -Dfile.encoding=UTF-8 com.jpv.cursomc.CursomcApplication --spring.output.ansi.enabled=always

Host: Intel(R) Core(TM) i5-3210M CPU @ 2.50GHz, 4 cores, 3G,  Windows 10 , 64 bit Build 19041 (10.0.19041.1566)
Time: Wed Mar 16 15:05:41 2022 Hora oficial do Brasil elapsed time: 4 seconds (0d 0h 0m 4s)

---------------  T H R E A D  ---------------

Current thread (0x000001c85aeae000):  GCTaskThread "GC Thread#0" [stack: 0x0000007b3cf00000,0x0000007b3d000000] [id=2308]

Stack: [0x0000007b3cf00000,0x0000007b3d000000],  sp=0x0000007b3cffded0,  free space=1015k
Native frames: (J=compiled Java code, j=interpreted, Vv=VM code, C=native code)
V  [jvm.dll+0x626266]
V  [jvm.dll+0x5eb1e9]
V  [jvm.dll+0x2e2ad5]
V  [jvm.dll+0x2e2559]
V  [jvm.dll+0x738787]
V  [jvm.dll+0x738bf0]
V  [jvm.dll+0x329a85]
V  [jvm.dll+0x329564]
V  [jvm.dll+0x2f5af0]
V  [jvm.dll+0x7a8190]
V  [jvm.dll+0x733905]
V  [jvm.dll+0x635846]
C  [ucrtbase.dll+0x21bb2]
C  [KERNEL32.DLL+0x17034]
C  [ntdll.dll+0x52651]

JavaThread 0x000001c8786ac800 (nid = 18896) was being processed
Java frames: (J=compiled Java code, j=interpreted, Vv=VM code)
j  java.net.PlainSocketImpl.accept0(I[Ljava/net/InetSocketAddress;)I+0 java.base@11.0.6
j  java.net.PlainSocketImpl.socketAccept(Ljava/net/SocketImpl;)V+37 java.base@11.0.6
j  java.net.AbstractPlainSocketImpl.accept(Ljava/net/SocketImpl;)V+7 java.base@11.0.6
j  java.net.ServerSocket.implAccept(Ljava/net/Socket;)V+60 java.base@11.0.6
j  java.net.ServerSocket.accept()Ljava/net/Socket;+48 java.base@11.0.6
j  sun.rmi.transport.tcp.TCPTransport$AcceptLoop.executeAcceptLoop()V+42 java.rmi@11.0.6
j  sun.rmi.transport.tcp.TCPTransport$AcceptLoop.run()V+1 java.rmi@11.0.6
j  java.lang.Thread.run()V+11 java.base@11.0.6
v  ~StubRoutines::call_stub

siginfo: EXCEPTION_ACCESS_VIOLATION (0xc0000005), reading address 0x0000000c0000000b


Register to memory mapping:

RIP=0x00007ffc6e406266 jvm.dll
RAX=0x0000000c0000000b is an unknown value
RBX=0x0000000000000080 is an unknown value
RCX=0x0 is NULL
RDX=0x0000007b3cffdf60 points into unknown readable memory: f8 97 03 79 c8 01 00 00
RSP=0x0000007b3cffded0 points into unknown readable memory: d0 01 00 00 00 00 00 00
RBP=0x0 is NULL
RSI={method} {0x000001c879039800} 'accept0' '(I[Ljava/net/InetSocketAddress;)I' in 'java/net/PlainSocketImpl'
RDI=0x0000000000000080 is an unknown value
R8 =0x0 is NULL
R9 =0x0000007b3cffe078 points into unknown readable memory: 00 00 00 00 00 00 00 00
R10=0x000001c8790397b8 is pointing into metadata
R11=0x00000000c61cb340 is an oop: java.lang.Class 
{0x00000000c61cb340} - klass: 'java/lang/Class'
R12=0x0000007b3cffe078 points into unknown readable memory: 00 00 00 00 00 00 00 00
R13=0x0000000000000040 is an unknown value
R14=0x000001c878732200 points into unknown readable memory: 0b 00 00 00 0c 00 00 00
R15=0x0000007b3cffdf60 points into unknown readable memory: f8 97 03 79 c8 01 00 00


Registers:
RAX=0x0000000c0000000b, RBX=0x0000000000000080, RCX=0x0000000000000000, RDX=0x0000007b3cffdf60
RSP=0x0000007b3cffded0, RBP=0x0000000000000000, RSI=0x000001c8790397f8, RDI=0x0000000000000080
R8 =0x0000000000000000, R9 =0x0000007b3cffe078, R10=0x000001c8790397b8, R11=0x00000000c61cb340
R12=0x0000007b3cffe078, R13=0x0000000000000040, R14=0x000001c878732200, R15=0x0000007b3cffdf60
RIP=0x00007ffc6e406266, EFLAGS=0x0000000000010246

Top of Stack: (sp=0x0000007b3cffded0)
0x0000007b3cffded0:   00000000000001d0 000001c876d8f030
0x0000007b3cffdee0:   0000000000000000 000001c878a6eb70
0x0000007b3cffdef0:   0000007b3cffe240 0000000000000040
0x0000007b3cffdf00:   000001c878a6eb70 000001c878a6eaf8
0x0000007b3cffdf10:   0000000000000000 0000000000000000
0x0000007b3cffdf20:   000001c8790397f8 0000007b3cffe080
0x0000007b3cffdf30:   0000007b3cffe078 00007ffc6e3cb1e9
0x0000007b3cffdf40:   0000007b3cffe078 0000007b3cffe080
0x0000007b3cffdf50:   000001c8790397f8 0000007b3cffe078
0x0000007b3cffdf60:   000001c8790397f8 000001c85aeae000
0x0000007b3cffdf70:   000001c878a6eb70 00007ffc6e0c2ad5
0x0000007b3cffdf80:   0000007b3cffe240 0000007b3cffe210
0x0000007b3cffdf90:   0000007b3cffe080 0000000000005d39
0x0000007b3cffdfa0:   00000000c61f9b01 000001c8790397f8
0x0000007b3cffdfb0:   000001c85aeae000 000001c800000002
0x0000007b3cffdfc0:   000001c85aeae000 00007ffc6e0c53ac 

Instructions: (pc=0x00007ffc6e406266)
0x00007ffc6e406246:   24 70 48 89 77 10 8b fb 66 90 8b c7 25 1f 00 00
0x00007ffc6e406256:   80 7d 07 ff c8 83 c8 e0 ff c0 48 63 c8 49 8b 06
0x00007ffc6e406266:   48 8b 14 c8 48 85 d2 74 15 48 8b 02 48 85 c0 74
0x00007ffc6e406276:   0d 49 3b 07 75 08 0f b7 42 08 3b c5 74 79 ff c7 


Stack slot to memory mapping:
stack at sp + 0 slots: 0x00000000000001d0 is an unknown value
stack at sp + 1 slots: {method} {0x000001c876d8f038} 'run' '()V' in 'jdk/internal/misc/InnocuousThread'
stack at sp + 2 slots: 0x0 is NULL
stack at sp + 3 slots: 0x000001c878a6eb70 points into unknown readable memory: b0 41 66 6e fc 7f 00 00
stack at sp + 4 slots: 0x0000007b3cffe240 points into unknown readable memory: a0 e2 ff 3c 7b 00 00 00
stack at sp + 5 slots: 0x0000000000000040 is an unknown value
stack at sp + 6 slots: 0x000001c878a6eb70 points into unknown readable memory: b0 41 66 6e fc 7f 00 00
stack at sp + 7 slots: 0x000001c878a6eaf8 points into unknown readable memory: c0 41 66 6e fc 7f 00 00


---------------  P R O C E S S  ---------------

Threads class SMR info:
_java_thread_list=0x000001c8787db460, length=16, elements={
0x000001c85ae96000, 0x000001c87696e800, 0x000001c876978000, 0x000001c877342800,
0x000001c877343800, 0x000001c87698e800, 0x000001c8769b8000, 0x000001c876915800,
0x000001c87752f800, 0x000001c8786ac800, 0x000001c8786d7800, 0x000001c87873b000,
0x000001c87874f800, 0x000001c8787d7800, 0x000001c8787cf000, 0x000001c878811800
}

Java Threads: ( => current thread )
  0x000001c85ae96000 JavaThread "main" [_thread_blocked, id=6996, stack(0x0000007b3ce00000,0x0000007b3cf00000)]
  0x000001c87696e800 JavaThread "Reference Handler" daemon [_thread_blocked, id=9408, stack(0x0000007b3d500000,0x0000007b3d600000)]
  0x000001c876978000 JavaThread "Finalizer" daemon [_thread_blocked, id=4564, stack(0x0000007b3d600000,0x0000007b3d700000)]
  0x000001c877342800 JavaThread "Signal Dispatcher" daemon [_thread_blocked, id=11612, stack(0x0000007b3d700000,0x0000007b3d800000)]
  0x000001c877343800 JavaThread "Attach Listener" daemon [_thread_blocked, id=12388, stack(0x0000007b3d800000,0x0000007b3d900000)]
  0x000001c87698e800 JavaThread "C1 CompilerThread0" daemon [_thread_blocked, id=10728, stack(0x0000007b3d900000,0x0000007b3da00000)]
  0x000001c8769b8000 JavaThread "Sweeper thread" daemon [_thread_blocked, id=8176, stack(0x0000007b3da00000,0x0000007b3db00000)]
  0x000001c876915800 JavaThread "Common-Cleaner" daemon [_thread_blocked, id=18624, stack(0x0000007b3db00000,0x0000007b3dc00000)]
  0x000001c87752f800 JavaThread "Service Thread" daemon [_thread_blocked, id=16248, stack(0x0000007b3dc00000,0x0000007b3dd00000)]
  0x000001c8786ac800 JavaThread "RMI TCP Accept-0" daemon [_thread_in_native, id=18896, stack(0x0000007b3de00000,0x0000007b3df00000)]
  0x000001c8786d7800 JavaThread "RMI TCP Accept-56255" daemon [_thread_in_native, id=15108, stack(0x0000007b3df00000,0x0000007b3e000000)]
  0x000001c87873b000 JavaThread "RMI TCP Accept-0" daemon [_thread_in_native, id=9748, stack(0x0000007b3e000000,0x0000007b3e100000)]
  0x000001c87874f800 JavaThread "RMI TCP Connection(1)-127.0.0.1" daemon [_thread_in_native, id=18480, stack(0x0000007b3e200000,0x0000007b3e300000)]
  0x000001c8787d7800 JavaThread "RMI Scheduler(0)" daemon [_thread_blocked, id=2076, stack(0x0000007b3e300000,0x0000007b3e400000)]
  0x000001c8787cf000 JavaThread "RMI TCP Connection(2)-127.0.0.1" daemon [_thread_blocked, id=11140, stack(0x0000007b3e400000,0x0000007b3e500000)]
  0x000001c878811800 JavaThread "JMX server connection timeout 19" daemon [_thread_blocked, id=16064, stack(0x0000007b3e500000,0x0000007b3e600000)]

Other Threads:
  0x000001c876946800 VMThread "VM Thread" [stack: 0x0000007b3d400000,0x0000007b3d500000] [id=1404]
  0x000001c87867e800 WatcherThread [stack: 0x0000007b3e100000,0x0000007b3e200000] [id=12560]
=>0x000001c85aeae000 GCTaskThread "GC Thread#0" [stack: 0x0000007b3cf00000,0x0000007b3d000000] [id=2308]
  0x000001c8776fd800 GCTaskThread "GC Thread#1" [stack: 0x0000007b3dd00000,0x0000007b3de00000] [id=3012]
  0x000001c85aec8800 ConcurrentGCThread "G1 Main Marker" [stack: 0x0000007b3d000000,0x0000007b3d100000] [id=19128]
  0x000001c85aeca800 ConcurrentGCThread "G1 Conc#0" [stack: 0x0000007b3d100000,0x0000007b3d200000] [id=12332]
  0x000001c85af10000 ConcurrentGCThread "G1 Refine#0" [stack: 0x0000007b3d200000,0x0000007b3d300000] [id=17528]
  0x000001c85af11000 ConcurrentGCThread "G1 Young RemSet Sampling" [stack: 0x0000007b3d300000,0x0000007b3d400000] [id=18752]

Threads with active compile tasks:

VM state:at safepoint (normal execution)

VM Mutex/Monitor currently owned by a thread:  ([mutex/lock_event])
[0x000001c85ae95680] Threads_lock - owner thread: 0x000001c876946800
[0x000001c85ae95560] Heap_lock - owner thread: 0x000001c85ae96000

Heap address: 0x00000000c4a00000, size: 950 MB, Compressed Oops mode: 32-bit
Narrow klass base: 0x0000000000000000, Narrow klass shift: 3
Compressed class space size: 1073741824 Address: 0x0000000100000000

Heap:
 garbage-first heap   total 61440K, used 35442K [0x00000000c4a00000, 0x0000000100000000)
  region size 1024K, 10 young (10240K), 1 survivors (1024K)
 Metaspace       used 14471K, capacity 14945K, committed 15104K, reserved 1062912K
  class space    used 1574K, capacity 1743K, committed 1792K, reserved 1048576K
Heap Regions: E=young(eden), S=young(survivor), O=old, HS=humongous(starts), HC=humongous(continues), CS=collection set, F=free, A=archive, TAMS=top-at-mark-start (previous, next)
|   0|0x00000000c4a00000, 0x00000000c4b00000, 0x00000000c4b00000|100%|HS|  |TAMS 0x00000000c4a00000, 0x00000000c4a00000| Complete 
|   1|0x00000000c4b00000, 0x00000000c4c00000, 0x00000000c4c00000|100%| O|  |TAMS 0x00000000c4b00000, 0x00000000c4b00000| Untracked 
|   2|0x00000000c4c00000, 0x00000000c4d00000, 0x00000000c4d00000|100%| O|  |TAMS 0x00000000c4c00000, 0x00000000c4c00000| Untracked 
|   3|0x00000000c4d00000, 0x00000000c4e00000, 0x00000000c4e00000|100%| O|  |TAMS 0x00000000c4d00000, 0x00000000c4d00000| Untracked 
|   4|0x00000000c4e00000, 0x00000000c4f00000, 0x00000000c4f00000|100%| O|  |TAMS 0x00000000c4e00000, 0x00000000c4e00000| Untracked 
|   5|0x00000000c4f00000, 0x00000000c5000000, 0x00000000c5000000|100%| O|  |TAMS 0x00000000c4f00000, 0x00000000c4f00000| Untracked 
|   6|0x00000000c5000000, 0x00000000c5100000, 0x00000000c5100000|100%| O|  |TAMS 0x00000000c5000000, 0x00000000c5000000| Untracked 
|   7|0x00000000c5100000, 0x00000000c5200000, 0x00000000c5200000|100%| O|  |TAMS 0x00000000c5100000, 0x00000000c5100000| Untracked 
|   8|0x00000000c5200000, 0x00000000c5300000, 0x00000000c5300000|100%| O|  |TAMS 0x00000000c5200000, 0x00000000c5200000| Untracked 
|   9|0x00000000c5300000, 0x00000000c5400000, 0x00000000c5400000|100%| O|  |TAMS 0x00000000c5300000, 0x00000000c5300000| Untracked 
|  10|0x00000000c5400000, 0x00000000c5500000, 0x00000000c5500000|100%| O|  |TAMS 0x00000000c5400000, 0x00000000c5400000| Untracked 
|  11|0x00000000c5500000, 0x00000000c5600000, 0x00000000c5600000|100%| O|  |TAMS 0x00000000c5500000, 0x00000000c5500000| Untracked 
|  12|0x00000000c5600000, 0x00000000c5700000, 0x00000000c5700000|100%| O|  |TAMS 0x00000000c5600000, 0x00000000c5600000| Untracked 
|  13|0x00000000c5700000, 0x00000000c5800000, 0x00000000c5800000|100%| O|  |TAMS 0x00000000c5700000, 0x00000000c5700000| Untracked 
|  14|0x00000000c5800000, 0x00000000c5900000, 0x00000000c5900000|100%| O|  |TAMS 0x00000000c5800000, 0x00000000c5800000| Untracked 
|  15|0x00000000c5900000, 0x00000000c5a00000, 0x00000000c5a00000|100%| O|  |TAMS 0x00000000c5900000, 0x00000000c5900000| Untracked 
|  16|0x00000000c5a00000, 0x00000000c5b00000, 0x00000000c5b00000|100%| O|  |TAMS 0x00000000c5a00000, 0x00000000c5a00000| Untracked 
|  17|0x00000000c5b00000, 0x00000000c5c00000, 0x00000000c5c00000|100%| O|  |TAMS 0x00000000c5b00000, 0x00000000c5b00000| Untracked 
|  18|0x00000000c5c00000, 0x00000000c5d00000, 0x00000000c5d00000|100%| O|  |TAMS 0x00000000c5c00000, 0x00000000c5c00000| Untracked 
|  19|0x00000000c5d00000, 0x00000000c5e00000, 0x00000000c5e00000|100%| O|  |TAMS 0x00000000c5d00000, 0x00000000c5d00000| Untracked 
|  20|0x00000000c5e00000, 0x00000000c5f00000, 0x00000000c5f00000|100%| O|  |TAMS 0x00000000c5e00000, 0x00000000c5e00000| Untracked 
|  21|0x00000000c5f00000, 0x00000000c6000000, 0x00000000c6000000|100%| O|  |TAMS 0x00000000c5f00000, 0x00000000c5f00000| Untracked 
|  22|0x00000000c6000000, 0x00000000c6100000, 0x00000000c6100000|100%| O|  |TAMS 0x00000000c6000000, 0x00000000c6000000| Untracked 
|  23|0x00000000c6100000, 0x00000000c6200000, 0x00000000c6200000|100%| O|  |TAMS 0x00000000c6100000, 0x00000000c6100000| Untracked 
|  24|0x00000000c6200000, 0x00000000c6300000, 0x00000000c6300000|100%| O|  |TAMS 0x00000000c6200000, 0x00000000c6200000| Untracked 
|  25|0x00000000c6300000, 0x00000000c63c4d28, 0x00000000c6400000| 76%| O|  |TAMS 0x00000000c6300000, 0x00000000c6300000| Untracked 
|  26|0x00000000c6400000, 0x00000000c6400000, 0x00000000c6500000|  0%| F|  |TAMS 0x00000000c6400000, 0x00000000c6400000| Untracked 
|  27|0x00000000c6500000, 0x00000000c6500000, 0x00000000c6600000|  0%| F|  |TAMS 0x00000000c6500000, 0x00000000c6500000| Untracked 
|  28|0x00000000c6600000, 0x00000000c6600000, 0x00000000c6700000|  0%| F|  |TAMS 0x00000000c6600000, 0x00000000c6600000| Untracked 
|  29|0x00000000c6700000, 0x00000000c6700000, 0x00000000c6800000|  0%| F|  |TAMS 0x00000000c6700000, 0x00000000c6700000| Untracked 
|  30|0x00000000c6800000, 0x00000000c6800000, 0x00000000c6900000|  0%| F|  |TAMS 0x00000000c6800000, 0x00000000c6800000| Untracked 
|  31|0x00000000c6900000, 0x00000000c6900000, 0x00000000c6a00000|  0%| F|  |TAMS 0x00000000c6900000, 0x00000000c6900000| Untracked 
|  32|0x00000000c6a00000, 0x00000000c6a00000, 0x00000000c6b00000|  0%| F|  |TAMS 0x00000000c6a00000, 0x00000000c6a00000| Untracked 
|  33|0x00000000c6b00000, 0x00000000c6b00000, 0x00000000c6c00000|  0%| F|  |TAMS 0x00000000c6b00000, 0x00000000c6b00000| Untracked 
|  34|0x00000000c6c00000, 0x00000000c6c00000, 0x00000000c6d00000|  0%| F|  |TAMS 0x00000000c6c00000, 0x00000000c6c00000| Untracked 
|  35|0x00000000c6d00000, 0x00000000c6d00000, 0x00000000c6e00000|  0%| F|  |TAMS 0x00000000c6d00000, 0x00000000c6d00000| Untracked 
|  36|0x00000000c6e00000, 0x00000000c6e00000, 0x00000000c6f00000|  0%| F|  |TAMS 0x00000000c6e00000, 0x00000000c6e00000| Untracked 
|  37|0x00000000c6f00000, 0x00000000c6f00000, 0x00000000c7000000|  0%| F|  |TAMS 0x00000000c6f00000, 0x00000000c6f00000| Untracked 
|  38|0x00000000c7000000, 0x00000000c7000000, 0x00000000c7100000|  0%| F|  |TAMS 0x00000000c7000000, 0x00000000c7000000| Untracked 
|  39|0x00000000c7100000, 0x00000000c7100000, 0x00000000c7200000|  0%| F|  |TAMS 0x00000000c7100000, 0x00000000c7100000| Untracked 
|  40|0x00000000c7200000, 0x00000000c7200000, 0x00000000c7300000|  0%| F|  |TAMS 0x00000000c7200000, 0x00000000c7200000| Untracked 
|  41|0x00000000c7300000, 0x00000000c7300000, 0x00000000c7400000|  0%| F|  |TAMS 0x00000000c7300000, 0x00000000c7300000| Untracked 
|  42|0x00000000c7400000, 0x00000000c7400000, 0x00000000c7500000|  0%| F|  |TAMS 0x00000000c7400000, 0x00000000c7400000| Untracked 
|  43|0x00000000c7500000, 0x00000000c7500000, 0x00000000c7600000|  0%| F|  |TAMS 0x00000000c7500000, 0x00000000c7500000| Untracked 
|  44|0x00000000c7600000, 0x00000000c7600000, 0x00000000c7700000|  0%| F|  |TAMS 0x00000000c7600000, 0x00000000c7600000| Untracked 
|  45|0x00000000c7700000, 0x00000000c7700000, 0x00000000c7800000|  0%| F|  |TAMS 0x00000000c7700000, 0x00000000c7700000| Untracked 
|  46|0x00000000c7800000, 0x00000000c7900000, 0x00000000c7900000|100%| E|CS|TAMS 0x00000000c7800000, 0x00000000c7800000| Complete 
|  47|0x00000000c7900000, 0x00000000c7a00000, 0x00000000c7a00000|100%| E|CS|TAMS 0x00000000c7900000, 0x00000000c7900000| Complete 
|  48|0x00000000c7a00000, 0x00000000c7a00000, 0x00000000c7b00000|  0%| F|  |TAMS 0x00000000c7a00000, 0x00000000c7a00000| Untracked 
|  49|0x00000000c7b00000, 0x00000000c7b00000, 0x00000000c7c00000|  0%| F|  |TAMS 0x00000000c7b00000, 0x00000000c7b00000| Untracked 
|  50|0x00000000c7c00000, 0x00000000c7ca5730, 0x00000000c7d00000| 64%| S|  |TAMS 0x00000000c7c00000, 0x00000000c7c00000| Complete 
|  51|0x00000000c7d00000, 0x00000000c7e00000, 0x00000000c7e00000|100%| E|CS|TAMS 0x00000000c7d00000, 0x00000000c7d00000| Complete 
|  52|0x00000000c7e00000, 0x00000000c7f00000, 0x00000000c7f00000|100%| E|CS|TAMS 0x00000000c7e00000, 0x00000000c7e00000| Complete 
|  53|0x00000000c7f00000, 0x00000000c8000000, 0x00000000c8000000|100%| E|CS|TAMS 0x00000000c7f00000, 0x00000000c7f00000| Complete 
|  54|0x00000000c8000000, 0x00000000c8100000, 0x00000000c8100000|100%| E|CS|TAMS 0x00000000c8000000, 0x00000000c8000000| Complete 
|  55|0x00000000c8100000, 0x00000000c8200000, 0x00000000c8200000|100%| E|CS|TAMS 0x00000000c8100000, 0x00000000c8100000| Complete 
|  56|0x00000000c8200000, 0x00000000c8300000, 0x00000000c8300000|100%| E|CS|TAMS 0x00000000c8200000, 0x00000000c8200000| Complete 
|  57|0x00000000c8300000, 0x00000000c8400000, 0x00000000c8400000|100%| E|CS|TAMS 0x00000000c8300000, 0x00000000c8300000| Complete 
|  58|0x00000000c8400000, 0x00000000c8500000, 0x00000000c8500000|100%| E|CS|TAMS 0x00000000c8400000, 0x00000000c8400000| Complete 
|  59|0x00000000c8500000, 0x00000000c8600000, 0x00000000c8600000|100%| E|CS|TAMS 0x00000000c8500000, 0x00000000c8500000| Complete 

Card table byte_map: [0x000001c8721e0000,0x000001c8723c0000] _byte_map_base: 0x000001c871bbb000

Marking Bits (Prev, Next): (CMBitMap*) 0x000001c85aec3e48, (CMBitMap*) 0x000001c85aec3e80
 Prev Bits: [0x000001c8725a0000, 0x000001c873478000)
 Next Bits: [0x000001c873480000, 0x000001c874358000)

Polling page: 0x000001c858d60000

Metaspace:

Usage:
  Non-class:     12.89 MB capacity,    12.60 MB ( 98%) used,   263.79 KB (  2%) free+waste,    40.63 KB ( <1%) overhead. 
      Class:      1.70 MB capacity,     1.54 MB ( 90%) used,   148.19 KB (  9%) free+waste,    20.50 KB (  1%) overhead. 
       Both:     14.59 MB capacity,    14.13 MB ( 97%) used,   411.98 KB (  3%) free+waste,    61.13 KB ( <1%) overhead. 

Virtual space:
  Non-class space:       14.00 MB reserved,      13.00 MB ( 93%) committed 
      Class space:        1.00 GB reserved,       1.75 MB ( <1%) committed 
             Both:        1.01 GB reserved,      14.75 MB (  1%) committed 

Chunk freelists:
   Non-Class:  5.75 KB
       Class:  2.13 KB
        Both:  7.88 KB

CodeHeap 'non-profiled nmethods': size=238912Kb used=2200Kb max_used=2200Kb free=236711Kb
 bounds [0x000001c863890000, 0x000001c863b00000, 0x000001c8721e0000]
CodeHeap 'non-nmethods': size=6848Kb used=1125Kb max_used=1125Kb free=5722Kb
 bounds [0x000001c8631e0000, 0x000001c863450000, 0x000001c863890000]
 total_blobs=1899 nmethods=1446 adapters=363
 compilation: enabled
              stopped_count=0, restarted_count=0
 full_count=0

Compilation events (10 events):
Event: 4.820 Thread 0x000001c87698e800 1441       1       java.util.ArrayList::toArray (57 bytes)
Event: 4.820 Thread 0x000001c87698e800 nmethod 1441 0x000001c863ab4c10 code [0x000001c863ab4de0, 0x000001c863ab5120]
Event: 4.820 Thread 0x000001c87698e800 1443       1       java.util.HashMap::afterNodeAccess (1 bytes)
Event: 4.820 Thread 0x000001c87698e800 nmethod 1443 0x000001c863ab5210 code [0x000001c863ab53c0, 0x000001c863ab54d8]
Event: 4.821 Thread 0x000001c87698e800 1444       1       java.lang.invoke.MethodHandleNatives::findMethodHandleType (7 bytes)
Event: 4.821 Thread 0x000001c87698e800 nmethod 1444 0x000001c863ab5590 code [0x000001c863ab5740, 0x000001c863ab5870]
Event: 4.822 Thread 0x000001c87698e800 1445       1       java.lang.invoke.TypeConvertingMethodAdapter::cast (42 bytes)
Event: 4.822 Thread 0x000001c87698e800 nmethod 1445 0x000001c863ab5910 code [0x000001c863ab5b00, 0x000001c863ab5d10]
Event: 4.822 Thread 0x000001c87698e800 1446       1       java.lang.reflect.Constructor::getConstructorAccessor (5 bytes)
Event: 4.822 Thread 0x000001c87698e800 nmethod 1446 0x000001c863ab5e90 code [0x000001c863ab6040, 0x000001c863ab6158]

GC Heap History (7 events):
Event: 2.457 GC heap before
{Heap before GC invocations=0 (full 0):
 garbage-first heap   total 61440K, used 14336K [0x00000000c4a00000, 0x0000000100000000)
  region size 1024K, 14 young (14336K), 0 survivors (0K)
 Metaspace       used 6120K, capacity 6174K, committed 6272K, reserved 1056768K
  class space    used 543K, capacity 567K, committed 640K, reserved 1048576K
}
Event: 2.480 GC heap after
{Heap after GC invocations=1 (full 0):
 garbage-first heap   total 61440K, used 12135K [0x00000000c4a00000, 0x0000000100000000)
  region size 1024K, 2 young (2048K), 2 survivors (2048K)
 Metaspace       used 6120K, capacity 6174K, committed 6272K, reserved 1056768K
  class space    used 543K, capacity 567K, committed 640K, reserved 1048576K
}
Event: 2.693 GC heap before
{Heap before GC invocations=1 (full 0):
 garbage-first heap   total 61440K, used 19303K [0x00000000c4a00000, 0x0000000100000000)
  region size 1024K, 10 young (10240K), 2 survivors (2048K)
 Metaspace       used 6121K, capacity 6174K, committed 6272K, reserved 1056768K
  class space    used 543K, capacity 567K, committed 640K, reserved 1048576K
}
Event: 2.702 GC heap after
{Heap after GC invocations=2 (full 0):
 garbage-first heap   total 61440K, used 20143K [0x00000000c4a00000, 0x0000000100000000)
  region size 1024K, 2 young (2048K), 2 survivors (2048K)
 Metaspace       used 6121K, capacity 6174K, committed 6272K, reserved 1056768K
  class space    used 543K, capacity 567K, committed 640K, reserved 1048576K
}
Event: 4.341 GC heap before
{Heap before GC invocations=2 (full 0):
 garbage-first heap   total 61440K, used 30383K [0x00000000c4a00000, 0x0000000100000000)
  region size 1024K, 12 young (12288K), 2 survivors (2048K)
 Metaspace       used 11826K, capacity 12131K, committed 12416K, reserved 1060864K
  class space    used 1255K, capacity 1364K, committed 1408K, reserved 1048576K
}
Event: 4.351 GC heap after
{Heap after GC invocations=3 (full 0):
 garbage-first heap   total 61440K, used 26226K [0x00000000c4a00000, 0x0000000100000000)
  region size 1024K, 2 young (2048K), 2 survivors (2048K)
 Metaspace       used 11826K, capacity 12131K, committed 12416K, reserved 1060864K
  class space    used 1255K, capacity 1364K, committed 1408K, reserved 1048576K
}
Event: 4.822 GC heap before
{Heap before GC invocations=3 (full 0):
 garbage-first heap   total 61440K, used 35442K [0x00000000c4a00000, 0x0000000100000000)
  region size 1024K, 11 young (11264K), 2 survivors (2048K)
 Metaspace       used 14471K, capacity 14945K, committed 15104K, reserved 1062912K
  class space    used 1574K, capacity 1743K, committed 1792K, reserved 1048576K
}

Deoptimization events (0 events):
No events

Classes redefined (0 events):
No events

Internal exceptions (10 events):
Event: 4.335 Thread 0x000001c85ae96000 Exception <a 'java/lang/NoSuchMethodError'{0x00000000c7adfc60}: java.lang.invoke.DirectMethodHandle$Holder.invokeStatic(Ljava/lang/Object;Ljava/lang/Object;Ljava/lang/Object;Ljava/lang/Object;Ljava/lang/Object;Ljava/lang/Object;Ljava/lang/Object;Ljava/lan
Event: 4.337 Thread 0x000001c85ae96000 Exception <a 'java/lang/NoSuchMethodError'{0x00000000c7af9b00}: java.lang.invoke.DelegatingMethodHandle$Holder.reinvoke_L(Ljava/lang/Object;ILjava/lang/Object;)Ljava/lang/Object;> (0x00000000c7af9b00) thrown at [t:/workspace/open/src/hotspot/share/interpr
Event: 4.465 Thread 0x000001c8787cf000 Exception <a 'java/lang/NoSuchMethodError'{0x00000000c83db510}: <clinit>> (0x00000000c83db510) thrown at [t:/workspace/open/src/hotspot/share/prims/jni.cpp, line 1364]
Event: 4.489 Thread 0x000001c8787cf000 Exception <a 'java/lang/ClassNotFoundException'{0x00000000c8267570}: javax/management/remote/rmi/RMIConnectionImpl_Skel> (0x00000000c8267570) thrown at [t:/workspace/open/src/hotspot/share/classfile/systemDictionary.cpp, line 231]
Event: 4.500 Thread 0x000001c878811800 Exception <a 'java/lang/NoSuchMethodError'{0x00000000c82cdc28}: java.lang.invoke.Invokers$Holder.linkToTargetMethod(Ljava/lang/Object;JLjava/lang/Object;)Ljava/lang/Object;> (0x00000000c82cdc28) thrown at [t:/workspace/open/src/hotspot/share/interpreter/l
Event: 4.519 Thread 0x000001c8787cf000 Exception <a 'java/lang/reflect/InvocationTargetException'{0x00000000c82ea170}> (0x00000000c82ea170) thrown at [t:/workspace/open/src/hotspot/share/runtime/reflection.cpp, line 1242]
Event: 4.534 Thread 0x000001c8787cf000 Exception <a 'java/lang/NoSuchMethodError'{0x00000000c8117dc0}: <clinit>> (0x00000000c8117dc0) thrown at [t:/workspace/open/src/hotspot/share/prims/jni.cpp, line 1364]
Event: 4.562 Thread 0x000001c85ae96000 Exception <a 'java/lang/ClassNotFoundException'{0x00000000c813edb0}: javax/smartcardio/CardPermission> (0x00000000c813edb0) thrown at [t:/workspace/open/src/hotspot/share/classfile/systemDictionary.cpp, line 231]
Event: 4.573 Thread 0x000001c85ae96000 Exception <a 'java/io/FileNotFoundException'{0x00000000c814d158}> (0x00000000c814d158) thrown at [t:/workspace/open/src/hotspot/share/prims/jni.cpp, line 615]
Event: 4.822 Thread 0x000001c85ae96000 Exception <a 'java/lang/NoSuchMethodError'{0x00000000c7dfb7a0}: java.lang.invoke.DirectMethodHandle$Holder.invokeSpecialIFC(Ljava/lang/Object;Ljava/lang/Object;Ljava/lang/Object;Ljava/lang/Object;)Ljava/lang/Object;> (0x00000000c7dfb7a0) thrown at [t:/wor

Events (10 events):
Event: 4.815 loading class jdk/internal/util/ArraysSupport done
Event: 4.816 loading class java/util/zip/ZipFile$ZipEntryIterator
Event: 4.817 loading class java/util/zip/ZipFile$ZipEntryIterator done
Event: 4.819 loading class java/util/stream/DistinctOps
Event: 4.820 loading class java/util/stream/DistinctOps done
Event: 4.820 loading class java/util/stream/DistinctOps$1
Event: 4.820 loading class java/util/stream/ReferencePipeline$StatefulOp
Event: 4.820 loading class java/util/stream/ReferencePipeline$StatefulOp done
Event: 4.820 loading class java/util/stream/DistinctOps$1 done
Event: 4.822 Executing VM operation: G1CollectForAllocation


Dynamic libraries:
0x00007ff7ffb30000 - 0x00007ff7ffb77000 	C:\Program Files\Java\jdk-11.0.6\bin\javaw.exe
0x00007ffcd93d0000 - 0x00007ffcd95c5000 	C:\WINDOWS\SYSTEM32\ntdll.dll
0x00007ffcce660000 - 0x00007ffcce675000 	C:\Program Files\AVAST Software\Avast\aswhook.dll
0x00007ffcd9200000 - 0x00007ffcd92be000 	C:\WINDOWS\System32\KERNEL32.DLL
0x00007ffcd6cf0000 - 0x00007ffcd6fb8000 	C:\WINDOWS\System32\KERNELBASE.dll
0x00007ffcd4300000 - 0x00007ffcd4390000 	C:\WINDOWS\SYSTEM32\apphelp.dll
0x00007ffc6e910000 - 0x00007ffc6eda4000 	C:\WINDOWS\SYSTEM32\AcLayers.DLL
0x00007ffcd8930000 - 0x00007ffcd89ce000 	C:\WINDOWS\System32\msvcrt.dll
0x00007ffcd8700000 - 0x00007ffcd88a0000 	C:\WINDOWS\System32\USER32.dll
0x00007ffcd7370000 - 0x00007ffcd7392000 	C:\WINDOWS\System32\win32u.dll
0x00007ffcd8410000 - 0x00007ffcd843b000 	C:\WINDOWS\System32\GDI32.dll
0x00007ffcd6b40000 - 0x00007ffcd6c4b000 	C:\WINDOWS\System32\gdi32full.dll
0x00007ffcd7120000 - 0x00007ffcd71bd000 	C:\WINDOWS\System32\msvcp_win.dll
0x00007ffcd7270000 - 0x00007ffcd7370000 	C:\WINDOWS\System32\ucrtbase.dll
0x00007ffcd7580000 - 0x00007ffcd75d5000 	C:\WINDOWS\System32\SHLWAPI.dll
0x00007ffcd8120000 - 0x00007ffcd81ce000 	C:\WINDOWS\System32\ADVAPI32.dll
0x00007ffcd8370000 - 0x00007ffcd840c000 	C:\WINDOWS\System32\sechost.dll
0x00007ffcd8520000 - 0x00007ffcd8645000 	C:\WINDOWS\System32\RPCRT4.dll
0x000001c858cc0000 - 0x000001c858cc3000 	C:\WINDOWS\SYSTEM32\sfc.dll
0x00007ffcabe50000 - 0x00007ffcabee4000 	C:\WINDOWS\SYSTEM32\WINSPOOL.DRV
0x00007ffcc11a0000 - 0x00007ffcc11b2000 	C:\WINDOWS\SYSTEM32\sfc_os.DLL
0x00007ffcd7430000 - 0x00007ffcd7460000 	C:\WINDOWS\System32\IMM32.DLL
0x00007ffcc77f0000 - 0x00007ffcc7a8a000 	C:\WINDOWS\WinSxS\amd64_microsoft.windows.common-controls_6595b64144ccf1df_6.0.19041.1110_none_60b5254171f9507e\COMCTL32.dll
0x00007ffccef90000 - 0x00007ffccef9a000 	C:\WINDOWS\SYSTEM32\VERSION.dll
0x00007ffcc7400000 - 0x00007ffcc7416000 	C:\Program Files\Java\jdk-11.0.6\bin\vcruntime140.dll
0x00007ffc86bc0000 - 0x00007ffc86c6a000 	C:\Program Files\Java\jdk-11.0.6\bin\msvcp140.dll
0x00007ffc6dde0000 - 0x00007ffc6e909000 	C:\Program Files\Java\jdk-11.0.6\bin\server\jvm.dll
0x00007ffcd8110000 - 0x00007ffcd8118000 	C:\WINDOWS\System32\PSAPI.DLL
0x00007ffcc4200000 - 0x00007ffcc4209000 	C:\WINDOWS\SYSTEM32\WSOCK32.dll
0x00007ffcd92c0000 - 0x00007ffcd932b000 	C:\WINDOWS\System32\WS2_32.dll
0x00007ffcb76c0000 - 0x00007ffcb76e7000 	C:\WINDOWS\SYSTEM32\WINMM.dll
0x00007ffcd49c0000 - 0x00007ffcd49d2000 	C:\WINDOWS\SYSTEM32\kernel.appcore.dll
0x00007ffcbad60000 - 0x00007ffcbad71000 	C:\Program Files\Java\jdk-11.0.6\bin\verify.dll
0x00007ffcc9ca0000 - 0x00007ffcc9e84000 	C:\WINDOWS\SYSTEM32\DBGHELP.DLL
0x00007ffccba90000 - 0x00007ffccbabc000 	C:\WINDOWS\SYSTEM32\dbgcore.DLL
0x00007ffcd73a0000 - 0x00007ffcd7422000 	C:\WINDOWS\System32\bcryptPrimitives.dll
0x00007ffca6d20000 - 0x00007ffca6d49000 	C:\Program Files\Java\jdk-11.0.6\bin\java.dll
0x00007ffca9980000 - 0x00007ffca9996000 	C:\Program Files\Java\jdk-11.0.6\bin\zip.dll
0x00007ffcca7b0000 - 0x00007ffcca7ba000 	C:\Program Files\Java\jdk-11.0.6\bin\jimage.dll
0x00007ffcd8ab0000 - 0x00007ffcd91f4000 	C:\WINDOWS\System32\SHELL32.dll
0x00007ffcd4bc0000 - 0x00007ffcd5354000 	C:\WINDOWS\SYSTEM32\windows.storage.dll
0x00007ffcd78a0000 - 0x00007ffcd7bf4000 	C:\WINDOWS\System32\combase.dll
0x00007ffcd63a0000 - 0x00007ffcd63cc000 	C:\WINDOWS\SYSTEM32\Wldp.dll
0x00007ffcd7790000 - 0x00007ffcd783d000 	C:\WINDOWS\System32\SHCORE.dll
0x00007ffcd6a30000 - 0x00007ffcd6a4f000 	C:\WINDOWS\SYSTEM32\profapi.dll
0x00007ffca9390000 - 0x00007ffca93a9000 	C:\Program Files\Java\jdk-11.0.6\bin\net.dll
0x00007ffcd00f0000 - 0x00007ffcd01f9000 	C:\WINDOWS\SYSTEM32\WINHTTP.dll
0x00007ffcd6180000 - 0x00007ffcd61ea000 	C:\WINDOWS\system32\mswsock.dll
0x00007ffca8db0000 - 0x00007ffca8dc3000 	C:\Program Files\Java\jdk-11.0.6\bin\nio.dll
0x00007ffcc86a0000 - 0x00007ffcc86a9000 	C:\Program Files\Java\jdk-11.0.6\bin\management.dll
0x00007ffcc7150000 - 0x00007ffcc715c000 	C:\Program Files\Java\jdk-11.0.6\bin\management_ext.dll
0x00007ffcbdcc0000 - 0x00007ffcbdcd7000 	C:\WINDOWS\system32\napinsp.dll
0x00007ffcbdca0000 - 0x00007ffcbdcbb000 	C:\WINDOWS\system32\pnrpnsp.dll
0x00007ffcbdc80000 - 0x00007ffcbdc95000 	C:\WINDOWS\system32\wshbth.dll
0x00007ffcd24b0000 - 0x00007ffcd24cd000 	C:\WINDOWS\system32\NLAapi.dll
0x00007ffcd5e90000 - 0x00007ffcd5ecb000 	C:\WINDOWS\SYSTEM32\IPHLPAPI.DLL
0x00007ffcd5ed0000 - 0x00007ffcd5f9a000 	C:\WINDOWS\SYSTEM32\DNSAPI.dll
0x00007ffcd8510000 - 0x00007ffcd8518000 	C:\WINDOWS\System32\NSI.dll
0x00007ffcbdc60000 - 0x00007ffcbdc72000 	C:\WINDOWS\System32\winrnr.dll
0x0000000052930000 - 0x0000000052956000 	C:\Program Files\Bonjour\mdnsNSP.dll
0x00007ffcc7c00000 - 0x00007ffcc7c0a000 	C:\Windows\System32\rasadhlp.dll
0x00007ffccfc90000 - 0x00007ffccfd0f000 	C:\WINDOWS\System32\fwpuclnt.dll
0x00007ffcd6cc0000 - 0x00007ffcd6ce7000 	C:\WINDOWS\System32\bcrypt.dll
0x00007ffcd63e0000 - 0x00007ffcd63f8000 	C:\WINDOWS\SYSTEM32\CRYPTSP.dll
0x00007ffcd5b20000 - 0x00007ffcd5b54000 	C:\WINDOWS\system32\rsaenh.dll
0x00007ffcd69b0000 - 0x00007ffcd69de000 	C:\WINDOWS\SYSTEM32\USERENV.dll
0x00007ffcd6310000 - 0x00007ffcd631c000 	C:\WINDOWS\SYSTEM32\CRYPTBASE.dll
0x00007ffccbae0000 - 0x00007ffccbaf7000 	C:\WINDOWS\SYSTEM32\dhcpcsvc6.DLL
0x00007ffccbac0000 - 0x00007ffccbadd000 	C:\WINDOWS\SYSTEM32\dhcpcsvc.DLL

dbghelp: loaded successfully - version: 4.0.5 - missing functions: none
symbol engine: initialized successfully - sym options: 0x614 - pdb path: .;C:\Program Files\Java\jdk-11.0.6\bin;C:\WINDOWS\SYSTEM32;C:\Program Files\AVAST Software\Avast;C:\WINDOWS\WinSxS\amd64_microsoft.windows.common-controls_6595b64144ccf1df_6.0.19041.1110_none_60b5254171f9507e;C:\Program Files\Java\jdk-11.0.6\bin\server;C:\Program Files\Bonjour

VM Arguments:
jvm_args: -Dcom.sun.management.jmxremote -Dcom.sun.management.jmxremote.port=56255 -Dcom.sun.management.jmxremote.authenticate=false -Dcom.sun.management.jmxremote.ssl=false -Djava.rmi.server.hostname=localhost -Dspring.jmx.enabled=true -Dspring.application.admin.enabled=true -XX:TieredStopAtLevel=1 -Dspring.boot.project.name=cursomc -Dfile.encoding=UTF-8 
java_command: com.jpv.cursomc.CursomcApplication --spring.output.ansi.enabled=always
java_class_path (initial): C:\Users\Jeff\Documents\Curso onLine\SpringBoot, Hibernate, Rest Ionic\cursomc\target\classes;C:\Users\Jeff\.m2\repository\org\springframework\boot\spring-boot-starter-web\2.5.6\spring-boot-starter-web-2.5.6.jar;C:\Users\Jeff\.m2\repository\org\springframework\boot\spring-boot-starter\2.5.6\spring-boot-starter-2.5.6.jar;C:\Users\Jeff\.m2\repository\org\springframework\boot\spring-boot-starter-logging\2.5.6\spring-boot-starter-logging-2.5.6.jar;C:\Users\Jeff\.m2\repository\ch\qos\logback\logback-classic\1.2.6\logback-classic-1.2.6.jar;C:\Users\Jeff\.m2\repository\ch\qos\logback\logback-core\1.2.6\logback-core-1.2.6.jar;C:\Users\Jeff\.m2\repository\org\apache\logging\log4j\log4j-to-slf4j\2.14.1\log4j-to-slf4j-2.14.1.jar;C:\Users\Jeff\.m2\repository\org\apache\logging\log4j\log4j-api\2.14.1\log4j-api-2.14.1.jar;C:\Users\Jeff\.m2\repository\org\slf4j\jul-to-slf4j\1.7.32\jul-to-slf4j-1.7.32.jar;C:\Users\Jeff\.m2\repository\jakarta\annotation\jakarta.annotation-api\1.3.5\jakarta.annotation-api-1.3.5.jar;C:\Users\Jeff\.m2\repository\org\yaml\snakeyaml\1.28\snakeyaml-1.28.jar;C:\Users\Jeff\.m2\repository\org\springframework\boot\spring-boot-starter-json\2.5.6\spring-boot-starter-json-2.5.6.jar;C:\Users\Jeff\.m2\repository\com\fasterxml\jackson\datatype\jackson-datatype-jdk8\2.12.5\jackson-datatype-jdk8-2.12.5.jar;C:\Users\Jeff\.m2\repository\com\fasterxml\jackson\datatype\jackson-datatype-jsr310\2.12.5\jackson-datatype-jsr310-2.12.5.jar;C:\Users\Jeff\.m2\repository\com\fasterxml\jackson\module\jackson-module-parameter-names\2.12.5\jackson-module-parameter-names-2.12.5.jar;C:\Users\Jeff\.m2\repository\org\springframework\boot\spring-boot-starter-tomcat\2.5.6\spring-boot-starter-tomcat-2.5.6.jar;C:\Users\Jeff\.m2\repository\org\apache\tomcat\embed\tomcat-embed-core\9.0.54\tomcat-embed-core-9.0.54.jar;C:\Users\Jeff\.m2\repository\org\apache\tomcat\embed\tomcat-embed-el\9.0.54\tomcat-embed-el-9.0.54.jar;C:\Users\Jeff\.m2\repository\org\apache\tomcat
Launcher Type: SUN_STANDARD

[Global flags]
     intx CICompilerCount                          = 3                                         {product} {ergonomic}
     uint ConcGCThreads                            = 1                                         {product} {ergonomic}
     uint G1ConcRefinementThreads                  = 4                                         {product} {ergonomic}
   size_t G1HeapRegionSize                         = 1048576                                   {product} {ergonomic}
    uintx GCDrainStackTargetSize                   = 64                                        {product} {ergonomic}
   size_t InitialHeapSize                          = 62914560                                  {product} {ergonomic}
     bool ManagementServer                         = true                                      {product} {command line}
   size_t MarkStackSize                            = 4194304                                   {product} {ergonomic}
   size_t MaxHeapSize                              = 996147200                                 {product} {ergonomic}
   size_t MaxNewSize                               = 597688320                                 {product} {ergonomic}
   size_t MinHeapDeltaBytes                        = 1048576                                   {product} {ergonomic}
    uintx NonNMethodCodeHeapSize                   = 6973028                                {pd product} {ergonomic}
    uintx NonProfiledCodeHeapSize                  = 244685212                              {pd product} {ergonomic}
    uintx ProfiledCodeHeapSize                     = 0                                      {pd product} {ergonomic}
    uintx ReservedCodeCacheSize                    = 251658240                              {pd product} {ergonomic}
     bool SegmentedCodeCache                       = true                                      {product} {ergonomic}
     intx TieredStopAtLevel                        = 1                                         {product} {command line}
     bool UseCompressedClassPointers               = true                                 {lp64_product} {ergonomic}
     bool UseCompressedOops                        = true                                 {lp64_product} {ergonomic}
     bool UseG1GC                                  = true                                      {product} {ergonomic}
     bool UseLargePagesIndividualAllocation        = false                                  {pd product} {ergonomic}

Logging:
Log output configuration:
 #0: stdout all=warning uptime,level,tags
 #1: stderr all=off uptime,level,tags

Environment Variables:
JAVA_HOME=C:\Program Files\Java\jdk-11.0.6
PATH=C:/Users/Jeff/eclipse/jee-2020-03/sts-4.13.0.RELEASE//plugins/org.eclipse.justj.openjdk.hotspot.jre.full.win32.x86_64_17.0.1.v20211116-1657/jre/bin/server;C:/Users/Jeff/eclipse/jee-2020-03/sts-4.13.0.RELEASE//plugins/org.eclipse.justj.openjdk.hotspot.jre.full.win32.x86_64_17.0.1.v20211116-1657/jre/bin;C:\Python39\Scripts\;C:\Python39\;C:\Program Files (x86)\Common Files\Intel\Shared Files\cpp\bin\Intel64;C:\Program Files (x86)\Intel\iCLS Client\;C:\Program Files\Intel\iCLS Client\;C:\WINDOWS\system32;C:\WINDOWS;C:\WINDOWS\System32\Wbem;C:\WINDOWS\System32\WindowsPowerShell\v1.0\;C:\Program Files\Intel\Intel(R) Management Engine Components\DAL;C:\Program Files\Intel\Intel(R) Management Engine Components\IPT;C:\Program Files (x86)\Intel\Intel(R) Management Engine Components\DAL;C:\Program Files (x86)\Intel\Intel(R) Management Engine Components\IPT;C:\Program Files (x86)\Common Files\Roxio Shared\DLLShared\;C:\Program Files (x86)\Common Files\Roxio Shared\9.0\DLLShared\;C:\Program Files (x86)\Skype\Phone\;C:\WINDOWS\System32\OpenSSH\;C:\Program Files\Java\jdk-11.0.6\bin;C:\Users\Jeff\Documents\Curso onLine\Selenium webDriver\geckoDriver;C:\Program Files\Git\cmd;C:\Program Files\nodejs\;C:\ProgramData\chocolatey\bin;C:\Program Files\MongoDB\Server\5.0\bin;C:\Program Files\Microsoft SQL Server\Client SDK\ODBC\170\Tools\Binn\;C:\Program Files (x86)\Microsoft SQL Server\150\Tools\Binn\;C:\Program Files\Microsoft SQL Server\150\Tools\Binn\;C:\Program Files\Microsoft SQL Server\150\DTS\Binn\;C:\Program Files\Azure Data Studio\bin;C:\Program Files\MySQL\MySQL Server 8.0\bin;C:\Program Files\MySQL\MySQL Shell 8.0\bin\;C:\Users\Jeff\AppData\Local\Microsoft\WindowsApps;C:\Users\Jeff\Documents\Curso onLine\Selenium webDriver\Maven\apache-maven-3.6.3\bin;C:\Users\Jeff\AppData\Local\Microsoft\WindowsApps;C:\Users\Jeff\AppData\Local\Programs\Microsoft VS Code\bin;C:\Program Files\heroku\bin;C:\Users\Jeff\AppData\Roaming\npm;C:\Users\Jeff\AppData\Local\atom\bin;;C:\Program Files\Az
USERNAME=Jeff
OS=Windows_NT
PROCESSOR_IDENTIFIER=Intel64 Family 6 Model 58 Stepping 9, GenuineIntel



---------------  S Y S T E M  ---------------

OS: Windows 10 , 64 bit Build 19041 (10.0.19041.1566)

CPU:total 4 (initial active 4) (2 cores per cpu, 2 threads per core) family 6 model 58 stepping 9, cmov, cx8, fxsr, mmx, sse, sse2, sse3, ssse3, sse4.1, sse4.2, popcnt, avx, clmul, erms, ht, tsc, tscinvbit, tscinv

Memory: 4k page, system-wide physical 3797M (326M free)
TotalPageFile size 10734M (AvailPageFile size 4152M)
current process WorkingSet (physical memory assigned to process): 94M, peak: 94M
current process commit charge ("private bytes"): 158M, peak: 158M

vm_info: Java HotSpot(TM) 64-Bit Server VM (11.0.6+8-LTS) for windows-amd64 JRE (11.0.6+8-LTS), built on Dec 11 2019 09:17:57 by "mach5one" with MS VC++ 15.5 (VS2017)

END.
