#
# A fatal error has been detected by the Java Runtime Environment:
#
#  EXCEPTION_ACCESS_VIOLATION (0xc0000005) at pc=0x00007ffc7d71f475, pid=10316, tid=16856
#
# JRE version: Java(TM) SE Runtime Environment (11.0.6+8) (build 11.0.6+8-LTS)
# Java VM: Java HotSpot(TM) 64-Bit Server VM (11.0.6+8-LTS, mixed mode, tiered, compressed oops, g1 gc, windows-amd64)
# Problematic frame:
# V  [jvm.dll+0x65f475]
#
# No core dump will be written. Minidumps are not enabled by default on client versions of Windows
#
# If you would like to submit a bug report, please visit:
#   http://bugreport.java.com/bugreport/crash.jsp
#

---------------  S U M M A R Y ------------

Command Line: -Dcom.sun.management.jmxremote -Dcom.sun.management.jmxremote.port=62891 -Dcom.sun.management.jmxremote.authenticate=false -Dcom.sun.management.jmxremote.ssl=false -Djava.rmi.server.hostname=localhost -Dspring.jmx.enabled=true -XX:TieredStopAtLevel=1 -Dspring.boot.project.name=cursomc -Dfile.encoding=UTF-8 com.jpv.cursomc.CursomcApplication --spring.output.ansi.enabled=always

Host: Intel(R) Core(TM) i5-3210M CPU @ 2.50GHz, 4 cores, 3G,  Windows 10 , 64 bit Build 19041 (10.0.19041.1566)
Time: Wed Mar 16 17:12:05 2022 Hora oficial do Brasil elapsed time: 3 seconds (0d 0h 0m 3s)

---------------  T H R E A D  ---------------

Current thread (0x000002c78f83e000):  WatcherThread [stack: 0x000000d33e700000,0x000000d33e800000] [id=16856]

Stack: [0x000000d33e700000,0x000000d33e800000],  sp=0x000000d33e7ff340,  free space=1020k
Native frames: (J=compiled Java code, j=interpreted, Vv=VM code, C=native code)
V  [jvm.dll+0x65f475]
V  [jvm.dll+0x6c885f]
V  [jvm.dll+0x714d0d]
V  [jvm.dll+0x73ab89]
V  [jvm.dll+0x733905]
V  [jvm.dll+0x635846]
C  [ucrtbase.dll+0x21bb2]
C  [KERNEL32.DLL+0x17034]
C  [ntdll.dll+0x52651]


siginfo: EXCEPTION_ACCESS_VIOLATION (0xc0000005), reading address 0x0000000400000003


Register to memory mapping:

RIP=0x00007ffc7d71f475 jvm.dll
RAX=0x0000000400000003 is an unknown value
RBX=0x000002c78f7a9630 points into unknown readable memory: 50 ca 98 7d fc 7f 00 00
RCX=0x000002c78f82b840 points into unknown readable memory: 03 00 00 00 04 00 00 00
RDX=0x0000000000000039 is an unknown value
RSP=0x000000d33e7ff340 points into unknown readable memory: e0 31 9e f1 c7 02 00 00
RBP=0x0000000000000002 is an unknown value
RSI=0x000002c78f82b800 points into unknown readable memory: 30 69 7d 8f c7 02 00 00
RDI=0x0 is NULL
R8 =0x0 is NULL
R9 =0x000002c780000b80 is at begin+0 in a stub
StubRoutines::atomic_cmpxchg_long [0x000002c780000b80, 0x000002c780000b89[ (9 bytes)
R10=0x0000000000000001 is an unknown value
R11=0x000002a733c81141 is an unknown value
R12=0x0 is NULL
R13=0x000002c78f83e000 points into unknown readable memory: a8 a3 99 7d fc 7f 00 00
R14=0x0000000000000039 is an unknown value
R15=0x000002c78f75b410 points into unknown readable memory: 00 00 00 00 00 00 00 00


Registers:
RAX=0x0000000400000003, RBX=0x000002c78f7a9630, RCX=0x000002c78f82b840, RDX=0x0000000000000039
RSP=0x000000d33e7ff340, RBP=0x0000000000000002, RSI=0x000002c78f82b800, RDI=0x0000000000000000
R8 =0x0000000000000000, R9 =0x000002c780000b80, R10=0x0000000000000001, R11=0x000002a733c81141
R12=0x0000000000000000, R13=0x000002c78f83e000, R14=0x0000000000000039, R15=0x000002c78f75b410
RIP=0x00007ffc7d71f475, EFLAGS=0x0000000000010202

Top of Stack: (sp=0x000000d33e7ff340)
0x000000d33e7ff340:   000002c7f19e31e0 0000000000000c38
0x000000d33e7ff350:   0000000000000001 00007ffc7d6c8920
0x000000d33e7ff360:   0000000000000000 00007ffc7d78885f
0x000000d33e7ff370:   000002c78f83e000 000002c78f83e000
0x000000d33e7ff380:   00017d4498bf3b04 00007ffc7d6c93a9
0x000000d33e7ff390:   00007ffc7db357d8 00007ffc7d7d4d0d
0x000000d33e7ff3a0:   0000000000000001 000002c7f19e31e0
0x000000d33e7ff3b0:   000002c7f19e31e0 431bde82d7b634db
0x000000d33e7ff3c0:   000002c78f75b410 00017d4498bf3b04
0x000000d33e7ff3d0:   000002c7f19e31e0 00007ffc7d7fab89
0x000000d33e7ff3e0:   0000000000000001 0000000000000039
0x000000d33e7ff3f0:   0000000000000032 0000000000000002
0x000000d33e7ff400:   0000000000000000 0000000000000000
0x000000d33e7ff410:   0000000000000000 0000000000000000
0x000000d33e7ff420:   0000000000000000 0000000000000000
0x000000d33e7ff430:   0000000000000000 0000000000000000 

Instructions: (pc=0x00007ffc7d71f475)
0x00007ffc7d71f455:   70 48 83 c4 50 5f c3 cc cc cc cc 40 53 48 83 ec
0x00007ffc7d71f465:   20 48 8b d9 48 8b 49 38 48 85 c9 74 0c 48 8b 01
0x00007ffc7d71f475:   ff 10 48 8b 4b 28 48 89 01 48 83 c4 20 5b c3 cc
0x00007ffc7d71f485:   cc cc cc cc cc cc cc cc cc cc cc 48 89 5c 24 08 


Stack slot to memory mapping:
stack at sp + 0 slots: 0x000002c7f19e31e0 points into unknown readable memory: 01 00 00 00 00 00 00 00
stack at sp + 1 slots: 0x0000000000000c38 is an unknown value
stack at sp + 2 slots: 0x0000000000000001 is an unknown value
stack at sp + 3 slots: 0x00007ffc7d6c8920 jvm.dll
stack at sp + 4 slots: 0x0 is NULL
stack at sp + 5 slots: 0x00007ffc7d78885f jvm.dll
stack at sp + 6 slots: 0x000002c78f83e000 points into unknown readable memory: a8 a3 99 7d fc 7f 00 00
stack at sp + 7 slots: 0x000002c78f83e000 points into unknown readable memory: a8 a3 99 7d fc 7f 00 00


---------------  P R O C E S S  ---------------

Threads class SMR info:
_java_thread_list=0x000002c78f7d6a20, length=12, elements={
0x000002c7f19e5000, 0x000002c7fe55b000, 0x000002c7fe564800, 0x000002c7fef22800,
0x000002c7fef23800, 0x000002c7fe57e000, 0x000002c7fe583000, 0x000002c7ff096800,
0x000002c7ff10b800, 0x000002c78f776800, 0x000002c78f7bf000, 0x000002c78f82e000
}

Java Threads: ( => current thread )
  0x000002c7f19e5000 JavaThread "main" [_thread_in_native, id=6592, stack(0x000000d33d400000,0x000000d33d500000)]
  0x000002c7fe55b000 JavaThread "Reference Handler" daemon [_thread_blocked, id=8128, stack(0x000000d33db00000,0x000000d33dc00000)]
  0x000002c7fe564800 JavaThread "Finalizer" daemon [_thread_blocked, id=11368, stack(0x000000d33dc00000,0x000000d33dd00000)]
  0x000002c7fef22800 JavaThread "Signal Dispatcher" daemon [_thread_blocked, id=4832, stack(0x000000d33dd00000,0x000000d33de00000)]
  0x000002c7fef23800 JavaThread "Attach Listener" daemon [_thread_blocked, id=12688, stack(0x000000d33de00000,0x000000d33df00000)]
  0x000002c7fe57e000 JavaThread "C1 CompilerThread0" daemon [_thread_blocked, id=3408, stack(0x000000d33df00000,0x000000d33e000000)]
  0x000002c7fe583000 JavaThread "Sweeper thread" daemon [_thread_blocked, id=9988, stack(0x000000d33e000000,0x000000d33e100000)]
  0x000002c7ff096800 JavaThread "Common-Cleaner" daemon [_thread_blocked, id=8756, stack(0x000000d33e100000,0x000000d33e200000)]
  0x000002c7ff10b800 JavaThread "Service Thread" daemon [_thread_blocked, id=19248, stack(0x000000d33e200000,0x000000d33e300000)]
  0x000002c78f776800 JavaThread "RMI TCP Accept-0" daemon [_thread_in_native, id=7356, stack(0x000000d33e400000,0x000000d33e500000)]
  0x000002c78f7bf000 JavaThread "RMI TCP Accept-62891" daemon [_thread_in_native, id=7520, stack(0x000000d33e500000,0x000000d33e600000)]
  0x000002c78f82e000 JavaThread "RMI TCP Accept-0" daemon [_thread_in_native, id=4748, stack(0x000000d33e600000,0x000000d33e700000)]

Other Threads:
  0x000002c7fe533800 VMThread "VM Thread" [stack: 0x000000d33da00000,0x000000d33db00000] [id=6632]
=>0x000002c78f83e000 WatcherThread [stack: 0x000000d33e700000,0x000000d33e800000] [id=16856]
  0x000002c7f19fb000 GCTaskThread "GC Thread#0" [stack: 0x000000d33d500000,0x000000d33d600000] [id=1380]
  0x000002c7ffa41800 GCTaskThread "GC Thread#1" [stack: 0x000000d33e300000,0x000000d33e400000] [id=14312]
  0x000002c7f1a14800 ConcurrentGCThread "G1 Main Marker" [stack: 0x000000d33d600000,0x000000d33d700000] [id=17524]
  0x000002c7f1a16800 ConcurrentGCThread "G1 Conc#0" [stack: 0x000000d33d700000,0x000000d33d800000] [id=15424]
  0x000002c7f1a5e800 ConcurrentGCThread "G1 Refine#0" [stack: 0x000000d33d800000,0x000000d33d900000] [id=6684]
  0x000002c7f1a5f800 ConcurrentGCThread "G1 Young RemSet Sampling" [stack: 0x000000d33d900000,0x000000d33da00000] [id=10588]

Threads with active compile tasks:

VM state:not at safepoint (normal execution)

VM Mutex/Monitor currently owned by a thread:  ([mutex/lock_event])
[0x000002c7f19e31e0] PeriodicTask_lock - owner thread: 0x000002c78f83e000

Heap address: 0x00000000c4a00000, size: 950 MB, Compressed Oops mode: 32-bit
Narrow klass base: 0x0000000000000000, Narrow klass shift: 3
Compressed class space size: 1073741824 Address: 0x0000000100000000

Heap:
 garbage-first heap   total 61440K, used 26293K [0x00000000c4a00000, 0x0000000100000000)
  region size 1024K, 4 young (4096K), 2 survivors (2048K)
 Metaspace       used 12245K, capacity 12623K, committed 12672K, reserved 1060864K
  class space    used 1292K, capacity 1404K, committed 1408K, reserved 1048576K
Heap Regions: E=young(eden), S=young(survivor), O=old, HS=humongous(starts), HC=humongous(continues), CS=collection set, F=free, A=archive, TAMS=top-at-mark-start (previous, next)
|   0|0x00000000c4a00000, 0x00000000c4b00000, 0x00000000c4b00000|100%|HS|  |TAMS 0x00000000c4a00000, 0x00000000c4a00000| Complete 
|   1|0x00000000c4b00000, 0x00000000c4c00000, 0x00000000c4c00000|100%| O|  |TAMS 0x00000000c4b00000, 0x00000000c4b00000| Untracked 
|   2|0x00000000c4c00000, 0x00000000c4d00000, 0x00000000c4d00000|100%| O|  |TAMS 0x00000000c4c00000, 0x00000000c4c00000| Untracked 
|   3|0x00000000c4d00000, 0x00000000c4e00000, 0x00000000c4e00000|100%| O|  |TAMS 0x00000000c4d00000, 0x00000000c4d00000| Untracked 
|   4|0x00000000c4e00000, 0x00000000c4f00000, 0x00000000c4f00000|100%| O|  |TAMS 0x00000000c4e00000, 0x00000000c4e00000| Untracked 
|   5|0x00000000c4f00000, 0x00000000c5000000, 0x00000000c5000000|100%| O|  |TAMS 0x00000000c4f00000, 0x00000000c4f00000| Untracked 
|   6|0x00000000c5000000, 0x00000000c5100000, 0x00000000c5100000|100%| O|  |TAMS 0x00000000c5000000, 0x00000000c5000000| Untracked 
|   7|0x00000000c5100000, 0x00000000c5200000, 0x00000000c5200000|100%| O|  |TAMS 0x00000000c5100000, 0x00000000c5100000| Untracked 
|   8|0x00000000c5200000, 0x00000000c5300000, 0x00000000c5300000|100%| O|  |TAMS 0x00000000c5200000, 0x00000000c5200000| Untracked 
|   9|0x00000000c5300000, 0x00000000c5400000, 0x00000000c5400000|100%| O|  |TAMS 0x00000000c5300000, 0x00000000c5300000| Untracked 
|  10|0x00000000c5400000, 0x00000000c5500000, 0x00000000c5500000|100%| O|  |TAMS 0x00000000c5400000, 0x00000000c5400000| Untracked 
|  11|0x00000000c5500000, 0x00000000c5600000, 0x00000000c5600000|100%| O|  |TAMS 0x00000000c5500000, 0x00000000c5500000| Untracked 
|  12|0x00000000c5600000, 0x00000000c5700000, 0x00000000c5700000|100%| O|  |TAMS 0x00000000c5600000, 0x00000000c5600000| Untracked 
|  13|0x00000000c5700000, 0x00000000c5800000, 0x00000000c5800000|100%| O|  |TAMS 0x00000000c5700000, 0x00000000c5700000| Untracked 
|  14|0x00000000c5800000, 0x00000000c5900000, 0x00000000c5900000|100%| O|  |TAMS 0x00000000c5800000, 0x00000000c5800000| Untracked 
|  15|0x00000000c5900000, 0x00000000c5a00000, 0x00000000c5a00000|100%| O|  |TAMS 0x00000000c5900000, 0x00000000c5900000| Untracked 
|  16|0x00000000c5a00000, 0x00000000c5b00000, 0x00000000c5b00000|100%| O|  |TAMS 0x00000000c5a00000, 0x00000000c5a00000| Untracked 
|  17|0x00000000c5b00000, 0x00000000c5c00000, 0x00000000c5c00000|100%| O|  |TAMS 0x00000000c5b00000, 0x00000000c5b00000| Untracked 
|  18|0x00000000c5c00000, 0x00000000c5d00000, 0x00000000c5d00000|100%| O|  |TAMS 0x00000000c5c00000, 0x00000000c5c00000| Untracked 
|  19|0x00000000c5d00000, 0x00000000c5e00000, 0x00000000c5e00000|100%| O|  |TAMS 0x00000000c5d00000, 0x00000000c5d00000| Untracked 
|  20|0x00000000c5e00000, 0x00000000c5f00000, 0x00000000c5f00000|100%| O|  |TAMS 0x00000000c5e00000, 0x00000000c5e00000| Untracked 
|  21|0x00000000c5f00000, 0x00000000c6000000, 0x00000000c6000000|100%| O|  |TAMS 0x00000000c5f00000, 0x00000000c5f00000| Untracked 
|  22|0x00000000c6000000, 0x00000000c60ad600, 0x00000000c6100000| 67%| O|  |TAMS 0x00000000c6000000, 0x00000000c6000000| Untracked 
|  23|0x00000000c6100000, 0x00000000c6100000, 0x00000000c6200000|  0%| F|  |TAMS 0x00000000c6100000, 0x00000000c6100000| Untracked 
|  24|0x00000000c6200000, 0x00000000c6200000, 0x00000000c6300000|  0%| F|  |TAMS 0x00000000c6200000, 0x00000000c6200000| Untracked 
|  25|0x00000000c6300000, 0x00000000c6300000, 0x00000000c6400000|  0%| F|  |TAMS 0x00000000c6300000, 0x00000000c6300000| Untracked 
|  26|0x00000000c6400000, 0x00000000c6400000, 0x00000000c6500000|  0%| F|  |TAMS 0x00000000c6400000, 0x00000000c6400000| Untracked 
|  27|0x00000000c6500000, 0x00000000c6500000, 0x00000000c6600000|  0%| F|  |TAMS 0x00000000c6500000, 0x00000000c6500000| Untracked 
|  28|0x00000000c6600000, 0x00000000c6600000, 0x00000000c6700000|  0%| F|  |TAMS 0x00000000c6600000, 0x00000000c6600000| Untracked 
|  29|0x00000000c6700000, 0x00000000c6700000, 0x00000000c6800000|  0%| F|  |TAMS 0x00000000c6700000, 0x00000000c6700000| Untracked 
|  30|0x00000000c6800000, 0x00000000c6800000, 0x00000000c6900000|  0%| F|  |TAMS 0x00000000c6800000, 0x00000000c6800000| Untracked 
|  31|0x00000000c6900000, 0x00000000c6900000, 0x00000000c6a00000|  0%| F|  |TAMS 0x00000000c6900000, 0x00000000c6900000| Untracked 
|  32|0x00000000c6a00000, 0x00000000c6a00000, 0x00000000c6b00000|  0%| F|  |TAMS 0x00000000c6a00000, 0x00000000c6a00000| Untracked 
|  33|0x00000000c6b00000, 0x00000000c6b00000, 0x00000000c6c00000|  0%| F|  |TAMS 0x00000000c6b00000, 0x00000000c6b00000| Untracked 
|  34|0x00000000c6c00000, 0x00000000c6c00000, 0x00000000c6d00000|  0%| F|  |TAMS 0x00000000c6c00000, 0x00000000c6c00000| Untracked 
|  35|0x00000000c6d00000, 0x00000000c6d00000, 0x00000000c6e00000|  0%| F|  |TAMS 0x00000000c6d00000, 0x00000000c6d00000| Untracked 
|  36|0x00000000c6e00000, 0x00000000c6e00000, 0x00000000c6f00000|  0%| F|  |TAMS 0x00000000c6e00000, 0x00000000c6e00000| Untracked 
|  37|0x00000000c6f00000, 0x00000000c6f00000, 0x00000000c7000000|  0%| F|  |TAMS 0x00000000c6f00000, 0x00000000c6f00000| Untracked 
|  38|0x00000000c7000000, 0x00000000c7000000, 0x00000000c7100000|  0%| F|  |TAMS 0x00000000c7000000, 0x00000000c7000000| Untracked 
|  39|0x00000000c7100000, 0x00000000c7100000, 0x00000000c7200000|  0%| F|  |TAMS 0x00000000c7100000, 0x00000000c7100000| Untracked 
|  40|0x00000000c7200000, 0x00000000c7200000, 0x00000000c7300000|  0%| F|  |TAMS 0x00000000c7200000, 0x00000000c7200000| Untracked 
|  41|0x00000000c7300000, 0x00000000c7300000, 0x00000000c7400000|  0%| F|  |TAMS 0x00000000c7300000, 0x00000000c7300000| Untracked 
|  42|0x00000000c7400000, 0x00000000c7400000, 0x00000000c7500000|  0%| F|  |TAMS 0x00000000c7400000, 0x00000000c7400000| Untracked 
|  43|0x00000000c7500000, 0x00000000c7500000, 0x00000000c7600000|  0%| F|  |TAMS 0x00000000c7500000, 0x00000000c7500000| Untracked 
|  44|0x00000000c7600000, 0x00000000c7600000, 0x00000000c7700000|  0%| F|  |TAMS 0x00000000c7600000, 0x00000000c7600000| Untracked 
|  45|0x00000000c7700000, 0x00000000c7700000, 0x00000000c7800000|  0%| F|  |TAMS 0x00000000c7700000, 0x00000000c7700000| Untracked 
|  46|0x00000000c7800000, 0x00000000c7900000, 0x00000000c7900000|100%| S|CS|TAMS 0x00000000c7800000, 0x00000000c7800000| Complete 
|  47|0x00000000c7900000, 0x00000000c7a00000, 0x00000000c7a00000|100%| S|CS|TAMS 0x00000000c7900000, 0x00000000c7900000| Complete 
|  48|0x00000000c7a00000, 0x00000000c7a00000, 0x00000000c7b00000|  0%| F|  |TAMS 0x00000000c7a00000, 0x00000000c7a00000| Untracked 
|  49|0x00000000c7b00000, 0x00000000c7b00000, 0x00000000c7c00000|  0%| F|  |TAMS 0x00000000c7b00000, 0x00000000c7b00000| Untracked 
|  50|0x00000000c7c00000, 0x00000000c7c00000, 0x00000000c7d00000|  0%| F|  |TAMS 0x00000000c7c00000, 0x00000000c7c00000| Untracked 
|  51|0x00000000c7d00000, 0x00000000c7d00000, 0x00000000c7e00000|  0%| F|  |TAMS 0x00000000c7d00000, 0x00000000c7d00000| Untracked 
|  52|0x00000000c7e00000, 0x00000000c7e00000, 0x00000000c7f00000|  0%| F|  |TAMS 0x00000000c7e00000, 0x00000000c7e00000| Untracked 
|  53|0x00000000c7f00000, 0x00000000c7f00000, 0x00000000c8000000|  0%| F|  |TAMS 0x00000000c7f00000, 0x00000000c7f00000| Untracked 
|  54|0x00000000c8000000, 0x00000000c8000000, 0x00000000c8100000|  0%| F|  |TAMS 0x00000000c8000000, 0x00000000c8000000| Untracked 
|  55|0x00000000c8100000, 0x00000000c8100000, 0x00000000c8200000|  0%| F|  |TAMS 0x00000000c8100000, 0x00000000c8100000| Untracked 
|  56|0x00000000c8200000, 0x00000000c8200000, 0x00000000c8300000|  0%| F|  |TAMS 0x00000000c8200000, 0x00000000c8200000| Untracked 
|  57|0x00000000c8300000, 0x00000000c8300000, 0x00000000c8400000|  0%| F|  |TAMS 0x00000000c8300000, 0x00000000c8300000| Untracked 
|  58|0x00000000c8400000, 0x00000000c8496d88, 0x00000000c8500000| 58%| E|  |TAMS 0x00000000c8400000, 0x00000000c8400000| Complete 
|  59|0x00000000c8500000, 0x00000000c8600000, 0x00000000c8600000|100%| E|CS|TAMS 0x00000000c8500000, 0x00000000c8500000| Complete 

Card table byte_map: [0x000002c7f9f10000,0x000002c7fa0f0000] _byte_map_base: 0x000002c7f98eb000

Marking Bits (Prev, Next): (CMBitMap*) 0x000002c7f1a0feb8, (CMBitMap*) 0x000002c7f1a0fef0
 Prev Bits: [0x000002c7fa2d0000, 0x000002c7fb1a8000)
 Next Bits: [0x000002c7fb1b0000, 0x000002c7fc088000)

Polling page: 0x000002c7f1180000

Metaspace:

Usage:
  Non-class:     10.96 MB capacity,    10.70 MB ( 98%) used,   235.89 KB (  2%) free+waste,    29.75 KB ( <1%) overhead. 
      Class:      1.37 MB capacity,     1.26 MB ( 92%) used,    96.59 KB (  7%) free+waste,    14.81 KB (  1%) overhead. 
       Both:     12.33 MB capacity,    11.96 MB ( 97%) used,   332.48 KB (  3%) free+waste,    44.56 KB ( <1%) overhead. 

Virtual space:
  Non-class space:       12.00 MB reserved,      11.00 MB ( 92%) committed 
      Class space:        1.00 GB reserved,       1.38 MB ( <1%) committed 
             Both:        1.01 GB reserved,      12.38 MB (  1%) committed 

Chunk freelists:
   Non-Class:  5.63 KB
       Class:  512 bytes
        Both:  6.13 KB

CodeHeap 'non-profiled nmethods': size=238912Kb used=1595Kb max_used=1595Kb free=237316Kb
 bounds [0x000002c7806b0000, 0x000002c780920000, 0x000002c78f000000]
CodeHeap 'non-nmethods': size=6848Kb used=1096Kb max_used=1096Kb free=5752Kb
 bounds [0x000002c780000000, 0x000002c780270000, 0x000002c7806b0000]
 total_blobs=1546 nmethods=1132 adapters=325
 compilation: enabled
              stopped_count=0, restarted_count=0
 full_count=0

Compilation events (10 events):
Event: 3.005 Thread 0x000002c7fe57e000 1128   !   1       java.lang.StringCoding::decode (165 bytes)
Event: 3.007 Thread 0x000002c7fe57e000 nmethod 1128 0x000002c78083c390 code [0x000002c78083c680, 0x000002c78083d080]
Event: 3.007 Thread 0x000002c7fe57e000 1129       1       java.lang.String::<init> (127 bytes)
Event: 3.007 Thread 0x000002c7fe57e000 nmethod 1129 0x000002c78083d810 code [0x000002c78083da00, 0x000002c78083dd90]
Event: 3.007 Thread 0x000002c7fe57e000 1130       1       java.util.jar.Attributes::putValue (13 bytes)
Event: 3.008 Thread 0x000002c7fe57e000 nmethod 1130 0x000002c78083df10 code [0x000002c78083e120, 0x000002c78083e510]
Event: 3.008 Thread 0x000002c7fe57e000 1131       1       jdk.internal.loader.URLClassPath$Loader::getBaseURL (5 bytes)
Event: 3.008 Thread 0x000002c7fe57e000 nmethod 1131 0x000002c78083e790 code [0x000002c78083e940, 0x000002c78083ea58]
Event: 3.010 Thread 0x000002c7fe57e000 1132       1       java.security.CodeSource::getLocationNoFragString (5 bytes)
Event: 3.010 Thread 0x000002c7fe57e000 nmethod 1132 0x000002c78083eb10 code [0x000002c78083ecc0, 0x000002c78083edd8]

GC Heap History (6 events):
Event: 1.458 GC heap before
{Heap before GC invocations=0 (full 0):
 garbage-first heap   total 61440K, used 14336K [0x00000000c4a00000, 0x0000000100000000)
  region size 1024K, 14 young (14336K), 0 survivors (0K)
 Metaspace       used 6122K, capacity 6174K, committed 6272K, reserved 1056768K
  class space    used 543K, capacity 567K, committed 640K, reserved 1048576K
}
Event: 1.473 GC heap after
{Heap after GC invocations=1 (full 0):
 garbage-first heap   total 61440K, used 11907K [0x00000000c4a00000, 0x0000000100000000)
  region size 1024K, 2 young (2048K), 2 survivors (2048K)
 Metaspace       used 6122K, capacity 6174K, committed 6272K, reserved 1056768K
  class space    used 543K, capacity 567K, committed 640K, reserved 1048576K
}
Event: 1.602 GC heap before
{Heap before GC invocations=1 (full 0):
 garbage-first heap   total 61440K, used 19075K [0x00000000c4a00000, 0x0000000100000000)
  region size 1024K, 10 young (10240K), 2 survivors (2048K)
 Metaspace       used 6122K, capacity 6174K, committed 6272K, reserved 1056768K
  class space    used 543K, capacity 567K, committed 640K, reserved 1048576K
}
Event: 1.610 GC heap after
{Heap after GC invocations=2 (full 0):
 garbage-first heap   total 61440K, used 19452K [0x00000000c4a00000, 0x0000000100000000)
  region size 1024K, 2 young (2048K), 2 survivors (2048K)
 Metaspace       used 6122K, capacity 6174K, committed 6272K, reserved 1056768K
  class space    used 543K, capacity 567K, committed 640K, reserved 1048576K
}
Event: 2.967 GC heap before
{Heap before GC invocations=2 (full 0):
 garbage-first heap   total 61440K, used 29692K [0x00000000c4a00000, 0x0000000100000000)
  region size 1024K, 12 young (12288K), 2 survivors (2048K)
 Metaspace       used 11828K, capacity 12131K, committed 12416K, reserved 1060864K
  class space    used 1255K, capacity 1364K, committed 1408K, reserved 1048576K
}
Event: 2.973 GC heap after
{Heap after GC invocations=3 (full 0):
 garbage-first heap   total 61440K, used 25269K [0x00000000c4a00000, 0x0000000100000000)
  region size 1024K, 2 young (2048K), 2 survivors (2048K)
 Metaspace       used 11828K, capacity 12131K, committed 12416K, reserved 1060864K
  class space    used 1255K, capacity 1364K, committed 1408K, reserved 1048576K
}

Deoptimization events (0 events):
No events

Classes redefined (0 events):
No events

Internal exceptions (10 events):
Event: 1.969 Thread 0x000002c7f19e5000 Exception <a 'java/lang/NoSuchMethodError'{0x00000000c7b04f78}: java.lang.invoke.DirectMethodHandle$Holder.invokeSpecialIFC(Ljava/lang/Object;Ljava/lang/Object;Ljava/lang/Object;)I> (0x00000000c7b04f78) thrown at [t:/workspace/open/src/hotspot/share/inter
Event: 2.028 Thread 0x000002c7f19e5000 Exception <a 'java/lang/NoSuchMethodError'{0x00000000c7b70778}: java.lang.invoke.DirectMethodHandle$Holder.invokeStatic(Ljava/lang/Object;IIII)Ljava/lang/Object;> (0x00000000c7b70778) thrown at [t:/workspace/open/src/hotspot/share/interpreter/linkResolver
Event: 2.031 Thread 0x000002c7f19e5000 Exception <a 'java/lang/NoSuchMethodError'{0x00000000c7b73890}: java.lang.invoke.DirectMethodHandle$Holder.invokeStaticInit(Ljava/lang/Object;IIII)Ljava/lang/Object;> (0x00000000c7b73890) thrown at [t:/workspace/open/src/hotspot/share/interpreter/linkReso
Event: 2.891 Thread 0x000002c7f19e5000 Exception <a 'java/lang/NoSuchMethodError'{0x00000000c7bb9178}: java.lang.invoke.DirectMethodHandle$Holder.invokeStatic(Ljava/lang/Object;Ljava/lang/Object;IIII)Ljava/lang/Object;> (0x00000000c7bb9178) thrown at [t:/workspace/open/src/hotspot/share/interp
Event: 2.891 Thread 0x000002c7f19e5000 Exception <a 'java/lang/NoSuchMethodError'{0x00000000c7bbc4c0}: java.lang.invoke.DirectMethodHandle$Holder.invokeStaticInit(Ljava/lang/Object;Ljava/lang/Object;IIII)Ljava/lang/Object;> (0x00000000c7bbc4c0) thrown at [t:/workspace/open/src/hotspot/share/in
Event: 2.908 Thread 0x000002c7f19e5000 Exception <a 'java/lang/ClassNotFoundException'{0x00000000c7bd9c68}: javax/management/remote/rmi/RMIServerImpl_Skel> (0x00000000c7bd9c68) thrown at [t:/workspace/open/src/hotspot/share/classfile/systemDictionary.cpp, line 231]
Event: 2.955 Thread 0x000002c7f19e5000 Exception <a 'java/lang/ClassNotFoundException'{0x00000000c7a7fba8}: jdk/internal/agent/resources/spi/agentProvider> (0x00000000c7a7fba8) thrown at [t:/workspace/open/src/hotspot/share/classfile/systemDictionary.cpp, line 231]
Event: 2.963 Thread 0x000002c7f19e5000 Exception <a 'java/lang/NoSuchMethodError'{0x00000000c7ad4f68}: java.lang.invoke.DirectMethodHandle$Holder.invokeStatic(Ljava/lang/Object;Ljava/lang/Object;Ljava/lang/Object;Ljava/lang/Object;Ljava/lang/Object;Ljava/lang/Object;Ljava/lang/Object;Ljava/lan
Event: 2.964 Thread 0x000002c7f19e5000 Exception <a 'java/lang/NoSuchMethodError'{0x00000000c7ae1788}: java.lang.invoke.DirectMethodHandle$Holder.invokeStatic(Ljava/lang/Object;Ljava/lang/Object;Ljava/lang/Object;Ljava/lang/Object;Ljava/lang/Object;Ljava/lang/Object;Ljava/lang/Object;Ljava/lan
Event: 2.966 Thread 0x000002c7f19e5000 Exception <a 'java/lang/NoSuchMethodError'{0x00000000c7afb600}: java.lang.invoke.DelegatingMethodHandle$Holder.reinvoke_L(Ljava/lang/Object;ILjava/lang/Object;)Ljava/lang/Object;> (0x00000000c7afb600) thrown at [t:/workspace/open/src/hotspot/share/interpr

Events (10 events):
Event: 3.007 loading class org/apache/commons/logging/LogAdapter$Slf4jAdapter
Event: 3.007 loading class org/apache/commons/logging/LogAdapter$Slf4jAdapter done
Event: 3.008 loading class org/apache/commons/logging/Log
Event: 3.008 loading class org/apache/commons/logging/Log done
Event: 3.008 loading class org/slf4j/LoggerFactory
Event: 3.008 loading class org/slf4j/LoggerFactory done
Event: 3.009 loading class org/slf4j/event/LoggingEvent
Event: 3.009 loading class org/slf4j/event/LoggingEvent done
Event: 3.010 loading class org/slf4j/ILoggerFactory
Event: 3.010 loading class org/slf4j/ILoggerFactory done


Dynamic libraries:
0x00007ff62a860000 - 0x00007ff62a8a7000 	C:\Program Files\Java\jdk-11.0.6\bin\javaw.exe
0x00007ffcd93d0000 - 0x00007ffcd95c5000 	C:\WINDOWS\SYSTEM32\ntdll.dll
0x00007ffcce660000 - 0x00007ffcce675000 	C:\Program Files\AVAST Software\Avast\aswhook.dll
0x00007ffcd9200000 - 0x00007ffcd92be000 	C:\WINDOWS\System32\KERNEL32.DLL
0x00007ffcd6cf0000 - 0x00007ffcd6fb8000 	C:\WINDOWS\System32\KERNELBASE.dll
0x00007ffcd4300000 - 0x00007ffcd4390000 	C:\WINDOWS\SYSTEM32\apphelp.dll
0x00007ffc8d660000 - 0x00007ffc8daf4000 	C:\WINDOWS\SYSTEM32\AcLayers.DLL
0x00007ffcd8930000 - 0x00007ffcd89ce000 	C:\WINDOWS\System32\msvcrt.dll
0x00007ffcd8700000 - 0x00007ffcd88a0000 	C:\WINDOWS\System32\USER32.dll
0x00007ffcd7370000 - 0x00007ffcd7392000 	C:\WINDOWS\System32\win32u.dll
0x00007ffcd8410000 - 0x00007ffcd843b000 	C:\WINDOWS\System32\GDI32.dll
0x00007ffcd6b40000 - 0x00007ffcd6c4b000 	C:\WINDOWS\System32\gdi32full.dll
0x00007ffcd7120000 - 0x00007ffcd71bd000 	C:\WINDOWS\System32\msvcp_win.dll
0x00007ffcd7270000 - 0x00007ffcd7370000 	C:\WINDOWS\System32\ucrtbase.dll
0x00007ffcd7580000 - 0x00007ffcd75d5000 	C:\WINDOWS\System32\SHLWAPI.dll
0x00007ffcd8120000 - 0x00007ffcd81ce000 	C:\WINDOWS\System32\ADVAPI32.dll
0x00007ffcd8370000 - 0x00007ffcd840c000 	C:\WINDOWS\System32\sechost.dll
0x00007ffcd8520000 - 0x00007ffcd8645000 	C:\WINDOWS\System32\RPCRT4.dll
0x000002c7ef940000 - 0x000002c7ef943000 	C:\WINDOWS\SYSTEM32\sfc.dll
0x00007ffcabe50000 - 0x00007ffcabee4000 	C:\WINDOWS\SYSTEM32\WINSPOOL.DRV
0x00007ffcc11a0000 - 0x00007ffcc11b2000 	C:\WINDOWS\SYSTEM32\sfc_os.DLL
0x00007ffcd7430000 - 0x00007ffcd7460000 	C:\WINDOWS\System32\IMM32.DLL
0x00007ffcc77f0000 - 0x00007ffcc7a8a000 	C:\WINDOWS\WinSxS\amd64_microsoft.windows.common-controls_6595b64144ccf1df_6.0.19041.1110_none_60b5254171f9507e\COMCTL32.dll
0x00007ffccef90000 - 0x00007ffccef9a000 	C:\WINDOWS\SYSTEM32\VERSION.dll
0x00007ffcc8700000 - 0x00007ffcc8716000 	C:\Program Files\Java\jdk-11.0.6\bin\vcruntime140.dll
0x00007ffc8d5b0000 - 0x00007ffc8d65a000 	C:\Program Files\Java\jdk-11.0.6\bin\msvcp140.dll
0x00007ffc7d0c0000 - 0x00007ffc7dbe9000 	C:\Program Files\Java\jdk-11.0.6\bin\server\jvm.dll
0x00007ffcd8110000 - 0x00007ffcd8118000 	C:\WINDOWS\System32\PSAPI.DLL
0x00007ffcc4200000 - 0x00007ffcc4209000 	C:\WINDOWS\SYSTEM32\WSOCK32.dll
0x00007ffcb76c0000 - 0x00007ffcb76e7000 	C:\WINDOWS\SYSTEM32\WINMM.dll
0x00007ffcd92c0000 - 0x00007ffcd932b000 	C:\WINDOWS\System32\WS2_32.dll
0x00007ffcd49c0000 - 0x00007ffcd49d2000 	C:\WINDOWS\SYSTEM32\kernel.appcore.dll
0x00007ffcbe0d0000 - 0x00007ffcbe0e1000 	C:\Program Files\Java\jdk-11.0.6\bin\verify.dll
0x00007ffcc9ca0000 - 0x00007ffcc9e84000 	C:\WINDOWS\SYSTEM32\DBGHELP.DLL
0x00007ffccba90000 - 0x00007ffccbabc000 	C:\WINDOWS\SYSTEM32\dbgcore.DLL
0x00007ffcd73a0000 - 0x00007ffcd7422000 	C:\WINDOWS\System32\bcryptPrimitives.dll
0x00007ffcacd40000 - 0x00007ffcacd69000 	C:\Program Files\Java\jdk-11.0.6\bin\java.dll
0x00007ffcbe060000 - 0x00007ffcbe076000 	C:\Program Files\Java\jdk-11.0.6\bin\zip.dll
0x00007ffcd0da0000 - 0x00007ffcd0daa000 	C:\Program Files\Java\jdk-11.0.6\bin\jimage.dll
0x00007ffcd8ab0000 - 0x00007ffcd91f4000 	C:\WINDOWS\System32\SHELL32.dll
0x00007ffcd4bc0000 - 0x00007ffcd5354000 	C:\WINDOWS\SYSTEM32\windows.storage.dll
0x00007ffcd78a0000 - 0x00007ffcd7bf4000 	C:\WINDOWS\System32\combase.dll
0x00007ffcd63a0000 - 0x00007ffcd63cc000 	C:\WINDOWS\SYSTEM32\Wldp.dll
0x00007ffcd7790000 - 0x00007ffcd783d000 	C:\WINDOWS\System32\SHCORE.dll
0x00007ffcd6a30000 - 0x00007ffcd6a4f000 	C:\WINDOWS\SYSTEM32\profapi.dll
0x00007ffcad1a0000 - 0x00007ffcad1b9000 	C:\Program Files\Java\jdk-11.0.6\bin\net.dll
0x00007ffcd00f0000 - 0x00007ffcd01f9000 	C:\WINDOWS\SYSTEM32\WINHTTP.dll
0x00007ffcd6180000 - 0x00007ffcd61ea000 	C:\WINDOWS\system32\mswsock.dll
0x00007ffcacd20000 - 0x00007ffcacd33000 	C:\Program Files\Java\jdk-11.0.6\bin\nio.dll
0x00007ffccb0e0000 - 0x00007ffccb0e9000 	C:\Program Files\Java\jdk-11.0.6\bin\management.dll
0x00007ffcc81d0000 - 0x00007ffcc81dc000 	C:\Program Files\Java\jdk-11.0.6\bin\management_ext.dll
0x00007ffcbdcc0000 - 0x00007ffcbdcd7000 	C:\WINDOWS\system32\napinsp.dll
0x00007ffcbdca0000 - 0x00007ffcbdcbb000 	C:\WINDOWS\system32\pnrpnsp.dll
0x00007ffcbdc80000 - 0x00007ffcbdc95000 	C:\WINDOWS\system32\wshbth.dll
0x00007ffcd24b0000 - 0x00007ffcd24cd000 	C:\WINDOWS\system32\NLAapi.dll
0x00007ffcd5e90000 - 0x00007ffcd5ecb000 	C:\WINDOWS\SYSTEM32\IPHLPAPI.DLL
0x00007ffcd5ed0000 - 0x00007ffcd5f9a000 	C:\WINDOWS\SYSTEM32\DNSAPI.dll
0x00007ffcd8510000 - 0x00007ffcd8518000 	C:\WINDOWS\System32\NSI.dll
0x00007ffcbdc60000 - 0x00007ffcbdc72000 	C:\WINDOWS\System32\winrnr.dll
0x0000000052930000 - 0x0000000052956000 	C:\Program Files\Bonjour\mdnsNSP.dll
0x00007ffcc7c00000 - 0x00007ffcc7c0a000 	C:\Windows\System32\rasadhlp.dll
0x00007ffccfc90000 - 0x00007ffccfd0f000 	C:\WINDOWS\System32\fwpuclnt.dll
0x00007ffcd6cc0000 - 0x00007ffcd6ce7000 	C:\WINDOWS\System32\bcrypt.dll
0x00007ffcd63e0000 - 0x00007ffcd63f8000 	C:\WINDOWS\SYSTEM32\CRYPTSP.dll
0x00007ffcd5b20000 - 0x00007ffcd5b54000 	C:\WINDOWS\system32\rsaenh.dll
0x00007ffcd69b0000 - 0x00007ffcd69de000 	C:\WINDOWS\SYSTEM32\USERENV.dll
0x00007ffcd6310000 - 0x00007ffcd631c000 	C:\WINDOWS\SYSTEM32\CRYPTBASE.dll
0x00007ffccbae0000 - 0x00007ffccbaf7000 	C:\WINDOWS\SYSTEM32\dhcpcsvc6.DLL
0x00007ffccbac0000 - 0x00007ffccbadd000 	C:\WINDOWS\SYSTEM32\dhcpcsvc.DLL

dbghelp: loaded successfully - version: 4.0.5 - missing functions: none
symbol engine: initialized successfully - sym options: 0x614 - pdb path: .;C:\Program Files\Java\jdk-11.0.6\bin;C:\WINDOWS\SYSTEM32;C:\Program Files\AVAST Software\Avast;C:\WINDOWS\WinSxS\amd64_microsoft.windows.common-controls_6595b64144ccf1df_6.0.19041.1110_none_60b5254171f9507e;C:\Program Files\Java\jdk-11.0.6\bin\server;C:\Program Files\Bonjour

VM Arguments:
jvm_args: -Dcom.sun.management.jmxremote -Dcom.sun.management.jmxremote.port=62891 -Dcom.sun.management.jmxremote.authenticate=false -Dcom.sun.management.jmxremote.ssl=false -Djava.rmi.server.hostname=localhost -Dspring.jmx.enabled=true -XX:TieredStopAtLevel=1 -Dspring.boot.project.name=cursomc -Dfile.encoding=UTF-8 
java_command: com.jpv.cursomc.CursomcApplication --spring.output.ansi.enabled=always
java_class_path (initial): C:\Users\Jeff\Documents\Curso onLine\SpringBoot, Hibernate, Rest Ionic\cursomc\target\classes;C:\Users\Jeff\.m2\repository\org\springframework\boot\spring-boot-starter-web\2.5.6\spring-boot-starter-web-2.5.6.jar;C:\Users\Jeff\.m2\repository\org\springframework\boot\spring-boot-starter\2.5.6\spring-boot-starter-2.5.6.jar;C:\Users\Jeff\.m2\repository\org\springframework\boot\spring-boot-starter-logging\2.5.6\spring-boot-starter-logging-2.5.6.jar;C:\Users\Jeff\.m2\repository\ch\qos\logback\logback-classic\1.2.6\logback-classic-1.2.6.jar;C:\Users\Jeff\.m2\repository\ch\qos\logback\logback-core\1.2.6\logback-core-1.2.6.jar;C:\Users\Jeff\.m2\repository\org\apache\logging\log4j\log4j-to-slf4j\2.14.1\log4j-to-slf4j-2.14.1.jar;C:\Users\Jeff\.m2\repository\org\apache\logging\log4j\log4j-api\2.14.1\log4j-api-2.14.1.jar;C:\Users\Jeff\.m2\repository\org\slf4j\jul-to-slf4j\1.7.32\jul-to-slf4j-1.7.32.jar;C:\Users\Jeff\.m2\repository\jakarta\annotation\jakarta.annotation-api\1.3.5\jakarta.annotation-api-1.3.5.jar;C:\Users\Jeff\.m2\repository\org\yaml\snakeyaml\1.28\snakeyaml-1.28.jar;C:\Users\Jeff\.m2\repository\org\springframework\boot\spring-boot-starter-json\2.5.6\spring-boot-starter-json-2.5.6.jar;C:\Users\Jeff\.m2\repository\com\fasterxml\jackson\datatype\jackson-datatype-jdk8\2.12.5\jackson-datatype-jdk8-2.12.5.jar;C:\Users\Jeff\.m2\repository\com\fasterxml\jackson\datatype\jackson-datatype-jsr310\2.12.5\jackson-datatype-jsr310-2.12.5.jar;C:\Users\Jeff\.m2\repository\com\fasterxml\jackson\module\jackson-module-parameter-names\2.12.5\jackson-module-parameter-names-2.12.5.jar;C:\Users\Jeff\.m2\repository\org\springframework\boot\spring-boot-starter-tomcat\2.5.6\spring-boot-starter-tomcat-2.5.6.jar;C:\Users\Jeff\.m2\repository\org\apache\tomcat\embed\tomcat-embed-core\9.0.54\tomcat-embed-core-9.0.54.jar;C:\Users\Jeff\.m2\repository\org\apache\tomcat\embed\tomcat-embed-el\9.0.54\tomcat-embed-el-9.0.54.jar;C:\Users\Jeff\.m2\repository\org\apache\tomcat
Launcher Type: SUN_STANDARD

[Global flags]
     intx CICompilerCount                          = 3                                         {product} {ergonomic}
     uint ConcGCThreads                            = 1                                         {product} {ergonomic}
     uint G1ConcRefinementThreads                  = 4                                         {product} {ergonomic}
   size_t G1HeapRegionSize                         = 1048576                                   {product} {ergonomic}
    uintx GCDrainStackTargetSize                   = 64                                        {product} {ergonomic}
   size_t InitialHeapSize                          = 62914560                                  {product} {ergonomic}
     bool ManagementServer                         = true                                      {product} {command line}
   size_t MarkStackSize                            = 4194304                                   {product} {ergonomic}
   size_t MaxHeapSize                              = 996147200                                 {product} {ergonomic}
   size_t MaxNewSize                               = 597688320                                 {product} {ergonomic}
   size_t MinHeapDeltaBytes                        = 1048576                                   {product} {ergonomic}
    uintx NonNMethodCodeHeapSize                   = 6973028                                {pd product} {ergonomic}
    uintx NonProfiledCodeHeapSize                  = 244685212                              {pd product} {ergonomic}
    uintx ProfiledCodeHeapSize                     = 0                                      {pd product} {ergonomic}
    uintx ReservedCodeCacheSize                    = 251658240                              {pd product} {ergonomic}
     bool SegmentedCodeCache                       = true                                      {product} {ergonomic}
     intx TieredStopAtLevel                        = 1                                         {product} {command line}
     bool UseCompressedClassPointers               = true                                 {lp64_product} {ergonomic}
     bool UseCompressedOops                        = true                                 {lp64_product} {ergonomic}
     bool UseG1GC                                  = true                                      {product} {ergonomic}
     bool UseLargePagesIndividualAllocation        = false                                  {pd product} {ergonomic}

Logging:
Log output configuration:
 #0: stdout all=warning uptime,level,tags
 #1: stderr all=off uptime,level,tags

Environment Variables:
JAVA_HOME=C:\Program Files\Java\jdk-11.0.6
PATH=C:/Users/Jeff/eclipse/jee-2020-03/sts-4.13.0.RELEASE//plugins/org.eclipse.justj.openjdk.hotspot.jre.full.win32.x86_64_17.0.1.v20211116-1657/jre/bin/server;C:/Users/Jeff/eclipse/jee-2020-03/sts-4.13.0.RELEASE//plugins/org.eclipse.justj.openjdk.hotspot.jre.full.win32.x86_64_17.0.1.v20211116-1657/jre/bin;C:\Python39\Scripts\;C:\Python39\;C:\Program Files (x86)\Common Files\Intel\Shared Files\cpp\bin\Intel64;C:\Program Files (x86)\Intel\iCLS Client\;C:\Program Files\Intel\iCLS Client\;C:\WINDOWS\system32;C:\WINDOWS;C:\WINDOWS\System32\Wbem;C:\WINDOWS\System32\WindowsPowerShell\v1.0\;C:\Program Files\Intel\Intel(R) Management Engine Components\DAL;C:\Program Files\Intel\Intel(R) Management Engine Components\IPT;C:\Program Files (x86)\Intel\Intel(R) Management Engine Components\DAL;C:\Program Files (x86)\Intel\Intel(R) Management Engine Components\IPT;C:\Program Files (x86)\Common Files\Roxio Shared\DLLShared\;C:\Program Files (x86)\Common Files\Roxio Shared\9.0\DLLShared\;C:\Program Files (x86)\Skype\Phone\;C:\WINDOWS\System32\OpenSSH\;C:\Program Files\Java\jdk-11.0.6\bin;C:\Users\Jeff\Documents\Curso onLine\Selenium webDriver\geckoDriver;C:\Program Files\Git\cmd;C:\Program Files\nodejs\;C:\ProgramData\chocolatey\bin;C:\Program Files\MongoDB\Server\5.0\bin;C:\Program Files\Microsoft SQL Server\Client SDK\ODBC\170\Tools\Binn\;C:\Program Files (x86)\Microsoft SQL Server\150\Tools\Binn\;C:\Program Files\Microsoft SQL Server\150\Tools\Binn\;C:\Program Files\Microsoft SQL Server\150\DTS\Binn\;C:\Program Files\Azure Data Studio\bin;C:\Program Files\MySQL\MySQL Server 8.0\bin;C:\Program Files\MySQL\MySQL Shell 8.0\bin\;C:\Users\Jeff\AppData\Local\Microsoft\WindowsApps;C:\Users\Jeff\Documents\Curso onLine\Selenium webDriver\Maven\apache-maven-3.6.3\bin;C:\Users\Jeff\AppData\Local\Microsoft\WindowsApps;C:\Users\Jeff\AppData\Local\Programs\Microsoft VS Code\bin;C:\Program Files\heroku\bin;C:\Users\Jeff\AppData\Roaming\npm;C:\Users\Jeff\AppData\Local\atom\bin;;C:\Program Files\Az
USERNAME=Jeff
OS=Windows_NT
PROCESSOR_IDENTIFIER=Intel64 Family 6 Model 58 Stepping 9, GenuineIntel



---------------  S Y S T E M  ---------------

OS: Windows 10 , 64 bit Build 19041 (10.0.19041.1566)

CPU:total 4 (initial active 4) (2 cores per cpu, 2 threads per core) family 6 model 58 stepping 9, cmov, cx8, fxsr, mmx, sse, sse2, sse3, ssse3, sse4.1, sse4.2, popcnt, avx, clmul, erms, ht, tsc, tscinvbit, tscinv

Memory: 4k page, system-wide physical 3797M (413M free)
TotalPageFile size 10734M (AvailPageFile size 4033M)
current process WorkingSet (physical memory assigned to process): 86M, peak: 86M
current process commit charge ("private bytes"): 153M, peak: 153M

vm_info: Java HotSpot(TM) 64-Bit Server VM (11.0.6+8-LTS) for windows-amd64 JRE (11.0.6+8-LTS), built on Dec 11 2019 09:17:57 by "mach5one" with MS VC++ 15.5 (VS2017)

END.
