#
# A fatal error has been detected by the Java Runtime Environment:
#
#  EXCEPTION_ACCESS_VIOLATION (0xc0000005) at pc=0x00007ffc7a8f6266, pid=18092, tid=3628
#
# JRE version: Java(TM) SE Runtime Environment (11.0.6+8) (build 11.0.6+8-LTS)
# Java VM: Java HotSpot(TM) 64-Bit Server VM (11.0.6+8-LTS, mixed mode, tiered, compressed oops, g1 gc, windows-amd64)
# Problematic frame:
# V  [jvm.dll+0x626266]
#
# No core dump will be written. Minidumps are not enabled by default on client versions of Windows
#
# If you would like to submit a bug report, please visit:
#   http://bugreport.java.com/bugreport/crash.jsp
#

---------------  S U M M A R Y ------------

Command Line: -Dcom.sun.management.jmxremote -Dcom.sun.management.jmxremote.port=50092 -Dcom.sun.management.jmxremote.authenticate=false -Dcom.sun.management.jmxremote.ssl=false -Djava.rmi.server.hostname=localhost -Dspring.jmx.enabled=true -Dspring.boot.project.name=cursomc -Dfile.encoding=UTF-8 com.jpv.cursomc.CursomcApplication --spring.output.ansi.enabled=always

Host: Intel(R) Core(TM) i5-3210M CPU @ 2.50GHz, 4 cores, 3G,  Windows 10 , 64 bit Build 19041 (10.0.19041.1566)
Time: Wed Mar 16 17:18:14 2022 Hora oficial do Brasil elapsed time: 5 seconds (0d 0h 0m 5s)

---------------  T H R E A D  ---------------

Current thread (0x000002633ceca000):  GCTaskThread "GC Thread#1" [stack: 0x000000cebea00000,0x000000cebeb00000] [id=3628]

Stack: [0x000000cebea00000,0x000000cebeb00000],  sp=0x000000cebeafe010,  free space=1016k
Native frames: (J=compiled Java code, j=interpreted, Vv=VM code, C=native code)
V  [jvm.dll+0x626266]
V  [jvm.dll+0x5eb1e9]
V  [jvm.dll+0x2e2ad5]
V  [jvm.dll+0x2e2559]
V  [jvm.dll+0x738787]
V  [jvm.dll+0x738bf0]
V  [jvm.dll+0x329a85]
V  [jvm.dll+0x329564]
V  [jvm.dll+0x2f5af0]
V  [jvm.dll+0x7a8190]
V  [jvm.dll+0x733905]
V  [jvm.dll+0x635846]
C  [ucrtbase.dll+0x21bb2]
C  [KERNEL32.DLL+0x17034]
C  [ntdll.dll+0x52651]

JavaThread 0x000002633d606000 (nid = 16804) was being processed
Java frames: (J=compiled Java code, j=interpreted, Vv=VM code)
j  java.net.PlainSocketImpl.accept0(I[Ljava/net/InetSocketAddress;)I+0 java.base@11.0.6
j  java.net.PlainSocketImpl.socketAccept(Ljava/net/SocketImpl;)V+37 java.base@11.0.6
j  java.net.AbstractPlainSocketImpl.accept(Ljava/net/SocketImpl;)V+7 java.base@11.0.6
j  java.net.ServerSocket.implAccept(Ljava/net/Socket;)V+60 java.base@11.0.6
j  java.net.ServerSocket.accept()Ljava/net/Socket;+48 java.base@11.0.6
j  sun.rmi.transport.tcp.TCPTransport$AcceptLoop.executeAcceptLoop()V+42 java.rmi@11.0.6
j  sun.rmi.transport.tcp.TCPTransport$AcceptLoop.run()V+1 java.rmi@11.0.6
j  java.lang.Thread.run()V+11 java.base@11.0.6
v  ~StubRoutines::call_stub

siginfo: EXCEPTION_ACCESS_VIOLATION (0xc0000005), reading address 0x0000000c0000000b


Register to memory mapping:

RIP=0x00007ffc7a8f6266 jvm.dll
RAX=0x0000000c0000000b is an unknown value
RBX=0x0000000000000080 is an unknown value
RCX=0x0 is NULL
RDX=0x000000cebeafe0a0 points into unknown readable memory: f8 9b 41 3e 63 02 00 00
RSP=0x000000cebeafe010 points into unknown readable memory: d0 01 00 00 00 00 00 00
RBP=0x0 is NULL
RSI={method} {0x000002633e419c00} 'accept0' '(I[Ljava/net/InetSocketAddress;)I' in 'java/net/PlainSocketImpl'
RDI=0x0000000000000080 is an unknown value
R8 =0x0 is NULL
R9 =0x000000cebeafe1b8 points into unknown readable memory: 00 00 00 00 00 00 00 00
R10=0x000002633e419bb8 is pointing into metadata
R11=0x00000000c618bd78 is an oop: java.lang.Class 
{0x00000000c618bd78} - klass: 'java/lang/Class'
R12=0x000000cebeafe1b8 points into unknown readable memory: 00 00 00 00 00 00 00 00
R13=0x0000000000000040 is an unknown value
R14=0x000002633d797dd0 points into unknown readable memory: 0b 00 00 00 0c 00 00 00
R15=0x000000cebeafe0a0 points into unknown readable memory: f8 9b 41 3e 63 02 00 00


Registers:
RAX=0x0000000c0000000b, RBX=0x0000000000000080, RCX=0x0000000000000000, RDX=0x000000cebeafe0a0
RSP=0x000000cebeafe010, RBP=0x0000000000000000, RSI=0x000002633e419bf8, RDI=0x0000000000000080
R8 =0x0000000000000000, R9 =0x000000cebeafe1b8, R10=0x000002633e419bb8, R11=0x00000000c618bd78
R12=0x000000cebeafe1b8, R13=0x0000000000000040, R14=0x000002633d797dd0, R15=0x000000cebeafe0a0
RIP=0x00007ffc7a8f6266, EFLAGS=0x0000000000010246

Top of Stack: (sp=0x000000cebeafe010)
0x000000cebeafe010:   00000000000001d0 000002633bd1d420
0x000000cebeafe020:   0000000000000000 000002633dd38a00
0x000000cebeafe030:   000000cebeafe380 0000000000000040
0x000000cebeafe040:   000002633dd38a00 000002633dd38988
0x000000cebeafe050:   0000000000000000 0000000000000000
0x000000cebeafe060:   000002633e419bf8 000000cebeafe1c0
0x000000cebeafe070:   000000cebeafe1b8 00007ffc7a8bb1e9
0x000000cebeafe080:   000000cebeafe1b8 000000cebeafe1c0
0x000000cebeafe090:   000002633e419bf8 000000cebeafe1b8
0x000000cebeafe0a0:   000002633e419bf8 000002633ceca000
0x000000cebeafe0b0:   000002633dd38a00 00007ffc7a5b2ad5
0x000000cebeafe0c0:   000000cebeafe380 000000cebeafe350
0x000000cebeafe0d0:   000000cebeafe1c0 0000000000006dc0
0x000000cebeafe0e0:   00000000c61c2a01 000002633e419bf8
0x000000cebeafe0f0:   000002633ceca000 0000026300000002
0x000000cebeafe100:   000002633ceca000 00007ffc7a5b53ac 

Instructions: (pc=0x00007ffc7a8f6266)
0x00007ffc7a8f6246:   24 70 48 89 77 10 8b fb 66 90 8b c7 25 1f 00 00
0x00007ffc7a8f6256:   80 7d 07 ff c8 83 c8 e0 ff c0 48 63 c8 49 8b 06
0x00007ffc7a8f6266:   48 8b 14 c8 48 85 d2 74 15 48 8b 02 48 85 c0 74
0x00007ffc7a8f6276:   0d 49 3b 07 75 08 0f b7 42 08 3b c5 74 79 ff c7 


Stack slot to memory mapping:
stack at sp + 0 slots: 0x00000000000001d0 is an unknown value
stack at sp + 1 slots: {method} {0x000002633bd1d428} 'run' '()V' in 'jdk/internal/misc/InnocuousThread'
stack at sp + 2 slots: 0x0 is NULL
stack at sp + 3 slots: 0x000002633dd38a00 points into unknown readable memory: b0 41 b5 7a fc 7f 00 00
stack at sp + 4 slots: 0x000000cebeafe380 points into unknown readable memory: e0 e3 af be ce 00 00 00
stack at sp + 5 slots: 0x0000000000000040 is an unknown value
stack at sp + 6 slots: 0x000002633dd38a00 points into unknown readable memory: b0 41 b5 7a fc 7f 00 00
stack at sp + 7 slots: 0x000002633dd38988 points into unknown readable memory: c0 41 b5 7a fc 7f 00 00


---------------  P R O C E S S  ---------------

Threads class SMR info:
_java_thread_list=0x000002633d76c980, length=14, elements={
0x000002631de45000, 0x000002633b8f0800, 0x000002633b8e8800, 0x000002633c2a2800,
0x000002633c2a3800, 0x000002633b8fe000, 0x000002633b902000, 0x000002633b918000,
0x000002633c4ed000, 0x000002633c53f800, 0x000002633d606000, 0x000002633d2cb800,
0x000002633d162800, 0x000002633d801000
}

Java Threads: ( => current thread )
  0x000002631de45000 JavaThread "main" [_thread_blocked, id=17152, stack(0x000000cebda00000,0x000000cebdb00000)]
  0x000002633b8f0800 JavaThread "Reference Handler" daemon [_thread_blocked, id=5652, stack(0x000000cebe100000,0x000000cebe200000)]
  0x000002633b8e8800 JavaThread "Finalizer" daemon [_thread_blocked, id=14976, stack(0x000000cebe200000,0x000000cebe300000)]
  0x000002633c2a2800 JavaThread "Signal Dispatcher" daemon [_thread_blocked, id=5248, stack(0x000000cebe300000,0x000000cebe400000)]
  0x000002633c2a3800 JavaThread "Attach Listener" daemon [_thread_blocked, id=17972, stack(0x000000cebe400000,0x000000cebe500000)]
  0x000002633b8fe000 JavaThread "C2 CompilerThread0" daemon [_thread_blocked, id=10116, stack(0x000000cebe500000,0x000000cebe600000)]
  0x000002633b902000 JavaThread "C1 CompilerThread0" daemon [_thread_blocked, id=8972, stack(0x000000cebe600000,0x000000cebe700000)]
  0x000002633b918000 JavaThread "Sweeper thread" daemon [_thread_blocked, id=2784, stack(0x000000cebe700000,0x000000cebe800000)]
  0x000002633c4ed000 JavaThread "Common-Cleaner" daemon [_thread_blocked, id=15648, stack(0x000000cebe800000,0x000000cebe900000)]
  0x000002633c53f800 JavaThread "Service Thread" daemon [_thread_blocked, id=8036, stack(0x000000cebe900000,0x000000cebea00000)]
  0x000002633d606000 JavaThread "RMI TCP Accept-0" daemon [_thread_in_native, id=16804, stack(0x000000cebeb00000,0x000000cebec00000)]
  0x000002633d2cb800 JavaThread "RMI TCP Accept-50092" daemon [_thread_in_native, id=7216, stack(0x000000cebec00000,0x000000cebed00000)]
  0x000002633d162800 JavaThread "RMI TCP Accept-0" daemon [_thread_in_native, id=10640, stack(0x000000cebed00000,0x000000cebee00000)]
  0x000002633d801000 JavaThread "C2 CompilerThread1" daemon [_thread_blocked, id=13076, stack(0x000000cebef00000,0x000000cebf000000)]

Other Threads:
  0x000002633b8bb800 VMThread "VM Thread" [stack: 0x000000cebe000000,0x000000cebe100000] [id=3824]
  0x000002633d41a000 WatcherThread [stack: 0x000000cebee00000,0x000000cebef00000] [id=1544]
  0x000002631de5d000 GCTaskThread "GC Thread#0" [stack: 0x000000cebdb00000,0x000000cebdc00000] [id=2412]
=>0x000002633ceca000 GCTaskThread "GC Thread#1" [stack: 0x000000cebea00000,0x000000cebeb00000] [id=3628]
  0x000002631de78000 ConcurrentGCThread "G1 Main Marker" [stack: 0x000000cebdc00000,0x000000cebdd00000] [id=15032]
  0x000002631de7a800 ConcurrentGCThread "G1 Conc#0" [stack: 0x000000cebdd00000,0x000000cebde00000] [id=10728]
  0x000002631dec0800 ConcurrentGCThread "G1 Refine#0" [stack: 0x000000cebde00000,0x000000cebdf00000] [id=2356]
  0x000002631dec1800 ConcurrentGCThread "G1 Young RemSet Sampling" [stack: 0x000000cebdf00000,0x000000cebe000000] [id=6860]

Threads with active compile tasks:
C2 CompilerThread01406       4       java.util.jar.JarFile::getJarEntry (9 bytes)
C2 CompilerThread11405       4       java.util.jar.JarFile::getEntry (22 bytes)

VM state:at safepoint (normal execution)

VM Mutex/Monitor currently owned by a thread:  ([mutex/lock_event])
[0x000002631de446b0] Threads_lock - owner thread: 0x000002633b8bb800
[0x000002631de44d70] Heap_lock - owner thread: 0x000002631de45000

Heap address: 0x00000000c4a00000, size: 950 MB, Compressed Oops mode: 32-bit
Narrow klass base: 0x0000000000000000, Narrow klass shift: 3
Compressed class space size: 1073741824 Address: 0x0000000100000000

Heap:
 garbage-first heap   total 61440K, used 34131K [0x00000000c4a00000, 0x0000000100000000)
  region size 1024K, 9 young (9216K), 1 survivors (1024K)
 Metaspace       used 14776K, capacity 15180K, committed 15232K, reserved 1062912K
  class space    used 1477K, capacity 1618K, committed 1664K, reserved 1048576K
Heap Regions: E=young(eden), S=young(survivor), O=old, HS=humongous(starts), HC=humongous(continues), CS=collection set, F=free, A=archive, TAMS=top-at-mark-start (previous, next)
|   0|0x00000000c4a00000, 0x00000000c4b00000, 0x00000000c4b00000|100%|HS|  |TAMS 0x00000000c4a00000, 0x00000000c4a00000| Complete 
|   1|0x00000000c4b00000, 0x00000000c4c00000, 0x00000000c4c00000|100%| O|  |TAMS 0x00000000c4b00000, 0x00000000c4b00000| Untracked 
|   2|0x00000000c4c00000, 0x00000000c4d00000, 0x00000000c4d00000|100%| O|  |TAMS 0x00000000c4c00000, 0x00000000c4c00000| Untracked 
|   3|0x00000000c4d00000, 0x00000000c4e00000, 0x00000000c4e00000|100%| O|  |TAMS 0x00000000c4d00000, 0x00000000c4d00000| Untracked 
|   4|0x00000000c4e00000, 0x00000000c4f00000, 0x00000000c4f00000|100%| O|  |TAMS 0x00000000c4e00000, 0x00000000c4e00000| Untracked 
|   5|0x00000000c4f00000, 0x00000000c5000000, 0x00000000c5000000|100%| O|  |TAMS 0x00000000c4f00000, 0x00000000c4f00000| Untracked 
|   6|0x00000000c5000000, 0x00000000c5100000, 0x00000000c5100000|100%| O|  |TAMS 0x00000000c5000000, 0x00000000c5000000| Untracked 
|   7|0x00000000c5100000, 0x00000000c5200000, 0x00000000c5200000|100%| O|  |TAMS 0x00000000c5100000, 0x00000000c5100000| Untracked 
|   8|0x00000000c5200000, 0x00000000c5300000, 0x00000000c5300000|100%| O|  |TAMS 0x00000000c5200000, 0x00000000c5200000| Untracked 
|   9|0x00000000c5300000, 0x00000000c5400000, 0x00000000c5400000|100%| O|  |TAMS 0x00000000c5300000, 0x00000000c5300000| Untracked 
|  10|0x00000000c5400000, 0x00000000c5500000, 0x00000000c5500000|100%| O|  |TAMS 0x00000000c5400000, 0x00000000c5400000| Untracked 
|  11|0x00000000c5500000, 0x00000000c5600000, 0x00000000c5600000|100%| O|  |TAMS 0x00000000c5500000, 0x00000000c5500000| Untracked 
|  12|0x00000000c5600000, 0x00000000c5700000, 0x00000000c5700000|100%| O|  |TAMS 0x00000000c5600000, 0x00000000c5600000| Untracked 
|  13|0x00000000c5700000, 0x00000000c5800000, 0x00000000c5800000|100%| O|  |TAMS 0x00000000c5700000, 0x00000000c5700000| Untracked 
|  14|0x00000000c5800000, 0x00000000c5900000, 0x00000000c5900000|100%| O|  |TAMS 0x00000000c5800000, 0x00000000c5800000| Untracked 
|  15|0x00000000c5900000, 0x00000000c5a00000, 0x00000000c5a00000|100%| O|  |TAMS 0x00000000c5900000, 0x00000000c5900000| Untracked 
|  16|0x00000000c5a00000, 0x00000000c5b00000, 0x00000000c5b00000|100%| O|  |TAMS 0x00000000c5a00000, 0x00000000c5a00000| Untracked 
|  17|0x00000000c5b00000, 0x00000000c5c00000, 0x00000000c5c00000|100%| O|  |TAMS 0x00000000c5b00000, 0x00000000c5b00000| Untracked 
|  18|0x00000000c5c00000, 0x00000000c5d00000, 0x00000000c5d00000|100%| O|  |TAMS 0x00000000c5c00000, 0x00000000c5c00000| Untracked 
|  19|0x00000000c5d00000, 0x00000000c5e00000, 0x00000000c5e00000|100%| O|  |TAMS 0x00000000c5d00000, 0x00000000c5d00000| Untracked 
|  20|0x00000000c5e00000, 0x00000000c5f00000, 0x00000000c5f00000|100%| O|  |TAMS 0x00000000c5e00000, 0x00000000c5e00000| Untracked 
|  21|0x00000000c5f00000, 0x00000000c6000000, 0x00000000c6000000|100%| O|  |TAMS 0x00000000c5f00000, 0x00000000c5f00000| Untracked 
|  22|0x00000000c6000000, 0x00000000c6100000, 0x00000000c6100000|100%| O|  |TAMS 0x00000000c6000000, 0x00000000c6000000| Untracked 
|  23|0x00000000c6100000, 0x00000000c6200000, 0x00000000c6200000|100%| O|  |TAMS 0x00000000c6100000, 0x00000000c6100000| Untracked 
|  24|0x00000000c6200000, 0x00000000c6300000, 0x00000000c6300000|100%| O|  |TAMS 0x00000000c6200000, 0x00000000c6200000| Untracked 
|  25|0x00000000c6300000, 0x00000000c636fad0, 0x00000000c6400000| 43%| O|  |TAMS 0x00000000c6300000, 0x00000000c6300000| Untracked 
|  26|0x00000000c6400000, 0x00000000c6400000, 0x00000000c6500000|  0%| F|  |TAMS 0x00000000c6400000, 0x00000000c6400000| Untracked 
|  27|0x00000000c6500000, 0x00000000c6500000, 0x00000000c6600000|  0%| F|  |TAMS 0x00000000c6500000, 0x00000000c6500000| Untracked 
|  28|0x00000000c6600000, 0x00000000c6600000, 0x00000000c6700000|  0%| F|  |TAMS 0x00000000c6600000, 0x00000000c6600000| Untracked 
|  29|0x00000000c6700000, 0x00000000c6700000, 0x00000000c6800000|  0%| F|  |TAMS 0x00000000c6700000, 0x00000000c6700000| Untracked 
|  30|0x00000000c6800000, 0x00000000c6800000, 0x00000000c6900000|  0%| F|  |TAMS 0x00000000c6800000, 0x00000000c6800000| Untracked 
|  31|0x00000000c6900000, 0x00000000c6900000, 0x00000000c6a00000|  0%| F|  |TAMS 0x00000000c6900000, 0x00000000c6900000| Untracked 
|  32|0x00000000c6a00000, 0x00000000c6a00000, 0x00000000c6b00000|  0%| F|  |TAMS 0x00000000c6a00000, 0x00000000c6a00000| Untracked 
|  33|0x00000000c6b00000, 0x00000000c6b00000, 0x00000000c6c00000|  0%| F|  |TAMS 0x00000000c6b00000, 0x00000000c6b00000| Untracked 
|  34|0x00000000c6c00000, 0x00000000c6c00000, 0x00000000c6d00000|  0%| F|  |TAMS 0x00000000c6c00000, 0x00000000c6c00000| Untracked 
|  35|0x00000000c6d00000, 0x00000000c6d00000, 0x00000000c6e00000|  0%| F|  |TAMS 0x00000000c6d00000, 0x00000000c6d00000| Untracked 
|  36|0x00000000c6e00000, 0x00000000c6e00000, 0x00000000c6f00000|  0%| F|  |TAMS 0x00000000c6e00000, 0x00000000c6e00000| Untracked 
|  37|0x00000000c6f00000, 0x00000000c6f00000, 0x00000000c7000000|  0%| F|  |TAMS 0x00000000c6f00000, 0x00000000c6f00000| Untracked 
|  38|0x00000000c7000000, 0x00000000c7000000, 0x00000000c7100000|  0%| F|  |TAMS 0x00000000c7000000, 0x00000000c7000000| Untracked 
|  39|0x00000000c7100000, 0x00000000c7100000, 0x00000000c7200000|  0%| F|  |TAMS 0x00000000c7100000, 0x00000000c7100000| Untracked 
|  40|0x00000000c7200000, 0x00000000c7200000, 0x00000000c7300000|  0%| F|  |TAMS 0x00000000c7200000, 0x00000000c7200000| Untracked 
|  41|0x00000000c7300000, 0x00000000c7300000, 0x00000000c7400000|  0%| F|  |TAMS 0x00000000c7300000, 0x00000000c7300000| Untracked 
|  42|0x00000000c7400000, 0x00000000c7400000, 0x00000000c7500000|  0%| F|  |TAMS 0x00000000c7400000, 0x00000000c7400000| Untracked 
|  43|0x00000000c7500000, 0x00000000c7500000, 0x00000000c7600000|  0%| F|  |TAMS 0x00000000c7500000, 0x00000000c7500000| Untracked 
|  44|0x00000000c7600000, 0x00000000c7600000, 0x00000000c7700000|  0%| F|  |TAMS 0x00000000c7600000, 0x00000000c7600000| Untracked 
|  45|0x00000000c7700000, 0x00000000c7700000, 0x00000000c7800000|  0%| F|  |TAMS 0x00000000c7700000, 0x00000000c7700000| Untracked 
|  46|0x00000000c7800000, 0x00000000c7900000, 0x00000000c7900000|100%| E|CS|TAMS 0x00000000c7800000, 0x00000000c7800000| Complete 
|  47|0x00000000c7900000, 0x00000000c7a00000, 0x00000000c7a00000|100%| E|CS|TAMS 0x00000000c7900000, 0x00000000c7900000| Complete 
|  48|0x00000000c7a00000, 0x00000000c7a00000, 0x00000000c7b00000|  0%| F|  |TAMS 0x00000000c7a00000, 0x00000000c7a00000| Untracked 
|  49|0x00000000c7b00000, 0x00000000c7b00000, 0x00000000c7c00000|  0%| F|  |TAMS 0x00000000c7b00000, 0x00000000c7b00000| Untracked 
|  50|0x00000000c7c00000, 0x00000000c7c00000, 0x00000000c7d00000|  0%| F|  |TAMS 0x00000000c7c00000, 0x00000000c7c00000| Untracked 
|  51|0x00000000c7d00000, 0x00000000c7d872b0, 0x00000000c7e00000| 52%| S|  |TAMS 0x00000000c7d00000, 0x00000000c7d00000| Complete 
|  52|0x00000000c7e00000, 0x00000000c7f00000, 0x00000000c7f00000|100%| E|CS|TAMS 0x00000000c7e00000, 0x00000000c7e00000| Complete 
|  53|0x00000000c7f00000, 0x00000000c8000000, 0x00000000c8000000|100%| E|CS|TAMS 0x00000000c7f00000, 0x00000000c7f00000| Complete 
|  54|0x00000000c8000000, 0x00000000c8100000, 0x00000000c8100000|100%| E|CS|TAMS 0x00000000c8000000, 0x00000000c8000000| Complete 
|  55|0x00000000c8100000, 0x00000000c8200000, 0x00000000c8200000|100%| E|CS|TAMS 0x00000000c8100000, 0x00000000c8100000| Complete 
|  56|0x00000000c8200000, 0x00000000c8300000, 0x00000000c8300000|100%| E|CS|TAMS 0x00000000c8200000, 0x00000000c8200000| Complete 
|  57|0x00000000c8300000, 0x00000000c8400000, 0x00000000c8400000|100%| E|CS|TAMS 0x00000000c8300000, 0x00000000c8300000| Complete 
|  58|0x00000000c8400000, 0x00000000c8500000, 0x00000000c8500000|100%| E|CS|TAMS 0x00000000c8400000, 0x00000000c8400000| Complete 
|  59|0x00000000c8500000, 0x00000000c8600000, 0x00000000c8600000|100%| E|CS|TAMS 0x00000000c8500000, 0x00000000c8500000| Complete 

Card table byte_map: [0x0000026337150000,0x0000026337330000] _byte_map_base: 0x0000026336b2b000

Marking Bits (Prev, Next): (CMBitMap*) 0x000002631de737d8, (CMBitMap*) 0x000002631de73810
 Prev Bits: [0x0000026337510000, 0x00000263383e8000)
 Next Bits: [0x00000263383f0000, 0x00000263392c8000)

Polling page: 0x000002631dca0000

Metaspace:

Usage:
  Non-class:     13.24 MB capacity,    12.99 MB ( 98%) used,   228.80 KB (  2%) free+waste,    34.44 KB ( <1%) overhead. 
      Class:      1.58 MB capacity,     1.44 MB ( 91%) used,   123.46 KB (  8%) free+waste,    16.56 KB (  1%) overhead. 
       Both:     14.82 MB capacity,    14.43 MB ( 97%) used,   352.26 KB (  2%) free+waste,    51.00 KB ( <1%) overhead. 

Virtual space:
  Non-class space:       14.00 MB reserved,      13.25 MB ( 95%) committed 
      Class space:        1.00 GB reserved,       1.63 MB ( <1%) committed 
             Both:        1.01 GB reserved,      14.88 MB (  1%) committed 

Chunk freelists:
   Non-Class:  768 bytes
       Class:  1.75 KB
        Both:  2.50 KB

CodeHeap 'non-profiled nmethods': size=120064Kb used=523Kb max_used=523Kb free=119540Kb
 bounds [0x000002632f410000, 0x000002632f680000, 0x0000026336950000]
CodeHeap 'profiled nmethods': size=120000Kb used=2827Kb max_used=2827Kb free=117172Kb
 bounds [0x0000026327ee0000, 0x00000263281b0000, 0x000002632f410000]
CodeHeap 'non-nmethods': size=5696Kb used=1115Kb max_used=1155Kb free=4580Kb
 bounds [0x0000026327950000, 0x0000026327bc0000, 0x0000026327ee0000]
 total_blobs=2171 nmethods=1431 adapters=340
 compilation: enabled
              stopped_count=0, restarted_count=0
 full_count=0

Compilation events (10 events):
Event: 5.176 Thread 0x000002633b902000 1434   !   3       java.lang.StringCoding::decode (165 bytes)
Event: 5.179 Thread 0x000002633b902000 nmethod 1434 0x000002632819da10 code [0x000002632819dde0, 0x000002632819f6e0]
Event: 5.179 Thread 0x000002633b902000 1435       3       java.lang.String::<init> (127 bytes)
Event: 5.179 Thread 0x000002633b902000 nmethod 1435 0x00000263281a0090 code [0x00000263281a02a0, 0x00000263281a0810]
Event: 5.179 Thread 0x000002633b902000 1436       3       java.util.jar.Attributes::putValue (13 bytes)
Event: 5.180 Thread 0x000002633b902000 nmethod 1436 0x00000263281a0a10 code [0x00000263281a0c80, 0x00000263281a1730]
Event: 5.180 Thread 0x000002633b902000 1437       3       java.util.jar.Attributes$Name::of (28 bytes)
Event: 5.181 Thread 0x000002633b902000 nmethod 1437 0x00000263281a1a90 code [0x00000263281a1cc0, 0x00000263281a23c0]
Event: 5.181 Thread 0x000002633b902000 1438       3       java.util.jar.Attributes::put (18 bytes)
Event: 5.182 Thread 0x000002633b902000 nmethod 1438 0x00000263281a2610 code [0x00000263281a27e0, 0x00000263281a2bd0]

GC Heap History (7 events):
Event: 2.015 GC heap before
{Heap before GC invocations=0 (full 0):
 garbage-first heap   total 61440K, used 14336K [0x00000000c4a00000, 0x0000000100000000)
  region size 1024K, 14 young (14336K), 0 survivors (0K)
 Metaspace       used 6411K, capacity 6494K, committed 6784K, reserved 1056768K
  class space    used 543K, capacity 567K, committed 640K, reserved 1048576K
}
Event: 2.033 GC heap after
{Heap after GC invocations=1 (full 0):
 garbage-first heap   total 61440K, used 12008K [0x00000000c4a00000, 0x0000000100000000)
  region size 1024K, 2 young (2048K), 2 survivors (2048K)
 Metaspace       used 6411K, capacity 6494K, committed 6784K, reserved 1056768K
  class space    used 543K, capacity 567K, committed 640K, reserved 1048576K
}
Event: 2.200 GC heap before
{Heap before GC invocations=1 (full 0):
 garbage-first heap   total 61440K, used 19176K [0x00000000c4a00000, 0x0000000100000000)
  region size 1024K, 10 young (10240K), 2 survivors (2048K)
 Metaspace       used 6450K, capacity 6494K, committed 6784K, reserved 1056768K
  class space    used 543K, capacity 567K, committed 640K, reserved 1048576K
}
Event: 2.208 GC heap after
{Heap after GC invocations=2 (full 0):
 garbage-first heap   total 61440K, used 20200K [0x00000000c4a00000, 0x0000000100000000)
  region size 1024K, 2 young (2048K), 2 survivors (2048K)
 Metaspace       used 6450K, capacity 6494K, committed 6784K, reserved 1056768K
  class space    used 543K, capacity 567K, committed 640K, reserved 1048576K
}
Event: 4.595 GC heap before
{Heap before GC invocations=2 (full 0):
 garbage-first heap   total 61440K, used 29416K [0x00000000c4a00000, 0x0000000100000000)
  region size 1024K, 12 young (12288K), 2 survivors (2048K)
 Metaspace       used 12493K, capacity 12806K, committed 12928K, reserved 1060864K
  class space    used 1244K, capacity 1354K, committed 1408K, reserved 1048576K
}
Event: 4.604 GC heap after
{Heap after GC invocations=3 (full 0):
 garbage-first heap   total 61440K, used 25939K [0x00000000c4a00000, 0x0000000100000000)
  region size 1024K, 2 young (2048K), 2 survivors (2048K)
 Metaspace       used 12493K, capacity 12806K, committed 12928K, reserved 1060864K
  class space    used 1244K, capacity 1354K, committed 1408K, reserved 1048576K
}
Event: 5.182 GC heap before
{Heap before GC invocations=3 (full 0):
 garbage-first heap   total 61440K, used 33107K [0x00000000c4a00000, 0x0000000100000000)
  region size 1024K, 10 young (10240K), 2 survivors (2048K)
 Metaspace       used 14776K, capacity 15180K, committed 15232K, reserved 1062912K
  class space    used 1477K, capacity 1618K, committed 1664K, reserved 1048576K
}

Deoptimization events (10 events):
Event: 4.571 Thread 0x000002631de45000 Uncommon trap: reason=unstable_if action=reinterpret pc=0x000002632f411c10 method=java.lang.String.isLatin1()Z @ 10 c2
Event: 4.629 Thread 0x000002631de45000 Uncommon trap: reason=unstable_if action=reinterpret pc=0x000002632f469014 method=java.util.HashMap.getNode(ILjava/lang/Object;)Ljava/util/HashMap$Node; @ 62 c2
Event: 4.629 Thread 0x000002631de45000 Uncommon trap: reason=bimorphic_or_optimized_type_check action=maybe_recompile pc=0x000002632f4623ac method=java.util.HashMap.putVal(ILjava/lang/Object;Ljava/lang/Object;ZZ)Ljava/lang/Object; @ 91 c2
Event: 4.812 Thread 0x000002631de45000 Uncommon trap: reason=unstable_if action=reinterpret pc=0x000002632f47f768 method=java.io.BufferedReader.read()I @ 19 c2
Event: 4.813 Thread 0x000002631de45000 Uncommon trap: reason=unstable_if action=reinterpret pc=0x000002632f47fe70 method=java.io.BufferedReader.read()I @ 19 c2
Event: 4.974 Thread 0x000002631de45000 Uncommon trap: reason=unstable_if action=reinterpret pc=0x000002632f429a90 method=java.lang.StringLatin1.canEncode(I)Z @ 4 c2
Event: 4.974 Thread 0x000002631de45000 Uncommon trap: reason=unstable_if action=reinterpret pc=0x000002632f43086c method=java.lang.AbstractStringBuilder.isLatin1()Z @ 10 c2
Event: 4.974 Thread 0x000002631de45000 Uncommon trap: reason=unstable_if action=reinterpret pc=0x000002632f4536f8 method=java.lang.AbstractStringBuilder.isLatin1()Z @ 10 c2
Event: 4.991 Thread 0x000002631de45000 Uncommon trap: reason=unstable_if action=reinterpret pc=0x000002632f4264d4 method=java.lang.StringLatin1.canEncode(I)Z @ 4 c2
Event: 5.084 Thread 0x000002631de45000 Uncommon trap: reason=unstable_if action=reinterpret pc=0x000002632f47d9dc method=java.util.jar.Manifest$FastInputStream.readLine([BII)I @ 90 c2

Classes redefined (0 events):
No events

Internal exceptions (10 events):
Event: 4.428 Thread 0x000002631de45000 Exception <a 'java/lang/NoSuchMethodError'{0x00000000c7be0678}: java.lang.invoke.DirectMethodHandle$Holder.invokeStaticInit(Ljava/lang/Object;Ljava/lang/Object;IIII)Ljava/lang/Object;> (0x00000000c7be0678) thrown at [t:/workspace/open/src/hotspot/share/in
Event: 4.466 Thread 0x000002631de45000 Exception <a 'java/lang/ClassNotFoundException'{0x00000000c7bfde50}: javax/management/remote/rmi/RMIServerImpl_Skel> (0x00000000c7bfde50) thrown at [t:/workspace/open/src/hotspot/share/classfile/systemDictionary.cpp, line 231]
Event: 4.577 Thread 0x000002631de45000 Exception <a 'java/lang/ClassNotFoundException'{0x00000000c7ab9fd0}: jdk/internal/agent/resources/spi/agentProvider> (0x00000000c7ab9fd0) thrown at [t:/workspace/open/src/hotspot/share/classfile/systemDictionary.cpp, line 231]
Event: 4.608 Thread 0x000002631de45000 Exception <a 'java/lang/NoSuchMethodError'{0x00000000c850fed0}: java.lang.invoke.DirectMethodHandle$Holder.invokeStatic(Ljava/lang/Object;Ljava/lang/Object;Ljava/lang/Object;Ljava/lang/Object;Ljava/lang/Object;Ljava/lang/Object;Ljava/lang/Object;Ljava/lan
Event: 4.611 Thread 0x000002631de45000 Exception <a 'java/lang/NoSuchMethodError'{0x00000000c851c6f0}: java.lang.invoke.DirectMethodHandle$Holder.invokeStatic(Ljava/lang/Object;Ljava/lang/Object;Ljava/lang/Object;Ljava/lang/Object;Ljava/lang/Object;Ljava/lang/Object;Ljava/lang/Object;Ljava/lan
Event: 4.616 Thread 0x000002631de45000 Exception <a 'java/lang/NoSuchMethodError'{0x00000000c8536420}: java.lang.invoke.DelegatingMethodHandle$Holder.reinvoke_L(Ljava/lang/Object;ILjava/lang/Object;)Ljava/lang/Object;> (0x00000000c8536420) thrown at [t:/workspace/open/src/hotspot/share/interpr
Event: 4.827 Thread 0x000002631de45000 Exception <a 'java/lang/ClassNotFoundException'{0x00000000c83bd3f8}: javax/smartcardio/CardPermission> (0x00000000c83bd3f8) thrown at [t:/workspace/open/src/hotspot/share/classfile/systemDictionary.cpp, line 231]
Event: 4.834 Thread 0x000002631de45000 Exception <a 'java/io/FileNotFoundException'{0x00000000c83cb7a0}> (0x00000000c83cb7a0) thrown at [t:/workspace/open/src/hotspot/share/prims/jni.cpp, line 615]
Event: 5.147 Thread 0x000002631de45000 Exception <a 'java/lang/NoSuchMethodError'{0x00000000c7e7bf68}: java.lang.invoke.DirectMethodHandle$Holder.invokeSpecialIFC(Ljava/lang/Object;Ljava/lang/Object;Ljava/lang/Object;Ljava/lang/Object;)Ljava/lang/Object;> (0x00000000c7e7bf68) thrown at [t:/wor
Event: 5.169 Thread 0x000002631de45000 Exception <a 'java/lang/NoSuchMethodError'{0x00000000c7ec86c0}: java.lang.invoke.DirectMethodHandle$Holder.invokeVirtual(Ljava/lang/Object;Ljava/lang/Object;Ljava/lang/Object;)I> (0x00000000c7ec86c0) thrown at [t:/workspace/open/src/hotspot/share/interpre

Events (10 events):
Event: 5.170 loading class org/springframework/util/ObjectUtils done
Event: 5.172 loading class org/springframework/context/ApplicationContextInitializer
Event: 5.172 loading class org/springframework/context/ApplicationContextInitializer done
Event: 5.174 loading class org/springframework/boot/devtools/restart/RestartScopeInitializer
Event: 5.174 loading class org/springframework/boot/devtools/restart/RestartScopeInitializer done
Event: 5.178 loading class org/springframework/beans/factory/config/Scope
Event: 5.178 loading class org/springframework/beans/factory/config/Scope done
Event: 5.181 loading class org/springframework/beans/BeanUtils
Event: 5.181 loading class org/springframework/beans/BeanUtils done
Event: 5.182 Executing VM operation: G1CollectForAllocation


Dynamic libraries:
0x00007ff7aa6f0000 - 0x00007ff7aa737000 	C:\Program Files\Java\jdk-11.0.6\bin\javaw.exe
0x00007ffcd93d0000 - 0x00007ffcd95c5000 	C:\WINDOWS\SYSTEM32\ntdll.dll
0x00007ffcce660000 - 0x00007ffcce675000 	C:\Program Files\AVAST Software\Avast\aswhook.dll
0x00007ffcd9200000 - 0x00007ffcd92be000 	C:\WINDOWS\System32\KERNEL32.DLL
0x00007ffcd6cf0000 - 0x00007ffcd6fb8000 	C:\WINDOWS\System32\KERNELBASE.dll
0x00007ffcd4300000 - 0x00007ffcd4390000 	C:\WINDOWS\SYSTEM32\apphelp.dll
0x00007ffc7d750000 - 0x00007ffc7dbe4000 	C:\WINDOWS\SYSTEM32\AcLayers.DLL
0x00007ffcd8930000 - 0x00007ffcd89ce000 	C:\WINDOWS\System32\msvcrt.dll
0x00007ffcd8700000 - 0x00007ffcd88a0000 	C:\WINDOWS\System32\USER32.dll
0x00007ffcd7370000 - 0x00007ffcd7392000 	C:\WINDOWS\System32\win32u.dll
0x00007ffcd8410000 - 0x00007ffcd843b000 	C:\WINDOWS\System32\GDI32.dll
0x00007ffcd6b40000 - 0x00007ffcd6c4b000 	C:\WINDOWS\System32\gdi32full.dll
0x00007ffcd7120000 - 0x00007ffcd71bd000 	C:\WINDOWS\System32\msvcp_win.dll
0x00007ffcd7270000 - 0x00007ffcd7370000 	C:\WINDOWS\System32\ucrtbase.dll
0x00007ffcd7580000 - 0x00007ffcd75d5000 	C:\WINDOWS\System32\SHLWAPI.dll
0x00007ffcd8120000 - 0x00007ffcd81ce000 	C:\WINDOWS\System32\ADVAPI32.dll
0x00007ffcd8370000 - 0x00007ffcd840c000 	C:\WINDOWS\System32\sechost.dll
0x00007ffcd8520000 - 0x00007ffcd8645000 	C:\WINDOWS\System32\RPCRT4.dll
0x000002631dc10000 - 0x000002631dc13000 	C:\WINDOWS\SYSTEM32\sfc.dll
0x00007ffcabe50000 - 0x00007ffcabee4000 	C:\WINDOWS\SYSTEM32\WINSPOOL.DRV
0x00007ffcc11a0000 - 0x00007ffcc11b2000 	C:\WINDOWS\SYSTEM32\sfc_os.DLL
0x00007ffcd7430000 - 0x00007ffcd7460000 	C:\WINDOWS\System32\IMM32.DLL
0x00007ffcc77f0000 - 0x00007ffcc7a8a000 	C:\WINDOWS\WinSxS\amd64_microsoft.windows.common-controls_6595b64144ccf1df_6.0.19041.1110_none_60b5254171f9507e\COMCTL32.dll
0x00007ffccef90000 - 0x00007ffccef9a000 	C:\WINDOWS\SYSTEM32\VERSION.dll
0x00007ffcce510000 - 0x00007ffcce526000 	C:\Program Files\Java\jdk-11.0.6\bin\vcruntime140.dll
0x00007ffca5810000 - 0x00007ffca58ba000 	C:\Program Files\Java\jdk-11.0.6\bin\msvcp140.dll
0x00007ffc7a2d0000 - 0x00007ffc7adf9000 	C:\Program Files\Java\jdk-11.0.6\bin\server\jvm.dll
0x00007ffcd8110000 - 0x00007ffcd8118000 	C:\WINDOWS\System32\PSAPI.DLL
0x00007ffcc4200000 - 0x00007ffcc4209000 	C:\WINDOWS\SYSTEM32\WSOCK32.dll
0x00007ffcb76c0000 - 0x00007ffcb76e7000 	C:\WINDOWS\SYSTEM32\WINMM.dll
0x00007ffcd92c0000 - 0x00007ffcd932b000 	C:\WINDOWS\System32\WS2_32.dll
0x00007ffcd49c0000 - 0x00007ffcd49d2000 	C:\WINDOWS\SYSTEM32\kernel.appcore.dll
0x00007ffccafc0000 - 0x00007ffccafd1000 	C:\Program Files\Java\jdk-11.0.6\bin\verify.dll
0x00007ffcc9ca0000 - 0x00007ffcc9e84000 	C:\WINDOWS\SYSTEM32\DBGHELP.DLL
0x00007ffccba90000 - 0x00007ffccbabc000 	C:\WINDOWS\SYSTEM32\dbgcore.DLL
0x00007ffcd73a0000 - 0x00007ffcd7422000 	C:\WINDOWS\System32\bcryptPrimitives.dll
0x00007ffcc8480000 - 0x00007ffcc84a9000 	C:\Program Files\Java\jdk-11.0.6\bin\java.dll
0x00007ffccafa0000 - 0x00007ffccafb6000 	C:\Program Files\Java\jdk-11.0.6\bin\zip.dll
0x00007ffcd0e40000 - 0x00007ffcd0e4a000 	C:\Program Files\Java\jdk-11.0.6\bin\jimage.dll
0x00007ffcd8ab0000 - 0x00007ffcd91f4000 	C:\WINDOWS\System32\SHELL32.dll
0x00007ffcd4bc0000 - 0x00007ffcd5354000 	C:\WINDOWS\SYSTEM32\windows.storage.dll
0x00007ffcd78a0000 - 0x00007ffcd7bf4000 	C:\WINDOWS\System32\combase.dll
0x00007ffcd63a0000 - 0x00007ffcd63cc000 	C:\WINDOWS\SYSTEM32\Wldp.dll
0x00007ffcd7790000 - 0x00007ffcd783d000 	C:\WINDOWS\System32\SHCORE.dll
0x00007ffcd6a30000 - 0x00007ffcd6a4f000 	C:\WINDOWS\SYSTEM32\profapi.dll
0x00007ffcc8740000 - 0x00007ffcc8759000 	C:\Program Files\Java\jdk-11.0.6\bin\net.dll
0x00007ffcd00f0000 - 0x00007ffcd01f9000 	C:\WINDOWS\SYSTEM32\WINHTTP.dll
0x00007ffcd6180000 - 0x00007ffcd61ea000 	C:\WINDOWS\system32\mswsock.dll
0x00007ffcc8720000 - 0x00007ffcc8733000 	C:\Program Files\Java\jdk-11.0.6\bin\nio.dll
0x00007ffcd0db0000 - 0x00007ffcd0db9000 	C:\Program Files\Java\jdk-11.0.6\bin\management.dll
0x00007ffccb0e0000 - 0x00007ffccb0ec000 	C:\Program Files\Java\jdk-11.0.6\bin\management_ext.dll
0x00007ffcbdcc0000 - 0x00007ffcbdcd7000 	C:\WINDOWS\system32\napinsp.dll
0x00007ffcbdca0000 - 0x00007ffcbdcbb000 	C:\WINDOWS\system32\pnrpnsp.dll
0x00007ffcbdc80000 - 0x00007ffcbdc95000 	C:\WINDOWS\system32\wshbth.dll
0x00007ffcd24b0000 - 0x00007ffcd24cd000 	C:\WINDOWS\system32\NLAapi.dll
0x00007ffcd5e90000 - 0x00007ffcd5ecb000 	C:\WINDOWS\SYSTEM32\IPHLPAPI.DLL
0x00007ffcd5ed0000 - 0x00007ffcd5f9a000 	C:\WINDOWS\SYSTEM32\DNSAPI.dll
0x00007ffcd8510000 - 0x00007ffcd8518000 	C:\WINDOWS\System32\NSI.dll
0x00007ffcbdc60000 - 0x00007ffcbdc72000 	C:\WINDOWS\System32\winrnr.dll
0x0000000052930000 - 0x0000000052956000 	C:\Program Files\Bonjour\mdnsNSP.dll
0x00007ffcc7c00000 - 0x00007ffcc7c0a000 	C:\Windows\System32\rasadhlp.dll
0x00007ffccfc90000 - 0x00007ffccfd0f000 	C:\WINDOWS\System32\fwpuclnt.dll
0x00007ffcd6cc0000 - 0x00007ffcd6ce7000 	C:\WINDOWS\System32\bcrypt.dll
0x00007ffcd63e0000 - 0x00007ffcd63f8000 	C:\WINDOWS\SYSTEM32\CRYPTSP.dll
0x00007ffcd5b20000 - 0x00007ffcd5b54000 	C:\WINDOWS\system32\rsaenh.dll
0x00007ffcd69b0000 - 0x00007ffcd69de000 	C:\WINDOWS\SYSTEM32\USERENV.dll
0x00007ffcd6310000 - 0x00007ffcd631c000 	C:\WINDOWS\SYSTEM32\CRYPTBASE.dll
0x00007ffccbae0000 - 0x00007ffccbaf7000 	C:\WINDOWS\SYSTEM32\dhcpcsvc6.DLL
0x00007ffccbac0000 - 0x00007ffccbadd000 	C:\WINDOWS\SYSTEM32\dhcpcsvc.DLL

dbghelp: loaded successfully - version: 4.0.5 - missing functions: none
symbol engine: initialized successfully - sym options: 0x614 - pdb path: .;C:\Program Files\Java\jdk-11.0.6\bin;C:\WINDOWS\SYSTEM32;C:\Program Files\AVAST Software\Avast;C:\WINDOWS\WinSxS\amd64_microsoft.windows.common-controls_6595b64144ccf1df_6.0.19041.1110_none_60b5254171f9507e;C:\Program Files\Java\jdk-11.0.6\bin\server;C:\Program Files\Bonjour

VM Arguments:
jvm_args: -Dcom.sun.management.jmxremote -Dcom.sun.management.jmxremote.port=50092 -Dcom.sun.management.jmxremote.authenticate=false -Dcom.sun.management.jmxremote.ssl=false -Djava.rmi.server.hostname=localhost -Dspring.jmx.enabled=true -Dspring.boot.project.name=cursomc -Dfile.encoding=UTF-8 
java_command: com.jpv.cursomc.CursomcApplication --spring.output.ansi.enabled=always
java_class_path (initial): C:\Users\Jeff\Documents\Curso onLine\SpringBoot, Hibernate, Rest Ionic\cursomc\target\classes;C:\Users\Jeff\.m2\repository\org\springframework\boot\spring-boot-starter-web\2.5.6\spring-boot-starter-web-2.5.6.jar;C:\Users\Jeff\.m2\repository\org\springframework\boot\spring-boot-starter\2.5.6\spring-boot-starter-2.5.6.jar;C:\Users\Jeff\.m2\repository\org\springframework\boot\spring-boot-starter-logging\2.5.6\spring-boot-starter-logging-2.5.6.jar;C:\Users\Jeff\.m2\repository\ch\qos\logback\logback-classic\1.2.6\logback-classic-1.2.6.jar;C:\Users\Jeff\.m2\repository\ch\qos\logback\logback-core\1.2.6\logback-core-1.2.6.jar;C:\Users\Jeff\.m2\repository\org\apache\logging\log4j\log4j-to-slf4j\2.14.1\log4j-to-slf4j-2.14.1.jar;C:\Users\Jeff\.m2\repository\org\apache\logging\log4j\log4j-api\2.14.1\log4j-api-2.14.1.jar;C:\Users\Jeff\.m2\repository\org\slf4j\jul-to-slf4j\1.7.32\jul-to-slf4j-1.7.32.jar;C:\Users\Jeff\.m2\repository\jakarta\annotation\jakarta.annotation-api\1.3.5\jakarta.annotation-api-1.3.5.jar;C:\Users\Jeff\.m2\repository\org\yaml\snakeyaml\1.28\snakeyaml-1.28.jar;C:\Users\Jeff\.m2\repository\org\springframework\boot\spring-boot-starter-json\2.5.6\spring-boot-starter-json-2.5.6.jar;C:\Users\Jeff\.m2\repository\com\fasterxml\jackson\datatype\jackson-datatype-jdk8\2.12.5\jackson-datatype-jdk8-2.12.5.jar;C:\Users\Jeff\.m2\repository\com\fasterxml\jackson\datatype\jackson-datatype-jsr310\2.12.5\jackson-datatype-jsr310-2.12.5.jar;C:\Users\Jeff\.m2\repository\com\fasterxml\jackson\module\jackson-module-parameter-names\2.12.5\jackson-module-parameter-names-2.12.5.jar;C:\Users\Jeff\.m2\repository\org\springframework\boot\spring-boot-starter-tomcat\2.5.6\spring-boot-starter-tomcat-2.5.6.jar;C:\Users\Jeff\.m2\repository\org\apache\tomcat\embed\tomcat-embed-core\9.0.54\tomcat-embed-core-9.0.54.jar;C:\Users\Jeff\.m2\repository\org\apache\tomcat\embed\tomcat-embed-el\9.0.54\tomcat-embed-el-9.0.54.jar;C:\Users\Jeff\.m2\repository\org\apache\tomcat
Launcher Type: SUN_STANDARD

[Global flags]
     intx CICompilerCount                          = 3                                         {product} {ergonomic}
     uint ConcGCThreads                            = 1                                         {product} {ergonomic}
     uint G1ConcRefinementThreads                  = 4                                         {product} {ergonomic}
   size_t G1HeapRegionSize                         = 1048576                                   {product} {ergonomic}
    uintx GCDrainStackTargetSize                   = 64                                        {product} {ergonomic}
   size_t InitialHeapSize                          = 62914560                                  {product} {ergonomic}
     bool ManagementServer                         = true                                      {product} {command line}
   size_t MarkStackSize                            = 4194304                                   {product} {ergonomic}
   size_t MaxHeapSize                              = 996147200                                 {product} {ergonomic}
   size_t MaxNewSize                               = 597688320                                 {product} {ergonomic}
   size_t MinHeapDeltaBytes                        = 1048576                                   {product} {ergonomic}
    uintx NonNMethodCodeHeapSize                   = 5830732                                {pd product} {ergonomic}
    uintx NonProfiledCodeHeapSize                  = 122913754                              {pd product} {ergonomic}
    uintx ProfiledCodeHeapSize                     = 122913754                              {pd product} {ergonomic}
    uintx ReservedCodeCacheSize                    = 251658240                              {pd product} {ergonomic}
     bool SegmentedCodeCache                       = true                                      {product} {ergonomic}
     bool UseCompressedClassPointers               = true                                 {lp64_product} {ergonomic}
     bool UseCompressedOops                        = true                                 {lp64_product} {ergonomic}
     bool UseG1GC                                  = true                                      {product} {ergonomic}
     bool UseLargePagesIndividualAllocation        = false                                  {pd product} {ergonomic}

Logging:
Log output configuration:
 #0: stdout all=warning uptime,level,tags
 #1: stderr all=off uptime,level,tags

Environment Variables:
JAVA_HOME=C:\Program Files\Java\jdk-11.0.6
PATH=C:/Users/Jeff/eclipse/jee-2020-03/sts-4.13.0.RELEASE//plugins/org.eclipse.justj.openjdk.hotspot.jre.full.win32.x86_64_17.0.1.v20211116-1657/jre/bin/server;C:/Users/Jeff/eclipse/jee-2020-03/sts-4.13.0.RELEASE//plugins/org.eclipse.justj.openjdk.hotspot.jre.full.win32.x86_64_17.0.1.v20211116-1657/jre/bin;C:\Python39\Scripts\;C:\Python39\;C:\Program Files (x86)\Common Files\Intel\Shared Files\cpp\bin\Intel64;C:\Program Files (x86)\Intel\iCLS Client\;C:\Program Files\Intel\iCLS Client\;C:\WINDOWS\system32;C:\WINDOWS;C:\WINDOWS\System32\Wbem;C:\WINDOWS\System32\WindowsPowerShell\v1.0\;C:\Program Files\Intel\Intel(R) Management Engine Components\DAL;C:\Program Files\Intel\Intel(R) Management Engine Components\IPT;C:\Program Files (x86)\Intel\Intel(R) Management Engine Components\DAL;C:\Program Files (x86)\Intel\Intel(R) Management Engine Components\IPT;C:\Program Files (x86)\Common Files\Roxio Shared\DLLShared\;C:\Program Files (x86)\Common Files\Roxio Shared\9.0\DLLShared\;C:\Program Files (x86)\Skype\Phone\;C:\WINDOWS\System32\OpenSSH\;C:\Program Files\Java\jdk-11.0.6\bin;C:\Users\Jeff\Documents\Curso onLine\Selenium webDriver\geckoDriver;C:\Program Files\Git\cmd;C:\Program Files\nodejs\;C:\ProgramData\chocolatey\bin;C:\Program Files\MongoDB\Server\5.0\bin;C:\Program Files\Microsoft SQL Server\Client SDK\ODBC\170\Tools\Binn\;C:\Program Files (x86)\Microsoft SQL Server\150\Tools\Binn\;C:\Program Files\Microsoft SQL Server\150\Tools\Binn\;C:\Program Files\Microsoft SQL Server\150\DTS\Binn\;C:\Program Files\Azure Data Studio\bin;C:\Program Files\MySQL\MySQL Server 8.0\bin;C:\Program Files\MySQL\MySQL Shell 8.0\bin\;C:\Users\Jeff\AppData\Local\Microsoft\WindowsApps;C:\Users\Jeff\Documents\Curso onLine\Selenium webDriver\Maven\apache-maven-3.6.3\bin;C:\Users\Jeff\AppData\Local\Microsoft\WindowsApps;C:\Users\Jeff\AppData\Local\Programs\Microsoft VS Code\bin;C:\Program Files\heroku\bin;C:\Users\Jeff\AppData\Roaming\npm;C:\Users\Jeff\AppData\Local\atom\bin;;C:\Program Files\Az
USERNAME=Jeff
OS=Windows_NT
PROCESSOR_IDENTIFIER=Intel64 Family 6 Model 58 Stepping 9, GenuineIntel



---------------  S Y S T E M  ---------------

OS: Windows 10 , 64 bit Build 19041 (10.0.19041.1566)

CPU:total 4 (initial active 4) (2 cores per cpu, 2 threads per core) family 6 model 58 stepping 9, cmov, cx8, fxsr, mmx, sse, sse2, sse3, ssse3, sse4.1, sse4.2, popcnt, avx, clmul, erms, ht, tsc, tscinvbit, tscinv

Memory: 4k page, system-wide physical 3797M (403M free)
TotalPageFile size 10734M (AvailPageFile size 4206M)
current process WorkingSet (physical memory assigned to process): 112M, peak: 112M
current process commit charge ("private bytes"): 170M, peak: 170M

vm_info: Java HotSpot(TM) 64-Bit Server VM (11.0.6+8-LTS) for windows-amd64 JRE (11.0.6+8-LTS), built on Dec 11 2019 09:17:57 by "mach5one" with MS VC++ 15.5 (VS2017)

END.
